<?xml version="1.0" encoding="UTF-8" ?>
<testsuite errors="0" failures="0" hostname="roguez" name="unit.test.LanguageDAO.LanguageTest" skipped="0" tests="12" time="3.267" timestamp="2024-06-24T05:42:41">
  <properties>
    <property name="" value="======" />
    <property name="libs.spring-framework300.classpath" value="C:\Program Files\NetBeans-19\netbeans\platform\modules\org-apache-commons-logging.jar;C:\Program Files\NetBeans-19\netbeans\java\modules\ext\cglib-2.2.jar;C:\Program Files\NetBeans-19\netbeans\java\modules\ext\spring-3.0\spring-aop-3.2.18.RELEASE.jar;C:\Program Files\NetBeans-19\netbeans\java\modules\ext\spring-3.0\spring-aspects-3.2.18.RELEASE.jar;C:\Program Files\NetBeans-19\netbeans\java\modules\ext\spring-3.0\spring-beans-3.2.18.RELEASE.jar;C:\Program Files\NetBeans-19\netbeans\java\modules\ext\spring-3.0\spring-context-3.2.18.RELEASE.jar;C:\Program Files\NetBeans-19\netbeans\java\modules\ext\spring-3.0\spring-context-support-3.2.18.RELEASE.jar;C:\Program Files\NetBeans-19\netbeans\java\modules\ext\spring-3.0\spring-core-3.2.18.RELEASE.jar;C:\Program Files\NetBeans-19\netbeans\java\modules\ext\spring-3.0\spring-expression-3.2.18.RELEASE.jar;C:\Program Files\NetBeans-19\netbeans\java\modules\ext\spring-3.0\spring-instrument-3.2.18.RELEASE.jar;C:\Program Files\NetBeans-19\netbeans\java\modules\ext\spring-3.0\spring-instrument-tomcat-3.2.18.RELEASE.jar;C:\Program Files\NetBeans-19\netbeans\java\modules\ext\spring-3.0\spring-jdbc-3.2.18.RELEASE.jar;C:\Program Files\NetBeans-19\netbeans\java\modules\ext\spring-3.0\spring-jms-3.2.18.RELEASE.jar;C:\Program Files\NetBeans-19\netbeans\java\modules\ext\spring-3.0\spring-orm-3.2.18.RELEASE.jar;C:\Program Files\NetBeans-19\netbeans\java\modules\ext\spring-3.0\spring-oxm-3.2.18.RELEASE.jar;C:\Program Files\NetBeans-19\netbeans\java\modules\ext\spring-3.0\spring-struts-3.2.18.RELEASE.jar;C:\Program Files\NetBeans-19\netbeans\java\modules\ext\spring-3.0\spring-test-3.2.18.RELEASE.jar;C:\Program Files\NetBeans-19\netbeans\java\modules\ext\spring-3.0\spring-tx-3.2.18.RELEASE.jar;C:\Program Files\NetBeans-19\netbeans\java\modules\ext\spring-3.0\spring-web-3.2.18.RELEASE.jar;C:\Program Files\NetBeans-19\netbeans\java\modules\ext\spring-3.0\spring-webmvc-3.2.18.RELEASE.jar;C:\Program Files\NetBeans-19\netbeans\java\modules\ext\spring-3.0\spring-webmvc-portlet-3.2.18.RELEASE.jar" />
    <property name="javac.test.classpath" value="C:\Program Files\NetBeans-19\netbeans\platform\modules\ext\junit-jupiter-api-5.6.0.jar;C:\Program Files\NetBeans-19\netbeans\platform\modules\ext\junit-jupiter-engine-5.6.0.jar;C:\Program Files\NetBeans-19\netbeans\platform\modules\ext\junit-jupiter-params-5.6.0.jar:C:\Program Files\NetBeans-19\netbeans\platform\modules\ext\hamcrest-core-1.3.jar:C:\Libraries\jar_mail\javax-inject.jar:C:\Libraries\jar_mail\javax.activation-1.1.0.v201105071233.jar:C:\Libraries\jar_mail\javax.ejb.jar:C:\Libraries\jar_mail\javax.faces-api-2.0.jar:C:\Libraries\jar_mail\mail.jar:C:\Libraries\jar_mysql_8.0.33\mysql-connector-j-8.0.33.jar:C:\Libraries\log4j_1.2.17\log4j-1.2.17.jar:C:\Libraries\apache-poi\poi-bin-5.2.3\poi-5.2.3.jar;C:\Libraries\apache-poi\poi-bin-5.2.3\poi-examples-5.2.3.jar;C:\Libraries\apache-poi\poi-bin-5.2.3\poi-excelant-5.2.3.jar;C:\Libraries\apache-poi\poi-bin-5.2.3\poi-javadoc-5.2.3.jar;C:\Libraries\apache-poi\poi-bin-5.2.3\poi-ooxml-5.2.3.jar;C:\Libraries\apache-poi\poi-bin-5.2.3\poi-ooxml-full-5.2.3.jar;C:\Libraries\apache-poi\poi-bin-5.2.3\poi-ooxml-lite-5.2.3.jar;C:\Libraries\apache-poi\poi-bin-5.2.3\poi-scratchpad-5.2.3.jar;C:\Libraries\apache-poi\poi-bin-5.2.3\lib\SparseBitSet-1.2.jar;C:\Libraries\apache-poi\poi-bin-5.2.3\lib\commons-codec-1.15.jar;C:\Libraries\apache-poi\poi-bin-5.2.3\lib\commons-collections4-4.4.jar;C:\Libraries\apache-poi\poi-bin-5.2.3\lib\commons-io-2.11.0.jar;C:\Libraries\apache-poi\poi-bin-5.2.3\lib\commons-math3-3.6.1.jar;C:\Libraries\apache-poi\poi-bin-5.2.3\lib\log4j-api-2.18.0.jar;C:\Libraries\apache-poi\poi-bin-5.2.3\ooxml-lib\commons-compress-1.21.jar;C:\Libraries\apache-poi\poi-bin-5.2.3\ooxml-lib\commons-logging-1.2.jar;C:\Libraries\apache-poi\poi-bin-5.2.3\ooxml-lib\curvesapi-1.07.jar;C:\Libraries\apache-poi\poi-bin-5.2.3\ooxml-lib\jakarta.activation-2.0.1.jar;C:\Libraries\apache-poi\poi-bin-5.2.3\ooxml-lib\jakarta.xml.bind-api-3.0.1.jar;C:\Libraries\apache-poi\poi-bin-5.2.3\ooxml-lib\slf4j-api-1.7.36.jar;C:\Libraries\apache-poi\poi-bin-5.2.3\ooxml-lib\xmlbeans-5.1.1.jar:C:\Libraries\iText7-Core-7.1.4\barcodes-7.1.4.jar:C:\Libraries\iText7-Core-7.1.4\font-asian-7.1.4.jar:C:\Libraries\iText7-Core-7.1.4\forms-7.1.4.jar:C:\Libraries\iText7-Core-7.1.4\hyph-7.1.4.jar:C:\Libraries\iText7-Core-7.1.4\io-7.1.4.jar:C:\Libraries\iText7-Core-7.1.4\kernel-7.1.4.jar:C:\Libraries\iText7-Core-7.1.4\layout-7.1.4.jar:C:\Libraries\iText7-Core-7.1.4\pdfa-7.1.4.jar:C:\Libraries\iText7-Core-7.1.4\pdftest-7.1.4.jar:C:\Libraries\iText7-Core-7.1.4\sign-7.1.4.jar:C:\Libraries\iText7-Core-7.1.4\styled-xml-parser-7.1.4.jar:C:\Libraries\iText7-Core-7.1.4\svg-7.1.4.jar:C:\Program Files\NetBeans-19\netbeans\platform\modules\ext\junit-4.13.2.jar:C:\Users\ivanr\Downloads\openjfx-17.0.10_windows-x64_bin-sdk\javafx-sdk-17.0.10\lib\javafx-swt.jar;C:\Users\ivanr\Downloads\openjfx-17.0.10_windows-x64_bin-sdk\javafx-sdk-17.0.10\lib\javafx.base.jar;C:\Users\ivanr\Downloads\openjfx-17.0.10_windows-x64_bin-sdk\javafx-sdk-17.0.10\lib\javafx.controls.jar;C:\Users\ivanr\Downloads\openjfx-17.0.10_windows-x64_bin-sdk\javafx-sdk-17.0.10\lib\javafx.fxml.jar;C:\Users\ivanr\Downloads\openjfx-17.0.10_windows-x64_bin-sdk\javafx-sdk-17.0.10\lib\javafx.graphics.jar;C:\Users\ivanr\Downloads\openjfx-17.0.10_windows-x64_bin-sdk\javafx-sdk-17.0.10\lib\javafx.media.jar;C:\Users\ivanr\Downloads\openjfx-17.0.10_windows-x64_bin-sdk\javafx-sdk-17.0.10\lib\javafx.swing.jar;C:\Users\ivanr\Downloads\openjfx-17.0.10_windows-x64_bin-sdk\javafx-sdk-17.0.10\lib\javafx.web.jar:build/classes" />
    <property name="java.specification.version" value="17" />
    <property name="libs.spring-framework500.classpath" value="C:\Program Files\NetBeans-19\netbeans\platform\modules\org-apache-commons-logging.jar;C:\Program Files\NetBeans-19\netbeans\java\modules\ext\cglib-2.2.jar;C:\Program Files\NetBeans-19\netbeans\java\modules\ext\spring-5\spring-aop-5.2.9.RELEASE.jar;C:\Program Files\NetBeans-19\netbeans\java\modules\ext\spring-5\spring-aspects-5.2.9.RELEASE.jar;C:\Program Files\NetBeans-19\netbeans\java\modules\ext\spring-5\spring-beans-5.2.9.RELEASE.jar;C:\Program Files\NetBeans-19\netbeans\java\modules\ext\spring-5\spring-context-5.2.9.RELEASE.jar;C:\Program Files\NetBeans-19\netbeans\java\modules\ext\spring-5\spring-context-indexer-5.2.9.RELEASE.jar;C:\Program Files\NetBeans-19\netbeans\java\modules\ext\spring-5\spring-context-support-5.2.9.RELEASE.jar;C:\Program Files\NetBeans-19\netbeans\java\modules\ext\spring-5\spring-core-5.2.9.RELEASE.jar;C:\Program Files\NetBeans-19\netbeans\java\modules\ext\spring-5\spring-expression-5.2.9.RELEASE.jar;C:\Program Files\NetBeans-19\netbeans\java\modules\ext\spring-5\spring-instrument-5.2.9.RELEASE.jar;C:\Program Files\NetBeans-19\netbeans\java\modules\ext\spring-5\spring-jcl-5.2.9.RELEASE.jar;C:\Program Files\NetBeans-19\netbeans\java\modules\ext\spring-5\spring-jdbc-5.2.9.RELEASE.jar;C:\Program Files\NetBeans-19\netbeans\java\modules\ext\spring-5\spring-jms-5.2.9.RELEASE.jar;C:\Program Files\NetBeans-19\netbeans\java\modules\ext\spring-5\spring-messaging-5.2.9.RELEASE.jar;C:\Program Files\NetBeans-19\netbeans\java\modules\ext\spring-5\spring-orm-5.2.9.RELEASE.jar;C:\Program Files\NetBeans-19\netbeans\java\modules\ext\spring-5\spring-oxm-5.2.9.RELEASE.jar;C:\Program Files\NetBeans-19\netbeans\java\modules\ext\spring-5\spring-test-5.2.9.RELEASE.jar;C:\Program Files\NetBeans-19\netbeans\java\modules\ext\spring-5\spring-tx-5.2.9.RELEASE.jar;C:\Program Files\NetBeans-19\netbeans\java\modules\ext\spring-5\spring-web-5.2.9.RELEASE.jar;C:\Program Files\NetBeans-19\netbeans\java\modules\ext\spring-5\spring-webflux-5.2.9.RELEASE.jar;C:\Program Files\NetBeans-19\netbeans\java\modules\ext\spring-5\spring-webmvc-5.2.9.RELEASE.jar;C:\Program Files\NetBeans-19\netbeans\java\modules\ext\spring-5\spring-websocket-5.2.9.RELEASE.jar" />
    <property name="jar.index.metainf" value="false" />
    <property name="jnlp.signing.keystore" value="" />
    <property name="libs.spring-framework400.classpath" value="C:\Program Files\NetBeans-19\netbeans\platform\modules\org-apache-commons-logging.jar;C:\Program Files\NetBeans-19\netbeans\java\modules\ext\cglib-2.2.jar;C:\Program Files\NetBeans-19\netbeans\java\modules\ext\spring-4\spring-aop-4.3.29.RELEASE.jar;C:\Program Files\NetBeans-19\netbeans\java\modules\ext\spring-4\spring-aspects-4.3.29.RELEASE.jar;C:\Program Files\NetBeans-19\netbeans\java\modules\ext\spring-4\spring-beans-4.3.29.RELEASE.jar;C:\Program Files\NetBeans-19\netbeans\java\modules\ext\spring-4\spring-context-4.3.29.RELEASE.jar;C:\Program Files\NetBeans-19\netbeans\java\modules\ext\spring-4\spring-context-support-4.3.29.RELEASE.jar;C:\Program Files\NetBeans-19\netbeans\java\modules\ext\spring-4\spring-core-4.3.29.RELEASE.jar;C:\Program Files\NetBeans-19\netbeans\java\modules\ext\spring-4\spring-expression-4.3.29.RELEASE.jar;C:\Program Files\NetBeans-19\netbeans\java\modules\ext\spring-4\spring-instrument-4.3.29.RELEASE.jar;C:\Program Files\NetBeans-19\netbeans\java\modules\ext\spring-4\spring-instrument-tomcat-4.3.29.RELEASE.jar;C:\Program Files\NetBeans-19\netbeans\java\modules\ext\spring-4\spring-jdbc-4.3.29.RELEASE.jar;C:\Program Files\NetBeans-19\netbeans\java\modules\ext\spring-4\spring-jms-4.3.29.RELEASE.jar;C:\Program Files\NetBeans-19\netbeans\java\modules\ext\spring-4\spring-messaging-4.3.29.RELEASE.jar;C:\Program Files\NetBeans-19\netbeans\java\modules\ext\spring-4\spring-orm-4.3.29.RELEASE.jar;C:\Program Files\NetBeans-19\netbeans\java\modules\ext\spring-4\spring-oxm-4.3.29.RELEASE.jar;C:\Program Files\NetBeans-19\netbeans\java\modules\ext\spring-4\spring-test-4.3.29.RELEASE.jar;C:\Program Files\NetBeans-19\netbeans\java\modules\ext\spring-4\spring-tx-4.3.29.RELEASE.jar;C:\Program Files\NetBeans-19\netbeans\java\modules\ext\spring-4\spring-web-4.3.29.RELEASE.jar;C:\Program Files\NetBeans-19\netbeans\java\modules\ext\spring-4\spring-webmvc-4.3.29.RELEASE.jar;C:\Program Files\NetBeans-19\netbeans\java\modules\ext\spring-4\spring-webmvc-portlet-4.3.29.RELEASE.jar;C:\Program Files\NetBeans-19\netbeans\java\modules\ext\spring-4\spring-websocket-4.3.29.RELEASE.jar" />
    <property name="libs.spring-webmvc4.0.javadoc" value="" />
    <property name="test.binaryincludes" value="&lt;nothing&gt;" />
    <property name="file.reference.SparseBitSet-1.2.jar" value="C:\Libraries\apache-poi\poi-bin-5.2.3\lib\SparseBitSet-1.2.jar" />
    <property name="do.jlink" value="false" />
    <property name="debug-transport" value="dt_shmem" />
    <property name="libs.javaee-web-api-8.0.src" value="" />
    <property name="java.vendor.url" value="https://java.oracle.com/" />
    <property name="file.reference.mysql-connector-j-8.1.0.jar" value="C:\Users\edgar\Desktop\Construcción COIL-VIC\COIL-VIC Database\mysql-connector-j-8.1.0.jar" />
    <property name="debug.modulepath" value=":C:\Users\ivanr\Downloads\openjfx-17.0.10_windows-x64_bin-sdk\javafx-sdk-17.0.10\lib\javafx-swt.jar;C:\Users\ivanr\Downloads\openjfx-17.0.10_windows-x64_bin-sdk\javafx-sdk-17.0.10\lib\javafx.base.jar;C:\Users\ivanr\Downloads\openjfx-17.0.10_windows-x64_bin-sdk\javafx-sdk-17.0.10\lib\javafx.controls.jar;C:\Users\ivanr\Downloads\openjfx-17.0.10_windows-x64_bin-sdk\javafx-sdk-17.0.10\lib\javafx.fxml.jar;C:\Users\ivanr\Downloads\openjfx-17.0.10_windows-x64_bin-sdk\javafx-sdk-17.0.10\lib\javafx.graphics.jar;C:\Users\ivanr\Downloads\openjfx-17.0.10_windows-x64_bin-sdk\javafx-sdk-17.0.10\lib\javafx.media.jar;C:\Users\ivanr\Downloads\openjfx-17.0.10_windows-x64_bin-sdk\javafx-sdk-17.0.10\lib\javafx.swing.jar;C:\Users\ivanr\Downloads\openjfx-17.0.10_windows-x64_bin-sdk\javafx-sdk-17.0.10\lib\javafx.web.jar" />
    <property name="libs.jsp-compilation.src" value="" />
    <property name="libs.eclipselink.javadoc" value="C:\Program Files\NetBeans-19\netbeans\java\modules\ext\docs\jakarta.persistence-2.2.3-doc.zip" />
    <property name="libs.JWSAntTasks.javadoc" value="" />
    <property name="sun.boot.library.path" value="C:\Program Files\Java\jdk-17\bin" />
    <property name="file.reference.log4j-1.2.17.jar" value="C:\Libraries\log4j_1.2.17\log4j-1.2.17.jar" />
    <property name="sun.java.command" value="org.apache.tools.ant.taskdefs.optional.junit.JUnitTestRunner unit.test.LanguageDAO.LanguageTest skipNonTests=false filtertrace=true haltOnError=false haltOnFailure=false showoutput=true outputtoformatters=true logfailedtests=true threadid=0 logtestlistenerevents=true formatter=org.apache.tools.ant.taskdefs.optional.junit.BriefJUnitResultFormatter formatter=org.apache.tools.ant.taskdefs.optional.junit.XMLJUnitResultFormatter,C:\Users\ivanr\OneDrive\Escritorio\ConstruccionCoilVic\JavaApplication2\build\test\results\TEST-unit.test.LanguageDAO.LanguageTest.xml crashfile=C:\Users\ivanr\OneDrive\Escritorio\ConstruccionCoilVic\JavaApplication2\build\junitvmwatcher14235423199361376805.properties propsfile=C:\Users\ivanr\OneDrive\Escritorio\ConstruccionCoilVic\JavaApplication2\build\junit17279710560781420824.properties" />
    <property name="jdk.debug" value="release" />
    <property name="libs.spring-framework300.src" value="" />
    <property name="javadoc.use" value="true" />
    <property name="javadoc.notree" value="false" />
    <property name="file.reference.commons-math3-3.6.1.jar" value="C:\Libraries\apache-poi\poi-bin-5.2.3\lib\commons-math3-3.6.1.jar" />
    <property name="basedir" value="C:\Users\ivanr\OneDrive\Escritorio\ConstruccionCoilVic\JavaApplication2" />
    <property name="application.vendor" value="ivanr" />
    <property name="java.vm.specification.vendor" value="Oracle Corporation" />
    <property name="java.specification.name" value="Java Platform API Specification" />
    <property name="file.reference.mysql-connector-j-8.0.33.jar-1" value="C:\Libraries\jar_mysql_8.0.33\mysql-connector-j-8.0.33.jar" />
    <property name="${file.reference.poi-ooxml-5.2.3.jar}" value="C:\Libraries\apache-poi\poi-bin-5.2.3\poi-ooxml-full-5.2.3.jar:C:\Libraries\apache-poi\poi-bin-5.2.3\poi-ooxml-lite-5.2.3.jar:C:\Libraries\apache-poi\poi-bin-5.2.3\poi-scratchpad-5.2.3.jar:&gt;&gt;&gt;&gt;&gt;&gt;&gt; 74f1c431a8e176e00a8919216262520e57d1ae04" />
    <property name="file.reference.commons-compress-1.21.jar" value="C:\Libraries\poi-bin-5.2.3\ooxml-lib\commons-compress-1.21.jar" />
    <property name="libs.jsf20.classpath" value="C:\Program Files\NetBeans-19\netbeans\enterprise\modules\ext\jsf-2_2\javax.faces.jar" />
    <property name="file.reference.poi-ooxml-full-5.2.3.jar" value="C:\Libraries\apache-poi\poi-bin-5.2.3\poi-ooxml-full-5.2.3.jar" />
    <property name="file.reference.mail.jar" value="C:\Libraries\jar_mail\mail.jar" />
    <property name="netbeans.extbrowser.manual_chrome_plugin_install" value="yes" />
    <property name="libs.jakartaee-api-10.0.maven-pom" value="" />
    <property name="netbeans.default_userdir_root" value="C:\Users\ivanr\AppData\Roaming\NetBeans" />
    <property name="libs.spring-framework500.javadoc" value="" />
    <property name="libs.jsp-compilation-syscp.src" value="" />
    <property name="jdk.home" value="C:\Program Files\Java\jdk-17" />
    <property name="java.runtime.version" value="17.0.8+9-LTS-211" />
    <property name="libs.eclipselink.maven-pom" value="" />
    <property name="libs.metro.maven-pom" value="" />
    <property name="libs.JAXB-ENDORSED.javadoc" value="" />
    <property name="sun.java2d.noddraw" value="true" />
    <property name="sun.zip.disableMemoryMapping" value="true" />
    <property name="guice.disable.misplaced.annotation.check" value="true" />
    <property name="libs.jsf12.src" value="" />
    <property name="libs.jsp-compilation.javadoc" value="" />
    <property name="libs.primefaces.javadoc" value="" />
    <property name="libs.groovy-all.maven-pom" value="" />
    <property name="libs.restapi.src" value="" />
    <property name="file.reference.commons-codec-1.15.jar" value="C:\Libraries\apache-poi\poi-bin-5.2.3\lib\commons-codec-1.15.jar" />
    <property name="libs.junit_5.javadoc" value="C:\Program Files\NetBeans-19\netbeans\platform\docs\junit-jupiter-api-5.6.0-javadoc.jar;C:\Program Files\NetBeans-19\netbeans\platform\docs\junit-jupiter-params-5.6.0-javadoc.jar;C:\Program Files\NetBeans-19\netbeans\platform\docs\junit-jupiter-engine-5.6.0-javadoc.jar" />
    <property name="jnlp.enabled" value="false" />
    <property name="dist.archive.excludes" value="" />
    <property name="java.io.tmpdir" value="C:\Users\ivanr\AppData\Local\Temp\" />
    <property name="java.version" value="17.0.8" />
    <property name="file.reference.svg-7.1.4.jar" value="C:\Libraries\iText7-Core-7.1.4\svg-7.1.4.jar" />
    <property name="libs.jakartaee-api-8.0.javadoc" value="C:\Program Files\NetBeans-19\netbeans\enterprise\docs\jakartaee8-doc-api.jar" />
    <property name="java.vm.specification.name" value="Java Virtual Machine Specification" />
    <property name="file.reference.javax-inject.jar" value="C:\Libraries\jar_mail\javax-inject.jar" />
    <property name="file.reference.mysql-connector-j-8.0.33.jar" value="C:\Users\ivanr\Downloads\mysql-connector-j-8.0.33.jar" />
    <property name="native.encoding" value="Cp1252" />
    <property name="java.library.path" value="C:\Program Files\Java\jdk-17\bin;C:\Windows\Sun\Java\bin;C:\Windows\system32;C:\Windows;C:\Program Files\Common Files\Oracle\Java\javapath;C:\Windows\system32;C:\Windows;C:\Windows\System32\Wbem;C:\Windows\System32\WindowsPowerShell\v1.0\;C:\Windows\System32\OpenSSH\;C:\Program Files\MySQL\MySQL Server 8.0\bin;C:\Program Files\Java\jdk-17\bin;C:\w64devkit-1.20.0\w64devkit\bin;C:\Program Files\Steel Bank Common Lisp\;C:\Program Files\Git\cmd;C:\Program Files\MySQL\MySQL Shell 8.0\bin\;C:\Users\ivanr\AppData\Local\Microsoft\WindowsApps;C:\Users\ivanr\AppData\Local\Programs\Microsoft VS Code\bin;C:\w64devkit-1.20.0\w64devkit\bin;C:\Program Files\Steel Bank Common Lisp\;C:\Users\ivanr\AppData\Local\GitHubDesktop\bin;." />
    <property name="libs.hamcrest.src" value="" />
    <property name="java.vendor" value="Oracle Corporation" />
    <property name="libs.groovy-all.src" value="" />
    <property name="libs.testng.javadoc" value="C:\Program Files\NetBeans-19\netbeans\platform\docs\testng-6.13.1-javadoc.jar" />
    <property name="meta.inf.dir" value="src/META-INF" />
    <property name="run.upgrademodulepath" value="" />
    <property name="file.reference.commons-collections4-4.4.jar" value="C:\Libraries\apache-poi\poi-bin-5.2.3\lib\commons-collections4-4.4.jar" />
    <property name="compile.on.save" value="false" />
    <property name="jlink.additionalparam" value="" />
    <property name="libs.testng.maven-pom" value="" />
    <property name="org.openide.version" value="deprecated" />
    <property name="run.classpath" value="C:\Program Files\NetBeans-19\netbeans\platform\modules\ext\junit-jupiter-api-5.6.0.jar;C:\Program Files\NetBeans-19\netbeans\platform\modules\ext\junit-jupiter-engine-5.6.0.jar;C:\Program Files\NetBeans-19\netbeans\platform\modules\ext\junit-jupiter-params-5.6.0.jar:C:\Program Files\NetBeans-19\netbeans\platform\modules\ext\hamcrest-core-1.3.jar:C:\Libraries\jar_mail\javax-inject.jar:C:\Libraries\jar_mail\javax.activation-1.1.0.v201105071233.jar:C:\Libraries\jar_mail\javax.ejb.jar:C:\Libraries\jar_mail\javax.faces-api-2.0.jar:C:\Libraries\jar_mail\mail.jar:C:\Libraries\jar_mysql_8.0.33\mysql-connector-j-8.0.33.jar:C:\Libraries\log4j_1.2.17\log4j-1.2.17.jar:C:\Libraries\apache-poi\poi-bin-5.2.3\poi-5.2.3.jar;C:\Libraries\apache-poi\poi-bin-5.2.3\poi-examples-5.2.3.jar;C:\Libraries\apache-poi\poi-bin-5.2.3\poi-excelant-5.2.3.jar;C:\Libraries\apache-poi\poi-bin-5.2.3\poi-javadoc-5.2.3.jar;C:\Libraries\apache-poi\poi-bin-5.2.3\poi-ooxml-5.2.3.jar;C:\Libraries\apache-poi\poi-bin-5.2.3\poi-ooxml-full-5.2.3.jar;C:\Libraries\apache-poi\poi-bin-5.2.3\poi-ooxml-lite-5.2.3.jar;C:\Libraries\apache-poi\poi-bin-5.2.3\poi-scratchpad-5.2.3.jar;C:\Libraries\apache-poi\poi-bin-5.2.3\lib\SparseBitSet-1.2.jar;C:\Libraries\apache-poi\poi-bin-5.2.3\lib\commons-codec-1.15.jar;C:\Libraries\apache-poi\poi-bin-5.2.3\lib\commons-collections4-4.4.jar;C:\Libraries\apache-poi\poi-bin-5.2.3\lib\commons-io-2.11.0.jar;C:\Libraries\apache-poi\poi-bin-5.2.3\lib\commons-math3-3.6.1.jar;C:\Libraries\apache-poi\poi-bin-5.2.3\lib\log4j-api-2.18.0.jar;C:\Libraries\apache-poi\poi-bin-5.2.3\ooxml-lib\commons-compress-1.21.jar;C:\Libraries\apache-poi\poi-bin-5.2.3\ooxml-lib\commons-logging-1.2.jar;C:\Libraries\apache-poi\poi-bin-5.2.3\ooxml-lib\curvesapi-1.07.jar;C:\Libraries\apache-poi\poi-bin-5.2.3\ooxml-lib\jakarta.activation-2.0.1.jar;C:\Libraries\apache-poi\poi-bin-5.2.3\ooxml-lib\jakarta.xml.bind-api-3.0.1.jar;C:\Libraries\apache-poi\poi-bin-5.2.3\ooxml-lib\slf4j-api-1.7.36.jar;C:\Libraries\apache-poi\poi-bin-5.2.3\ooxml-lib\xmlbeans-5.1.1.jar:C:\Libraries\iText7-Core-7.1.4\barcodes-7.1.4.jar:C:\Libraries\iText7-Core-7.1.4\font-asian-7.1.4.jar:C:\Libraries\iText7-Core-7.1.4\forms-7.1.4.jar:C:\Libraries\iText7-Core-7.1.4\hyph-7.1.4.jar:C:\Libraries\iText7-Core-7.1.4\io-7.1.4.jar:C:\Libraries\iText7-Core-7.1.4\kernel-7.1.4.jar:C:\Libraries\iText7-Core-7.1.4\layout-7.1.4.jar:C:\Libraries\iText7-Core-7.1.4\pdfa-7.1.4.jar:C:\Libraries\iText7-Core-7.1.4\pdftest-7.1.4.jar:C:\Libraries\iText7-Core-7.1.4\sign-7.1.4.jar:C:\Libraries\iText7-Core-7.1.4\styled-xml-parser-7.1.4.jar:C:\Libraries\iText7-Core-7.1.4\svg-7.1.4.jar:C:\Program Files\NetBeans-19\netbeans\platform\modules\ext\junit-4.13.2.jar:C:\Users\ivanr\Downloads\openjfx-17.0.10_windows-x64_bin-sdk\javafx-sdk-17.0.10\lib\javafx-swt.jar;C:\Users\ivanr\Downloads\openjfx-17.0.10_windows-x64_bin-sdk\javafx-sdk-17.0.10\lib\javafx.base.jar;C:\Users\ivanr\Downloads\openjfx-17.0.10_windows-x64_bin-sdk\javafx-sdk-17.0.10\lib\javafx.controls.jar;C:\Users\ivanr\Downloads\openjfx-17.0.10_windows-x64_bin-sdk\javafx-sdk-17.0.10\lib\javafx.fxml.jar;C:\Users\ivanr\Downloads\openjfx-17.0.10_windows-x64_bin-sdk\javafx-sdk-17.0.10\lib\javafx.graphics.jar;C:\Users\ivanr\Downloads\openjfx-17.0.10_windows-x64_bin-sdk\javafx-sdk-17.0.10\lib\javafx.media.jar;C:\Users\ivanr\Downloads\openjfx-17.0.10_windows-x64_bin-sdk\javafx-sdk-17.0.10\lib\javafx.swing.jar;C:\Users\ivanr\Downloads\openjfx-17.0.10_windows-x64_bin-sdk\javafx-sdk-17.0.10\lib\javafx.web.jar:build/classes" />
    <property name="libs.jaxb.src" value="" />
    <property name="file.reference.poi-javadoc-5.2.3.jar" value="C:\Libraries\apache-poi\poi-bin-5.2.3\poi-javadoc-5.2.3.jar" />
    <property name="test.src.dir" value="test" />
    <property name="sun.awt.enableExtraMouseButtons" value="true" />
    <property name="org.openide.major.version" value="IDE/1" />
    <property name="libs.spring-framework300.javadoc" value="" />
    <property name="ap.proc.none.internal" value="" />
    <property name="org.openide.specification.version" value="6.2" />
    <property name="user.timezone" value="America/Mexico_City" />
    <property name="libs.JAVA_FX.maven-pom" value="" />
    <property name="jar.index" value="false" />
    <property name="libs.jpa20-persistence.classpath" value="C:\Program Files\NetBeans-19\netbeans\java\modules\ext\eclipselink\jakarta.persistence-2.2.3.jar" />
    <property name="java.vm.specification.version" value="17" />
    <property name="libs.junit_5.classpath" value="C:\Program Files\NetBeans-19\netbeans\platform\modules\ext\junit-jupiter-api-5.6.0.jar;C:\Program Files\NetBeans-19\netbeans\platform\modules\ext\junit-jupiter-engine-5.6.0.jar;C:\Program Files\NetBeans-19\netbeans\platform\modules\ext\junit-jupiter-params-5.6.0.jar" />
    <property name="libs.eclipselinkmodelgen.javadoc" value="" />
    <property name="javadoc.noindex" value="false" />
    <property name="javadoc.private" value="false" />
    <property name="libs.spring-webmvc4.0.maven-pom" value="" />
    <property name="libs.JAXB-ENDORSED.maven-pom" value="" />
    <property name="user.home" value="C:\Users\ivanr" />
    <property name="libs.eclipselinkmodelgen.maven-pom" value="" />
    <property name="have.sources" value="true" />
    <property name="annotation.processing.processors.list" value="" />
    <property name="jlink.launcher" value="true" />
    <property name="javac.deprecation" value="false" />
    <property name="manifest.custom.caller.allowable.codebase" value="" />
    <property name="build.generated.sources.dir" value="build/generated-sources" />
    <property name="plugin.manager.check.updates" value="false" />
    <property name="netbeans.autoupdate.language" value="es" />
    <property name="ant.file.type.CoilVic" value="file" />
    <property name="build.compiler.emacs" value="true" />
    <property name="libs.eclipselinkmodelgen.src" value="" />
    <property name="build.classes.excludes" value="**/*.java,**/*.form" />
    <property name="dist.jar" value="dist/CoilVic.jar" />
    <property name="libs.jakartaee-web-api-9.0.classpath" value="C:\Program Files\NetBeans-19\netbeans\enterprise\modules\ext\jakarta.jakartaee-web-api-9.0.0.jar" />
    <property name="libs.spring-webmvc4.0.classpath" value="C:\Program Files\NetBeans-19\netbeans\java\modules\ext\spring-4\spring-webmvc-4.3.29.RELEASE.jar" />
    <property name="modules.supported.internal" value="true" />
    <property name="libs.javaee-endorsed-api-7.0.javadoc" value="C:\Program Files\NetBeans-19\netbeans\enterprise\docs\javaee-doc-api.jar" />
    <property name="file.reference.font-asian-7.1.4.jar" value="C:\Libraries\iText7-Core-7.1.4\font-asian-7.1.4.jar" />
    <property name="os.version" value="10.0" />
    <property name="jna.nosys" value="false" />
    <property name="netbeans.home" value="C:\Program Files\NetBeans-19\netbeans\platform" />
    <property name="libs.CopyLibs.javadoc" value="" />
    <property name="debug-transport-by-os" value="dt_shmem" />
    <property name="libs.javaee-api-8.0.javadoc" value="C:\Program Files\NetBeans-19\netbeans\enterprise\docs\javaee-doc-api.jar" />
    <property name="libs.jsf20.src" value="" />
    <property name="java.vm.name" value="Java HotSpot(TM) 64-Bit Server VM" />
    <property name="unnamed.module.internal" value="true" />
    <property name="libs.jakartaee-api-10.0.javadoc" value="C:\Program Files\NetBeans-19\netbeans\enterprise\docs\jakartaee10-doc-api.jar" />
    <property name="libs.jstl.javadoc" value="C:\Program Files\NetBeans-19\netbeans\enterprise\docs\javaee-doc-api.jar" />
    <property name="file.reference.forms-7.1.4.jar" value="C:\Libraries\iText7-Core-7.1.4\forms-7.1.4.jar" />
    <property name="libs.javaee-endorsed-api-7.0.maven-pom" value="" />
    <property name="libs.jaxws21.classpath" value="C:\Program Files\NetBeans-19\netbeans\java\modules\ext\jaxws22\api\jakarta.jws-api.jar;C:\Program Files\NetBeans-19\netbeans\java\modules\ext\jaxws22\api\jakarta.xml.soap-api.jar;C:\Program Files\NetBeans-19\netbeans\java\modules\ext\jaxws22\api\jakarta.xml.ws-api.jar;C:\Program Files\NetBeans-19\netbeans\java\modules\ext\jaxws22\FastInfoset.jar;C:\Program Files\NetBeans-19\netbeans\java\modules\ext\jaxws22\gmbal-api-only.jar;C:\Program Files\NetBeans-19\netbeans\java\modules\ext\jaxws22\ha-api.jar;C:\Program Files\NetBeans-19\netbeans\java\modules\ext\jaxws22\jakarta.mail.jar;C:\Program Files\NetBeans-19\netbeans\java\modules\ext\jaxws22\jaxws-rt.jar;C:\Program Files\NetBeans-19\netbeans\java\modules\ext\jaxws22\jaxws-tools.jar;C:\Program Files\NetBeans-19\netbeans\java\modules\ext\jaxws22\management-api.jar;C:\Program Files\NetBeans-19\netbeans\java\modules\ext\jaxws22\mimepull.jar;C:\Program Files\NetBeans-19\netbeans\java\modules\ext\jaxws22\policy.jar;C:\Program Files\NetBeans-19\netbeans\java\modules\ext\jaxws22\saaj-impl.jar;C:\Program Files\NetBeans-19\netbeans\java\modules\ext\jaxws22\stax-ex.jar;C:\Program Files\NetBeans-19\netbeans\java\modules\ext\jaxws22\stax2-api.jar;C:\Program Files\NetBeans-19\netbeans\java\modules\ext\jaxws22\streambuffer.jar;C:\Program Files\NetBeans-19\netbeans\java\modules\ext\jaxws22\woodstox-core.jar;C:\Program Files\NetBeans-19\netbeans\ide\modules\ext\jaxb\api\jaxb-api.jar;C:\Program Files\NetBeans-19\netbeans\ide\modules\ext\jaxb\activation.jar;C:\Program Files\NetBeans-19\netbeans\ide\modules\ext\jaxb\jaxb-impl.jar;C:\Program Files\NetBeans-19\netbeans\ide\modules\ext\jaxb\jaxb-xjc.jar" />
    <property name="libs.restapi.classpath" value="C:\Program Files\NetBeans-19\netbeans\enterprise\modules\ext\jaxrs-2.1\jakarta.ws.rs-api-2.1.6.jar" />
    <property name="os.arch" value="amd64" />
    <property name="build.generated.dir" value="build/generated" />
    <property name="libs.groovy-all.javadoc" value="" />
    <property name="libs.jakartaee-api-8.0.classpath" value="C:\Program Files\NetBeans-19\netbeans\enterprise\modules\ext\jakarta.jakartaee-api-8.0.0.jar" />
    <property name="libs.javaee-web-api-7.0.javadoc" value="C:\Program Files\NetBeans-19\netbeans\enterprise\docs\javaee-doc-api.jar" />
    <property name="${file.reference.mysql-connector-j-8.0.33.jar-1}" value="C:\Libraries\log4j_1.2.17\log4j-1.2.17.jar:C:\Libraries\jar_mail\javax-inject.jar:C:\Libraries\jar_mail\javax.activation-1.1.0.v201105071233.jar:C:\Libraries\jar_mail\javax.ejb.jar:C:\Libraries\jar_mail\javax.faces-api-2.0.jar:C:\Libraries\jar_mail\mail.jar:C:\Libraries\iText7-Core-7.1.4\barcodes-7.1.4.jar:C:\Libraries\iText7-Core-7.1.4\font-asian-7.1.4.jar:C:\Libraries\iText7-Core-7.1.4\forms-7.1.4.jar:C:\Libraries\iText7-Core-7.1.4\hyph-7.1.4.jar:C:\Libraries\iText7-Core-7.1.4\io-7.1.4.jar:C:\Libraries\iText7-Core-7.1.4\kernel-7.1.4.jar:C:\Libraries\iText7-Core-7.1.4\layout-7.1.4.jar:C:\Libraries\iText7-Core-7.1.4\pdfa-7.1.4.jar:C:\Libraries\iText7-Core-7.1.4\pdftest-7.1.4.jar:C:\Libraries\iText7-Core-7.1.4\sign-7.1.4.jar:C:\Libraries\iText7-Core-7.1.4\styled-xml-parser-7.1.4.jar:C:\Libraries\iText7-Core-7.1.4\svg-7.1.4.jar:C:\Program Files\NetBeans-19\netbeans\platform\modules\ext\hamcrest-core-1.3.jar:C:\Program Files\NetBeans-19\netbeans\platform\modules\ext\junit-4.13.2.jar:C:\Program Files\NetBeans-19\netbeans\platform\modules\ext\junit-jupiter-api-5.6.0.jar;C:\Program Files\NetBeans-19\netbeans\platform\modules\ext\junit-jupiter-engine-5.6.0.jar;C:\Program Files\NetBeans-19\netbeans\platform\modules\ext\junit-jupiter-params-5.6.0.jar:C:\Users\ivanr\Downloads\openjfx-17.0.10_windows-x64_bin-sdk\javafx-sdk-17.0.10\lib\javafx-swt.jar;C:\Users\ivanr\Downloads\openjfx-17.0.10_windows-x64_bin-sdk\javafx-sdk-17.0.10\lib\javafx.base.jar;C:\Users\ivanr\Downloads\openjfx-17.0.10_windows-x64_bin-sdk\javafx-sdk-17.0.10\lib\javafx.controls.jar;C:\Users\ivanr\Downloads\openjfx-17.0.10_windows-x64_bin-sdk\javafx-sdk-17.0.10\lib\javafx.fxml.jar;C:\Users\ivanr\Downloads\openjfx-17.0.10_windows-x64_bin-sdk\javafx-sdk-17.0.10\lib\javafx.graphics.jar;C:\Users\ivanr\Downloads\openjfx-17.0.10_windows-x64_bin-sdk\javafx-sdk-17.0.10\lib\javafx.media.jar;C:\Users\ivanr\Downloads\openjfx-17.0.10_windows-x64_bin-sdk\javafx-sdk-17.0.10\lib\javafx.swing.jar;C:\Users\ivanr\Downloads\openjfx-17.0.10_windows-x64_bin-sdk\javafx-sdk-17.0.10\lib\javafx.web.jar:&gt;&gt;&gt;&gt;&gt;&gt;&gt; 74f1c431a8e176e00a8919216262520e57d1ae04" />
    <property name="libs.javaee-endorsed-api-6.0.src" value="" />
    <property name="jnlp.descriptor" value="application" />
    <property name="libs.jsf12.maven-pom" value="" />
    <property name="libs.javaee-endorsed-api-7.0.classpath" value="C:\Program Files\NetBeans-19\netbeans\enterprise\modules\ext\javaee7-endorsed\javax.annotation-api.jar;C:\Program Files\NetBeans-19\netbeans\enterprise\modules\ext\javaee7-endorsed\javax.xml.soap-api.jar;C:\Program Files\NetBeans-19\netbeans\enterprise\modules\ext\javaee7-endorsed\jaxb-api-osgi.jar;C:\Program Files\NetBeans-19\netbeans\enterprise\modules\ext\javaee7-endorsed\jaxws-api.jar;C:\Program Files\NetBeans-19\netbeans\enterprise\modules\ext\javaee7-endorsed\jsr181-api.jar" />
    <property name="libs.primefaces.maven-pom" value="" />
    <property name="org.netbeans.io.suspend" value="0" />
    <property name="ant.project.name" value="CoilVic" />
    <property name="dist.javadoc.dir" value="dist/javadoc" />
    <property name="default.javac.target" value="17" />
    <property name="javac.fork" value="false" />
    <property name="libs.eclipselink.classpath" value="C:\Program Files\NetBeans-19\netbeans\java\modules\ext\eclipselink\org.eclipse.persistence.core-2.7.12.jar;C:\Program Files\NetBeans-19\netbeans\java\modules\ext\eclipselink\org.eclipse.persistence.asm-9.4.0.jar;C:\Program Files\NetBeans-19\netbeans\java\modules\ext\eclipselink\org.eclipse.persistence.antlr-2.7.12.jar;C:\Program Files\NetBeans-19\netbeans\java\modules\ext\eclipselink\org.eclipse.persistence.jpa-2.7.12.jar;C:\Program Files\NetBeans-19\netbeans\java\modules\ext\eclipselink\org.eclipse.persistence.jpa.jpql-2.7.12.jar;C:\Program Files\NetBeans-19\netbeans\java\modules\ext\eclipselink\org.eclipse.persistence.moxy-2.7.12.jar;C:\Program Files\NetBeans-19\netbeans\java\modules\ext\eclipselink\jakarta.persistence-2.2.3.jar" />
    <property name="libs.apache-poi.maven-pom" value="" />
    <property name="libs.apache-poi.src" value="" />
    <property name="libs.struts.classpath" value="C:\Program Files\NetBeans-19\netbeans\enterprise\modules\ext\struts\antlr-2.7.2.jar;C:\Program Files\NetBeans-19\netbeans\enterprise\modules\ext\struts\bsf-2.3.0.jar;C:\Program Files\NetBeans-19\netbeans\enterprise\modules\ext\struts\commons-beanutils-1.8.0.jar;C:\Program Files\NetBeans-19\netbeans\enterprise\modules\ext\struts\commons-chain-1.2.jar;C:\Program Files\NetBeans-19\netbeans\enterprise\modules\ext\struts\commons-digester-1.8.jar;C:\Program Files\NetBeans-19\netbeans\enterprise\modules\ext\struts\commons-fileupload-1.1.1.jar;C:\Program Files\NetBeans-19\netbeans\enterprise\modules\ext\struts\commons-io-1.1.jar;C:\Program Files\NetBeans-19\netbeans\enterprise\modules\ext\struts\commons-logging-1.0.4.jar;C:\Program Files\NetBeans-19\netbeans\enterprise\modules\ext\struts\commons-validator-1.3.1.jar;C:\Program Files\NetBeans-19\netbeans\enterprise\modules\ext\struts\jstl-1.0.2.jar;C:\Program Files\NetBeans-19\netbeans\enterprise\modules\ext\struts\oro-2.0.8.jar;C:\Program Files\NetBeans-19\netbeans\enterprise\modules\ext\struts\standard-1.0.6.jar;C:\Program Files\NetBeans-19\netbeans\enterprise\modules\ext\struts\struts-core-1.3.10.jar;C:\Program Files\NetBeans-19\netbeans\enterprise\modules\ext\struts\struts-el-1.3.10.jar;C:\Program Files\NetBeans-19\netbeans\enterprise\modules\ext\struts\struts-extras-1.3.10.jar;C:\Program Files\NetBeans-19\netbeans\enterprise\modules\ext\struts\struts-faces-1.3.10.jar;C:\Program Files\NetBeans-19\netbeans\enterprise\modules\ext\struts\struts-mailreader-dao-1.3.10.jar;C:\Program Files\NetBeans-19\netbeans\enterprise\modules\ext\struts\struts-scripting-1.3.10.jar;C:\Program Files\NetBeans-19\netbeans\enterprise\modules\ext\struts\struts-taglib-1.3.10.jar;C:\Program Files\NetBeans-19\netbeans\enterprise\modules\ext\struts\struts-tiles-1.3.10.jar" />
    <property name="libs.PostgreSQLDriver.maven-pom" value="" />
    <property name="libs.absolutelayout.src" value="" />
    <property name="file.reference.io-7.1.4.jar" value="C:\Libraries\iText7-Core-7.1.4\io-7.1.4.jar" />
    <property name="testng.mode" value="testng" />
    <property name="annotation.processing.enabled.in.editor" value="false" />
    <property name="java.vm.compressedOopsMode" value="Zero based" />
    <property name="netbeans.productversion" value="Apache NetBeans IDE 19" />
    <property name="mkdist.disabled" value="false" />
    <property name="libs.javaee-web-api-6.0.javadoc" value="C:\Program Files\NetBeans-19\netbeans\enterprise\docs\javaee-doc-api.jar" />
    <property name="libs.JAVA_FX.javadoc" value="" />
    <property name="libs.javaee-api-7.0.maven-pom" value="" />
    <property name="libs.groovy-all.classpath" value="C:\Program Files\NetBeans-19\netbeans\groovy\modules\ext\groovy-3.0.8.jar;C:\Program Files\NetBeans-19\netbeans\groovy\modules\ext\groovy-ant-3.0.8.jar" />
    <property name="libs.absolutelayout.javadoc" value="" />
    <property name="module.build.classes.dir" value="build/classes" />
    <property name="annotation.processing.processor.options" value="" />
    <property name="libs.jaxb.maven-pom" value="" />
    <property name="libs.javaee-api-6.0.maven-pom" value="" />
    <property name="file.reference.commons-io-2.11.0.jar" value="C:\Libraries\apache-poi\poi-bin-5.2.3\lib\commons-io-2.11.0.jar" />
    <property name="dist.dir" value="dist" />
    <property name="build.dir" value="build" />
    <property name="file.reference.mysql-connector-j-8.3.0.jar" value="C:\Users\axel_\Downloads\jar_files\mysql-connector-j-8.3.0.jar" />
    <property name="libs.graaljs.maven-pom" value="" />
    <property name="${file.reference.commons-compress-1.21.jar}" value="C:\Libraries\poi-bin-5.2.3\ooxml-lib\commons-logging-1.2.jar:C:\Libraries\poi-bin-5.2.3\ooxml-lib\curvesapi-1.07.jar:C:\Libraries\poi-bin-5.2.3\ooxml-lib\jakarta.activation-2.0.1.jar:C:\Libraries\poi-bin-5.2.3\ooxml-lib\jakarta.xml.bind-api-3.0.1.jar:C:\Libraries\poi-bin-5.2.3\ooxml-lib\slf4j-api-1.7.36.jar:C:\Libraries\poi-bin-5.2.3\ooxml-lib\xmlbeans-5.1.1.jar" />
    <property name="netbeans.autoupdate.variant" value="" />
    <property name="javadoc.version" value="false" />
    <property name="libs.metro.src" value="" />
    <property name="libs.metro.classpath" value="C:\Program Files\NetBeans-19\netbeans\ide\modules\ext\jaxb\activation.jar;C:\Program Files\NetBeans-19\netbeans\enterprise\modules\ext\metro\webservices-api.jar;C:\Program Files\NetBeans-19\netbeans\enterprise\modules\ext\metro\webservices-extra-api.jar;C:\Program Files\NetBeans-19\netbeans\enterprise\modules\ext\metro\webservices-extra.jar;C:\Program Files\NetBeans-19\netbeans\enterprise\modules\ext\metro\webservices-rt.jar;C:\Program Files\NetBeans-19\netbeans\enterprise\modules\ext\metro\webservices-tools.jar" />
    <property name="libs.CopyLibs.classpath" value="C:\Program Files\NetBeans-19\netbeans\java\ant\extra\org-netbeans-modules-java-j2seproject-copylibstask.jar" />
    <property name="sun.os.patch.level" value="" />
    <property name="javadoc.html5" value="false" />
    <property name="javac.test.processorpath" value="C:\Program Files\NetBeans-19\netbeans\platform\modules\ext\junit-jupiter-api-5.6.0.jar;C:\Program Files\NetBeans-19\netbeans\platform\modules\ext\junit-jupiter-engine-5.6.0.jar;C:\Program Files\NetBeans-19\netbeans\platform\modules\ext\junit-jupiter-params-5.6.0.jar:C:\Program Files\NetBeans-19\netbeans\platform\modules\ext\hamcrest-core-1.3.jar:C:\Libraries\jar_mail\javax-inject.jar:C:\Libraries\jar_mail\javax.activation-1.1.0.v201105071233.jar:C:\Libraries\jar_mail\javax.ejb.jar:C:\Libraries\jar_mail\javax.faces-api-2.0.jar:C:\Libraries\jar_mail\mail.jar:C:\Libraries\jar_mysql_8.0.33\mysql-connector-j-8.0.33.jar:C:\Libraries\log4j_1.2.17\log4j-1.2.17.jar:C:\Libraries\apache-poi\poi-bin-5.2.3\poi-5.2.3.jar;C:\Libraries\apache-poi\poi-bin-5.2.3\poi-examples-5.2.3.jar;C:\Libraries\apache-poi\poi-bin-5.2.3\poi-excelant-5.2.3.jar;C:\Libraries\apache-poi\poi-bin-5.2.3\poi-javadoc-5.2.3.jar;C:\Libraries\apache-poi\poi-bin-5.2.3\poi-ooxml-5.2.3.jar;C:\Libraries\apache-poi\poi-bin-5.2.3\poi-ooxml-full-5.2.3.jar;C:\Libraries\apache-poi\poi-bin-5.2.3\poi-ooxml-lite-5.2.3.jar;C:\Libraries\apache-poi\poi-bin-5.2.3\poi-scratchpad-5.2.3.jar;C:\Libraries\apache-poi\poi-bin-5.2.3\lib\SparseBitSet-1.2.jar;C:\Libraries\apache-poi\poi-bin-5.2.3\lib\commons-codec-1.15.jar;C:\Libraries\apache-poi\poi-bin-5.2.3\lib\commons-collections4-4.4.jar;C:\Libraries\apache-poi\poi-bin-5.2.3\lib\commons-io-2.11.0.jar;C:\Libraries\apache-poi\poi-bin-5.2.3\lib\commons-math3-3.6.1.jar;C:\Libraries\apache-poi\poi-bin-5.2.3\lib\log4j-api-2.18.0.jar;C:\Libraries\apache-poi\poi-bin-5.2.3\ooxml-lib\commons-compress-1.21.jar;C:\Libraries\apache-poi\poi-bin-5.2.3\ooxml-lib\commons-logging-1.2.jar;C:\Libraries\apache-poi\poi-bin-5.2.3\ooxml-lib\curvesapi-1.07.jar;C:\Libraries\apache-poi\poi-bin-5.2.3\ooxml-lib\jakarta.activation-2.0.1.jar;C:\Libraries\apache-poi\poi-bin-5.2.3\ooxml-lib\jakarta.xml.bind-api-3.0.1.jar;C:\Libraries\apache-poi\poi-bin-5.2.3\ooxml-lib\slf4j-api-1.7.36.jar;C:\Libraries\apache-poi\poi-bin-5.2.3\ooxml-lib\xmlbeans-5.1.1.jar:C:\Libraries\iText7-Core-7.1.4\barcodes-7.1.4.jar:C:\Libraries\iText7-Core-7.1.4\font-asian-7.1.4.jar:C:\Libraries\iText7-Core-7.1.4\forms-7.1.4.jar:C:\Libraries\iText7-Core-7.1.4\hyph-7.1.4.jar:C:\Libraries\iText7-Core-7.1.4\io-7.1.4.jar:C:\Libraries\iText7-Core-7.1.4\kernel-7.1.4.jar:C:\Libraries\iText7-Core-7.1.4\layout-7.1.4.jar:C:\Libraries\iText7-Core-7.1.4\pdfa-7.1.4.jar:C:\Libraries\iText7-Core-7.1.4\pdftest-7.1.4.jar:C:\Libraries\iText7-Core-7.1.4\sign-7.1.4.jar:C:\Libraries\iText7-Core-7.1.4\styled-xml-parser-7.1.4.jar:C:\Libraries\iText7-Core-7.1.4\svg-7.1.4.jar:C:\Program Files\NetBeans-19\netbeans\platform\modules\ext\junit-4.13.2.jar:C:\Users\ivanr\Downloads\openjfx-17.0.10_windows-x64_bin-sdk\javafx-sdk-17.0.10\lib\javafx-swt.jar;C:\Users\ivanr\Downloads\openjfx-17.0.10_windows-x64_bin-sdk\javafx-sdk-17.0.10\lib\javafx.base.jar;C:\Users\ivanr\Downloads\openjfx-17.0.10_windows-x64_bin-sdk\javafx-sdk-17.0.10\lib\javafx.controls.jar;C:\Users\ivanr\Downloads\openjfx-17.0.10_windows-x64_bin-sdk\javafx-sdk-17.0.10\lib\javafx.fxml.jar;C:\Users\ivanr\Downloads\openjfx-17.0.10_windows-x64_bin-sdk\javafx-sdk-17.0.10\lib\javafx.graphics.jar;C:\Users\ivanr\Downloads\openjfx-17.0.10_windows-x64_bin-sdk\javafx-sdk-17.0.10\lib\javafx.media.jar;C:\Users\ivanr\Downloads\openjfx-17.0.10_windows-x64_bin-sdk\javafx-sdk-17.0.10\lib\javafx.swing.jar;C:\Users\ivanr\Downloads\openjfx-17.0.10_windows-x64_bin-sdk\javafx-sdk-17.0.10\lib\javafx.web.jar:build/classes" />
    <property name="libs.javaee-web-api-7.0.maven-pom" value="" />
    <property name="libs.javaee-web-api-8.0.maven-pom" value="" />
    <property name="file.reference.jakarta.activation-2.0.1.jar" value="C:\Libraries\poi-bin-5.2.3\ooxml-lib\jakarta.activation-2.0.1.jar" />
    <property name="netbeans.dirs" value="C:\Program Files\NetBeans-19\netbeans\nb;C:\Program Files\NetBeans-19\netbeans\ergonomics;C:\Program Files\NetBeans-19\netbeans\ide;C:\Program Files\NetBeans-19\netbeans\extide;C:\Program Files\NetBeans-19\netbeans\java;C:\Program Files\NetBeans-19\netbeans\apisupport;C:\Program Files\NetBeans-19\netbeans\webcommon;C:\Program Files\NetBeans-19\netbeans\websvccommon;C:\Program Files\NetBeans-19\netbeans\enterprise;C:\Program Files\NetBeans-19\netbeans\mobility;C:\Program Files\NetBeans-19\netbeans\profiler;C:\Program Files\NetBeans-19\netbeans\python;C:\Program Files\NetBeans-19\netbeans\php;C:\Program Files\NetBeans-19\netbeans\identity;C:\Program Files\NetBeans-19\netbeans\harness;C:\Program Files\NetBeans-19\netbeans\cnd;C:\Program Files\NetBeans-19\netbeans\cndext;C:\Program Files\NetBeans-19\netbeans\cpplite;C:\Program Files\NetBeans-19\netbeans\dlight;C:\Program Files\NetBeans-19\netbeans\groovy;C:\Program Files\NetBeans-19\netbeans\extra;C:\Program Files\NetBeans-19\netbeans\javacard;C:\Program Files\NetBeans-19\netbeans\javafx;C:\Program Files\NetBeans-19\netbeans\rust" />
    <property name="libs.hamcrest.maven-pom" value="" />
    <property name="javac.processorpath" value="C:\Program Files\NetBeans-19\netbeans\platform\modules\ext\junit-jupiter-api-5.6.0.jar;C:\Program Files\NetBeans-19\netbeans\platform\modules\ext\junit-jupiter-engine-5.6.0.jar;C:\Program Files\NetBeans-19\netbeans\platform\modules\ext\junit-jupiter-params-5.6.0.jar:C:\Program Files\NetBeans-19\netbeans\platform\modules\ext\hamcrest-core-1.3.jar:C:\Libraries\jar_mail\javax-inject.jar:C:\Libraries\jar_mail\javax.activation-1.1.0.v201105071233.jar:C:\Libraries\jar_mail\javax.ejb.jar:C:\Libraries\jar_mail\javax.faces-api-2.0.jar:C:\Libraries\jar_mail\mail.jar:C:\Libraries\jar_mysql_8.0.33\mysql-connector-j-8.0.33.jar:C:\Libraries\log4j_1.2.17\log4j-1.2.17.jar:C:\Libraries\apache-poi\poi-bin-5.2.3\poi-5.2.3.jar;C:\Libraries\apache-poi\poi-bin-5.2.3\poi-examples-5.2.3.jar;C:\Libraries\apache-poi\poi-bin-5.2.3\poi-excelant-5.2.3.jar;C:\Libraries\apache-poi\poi-bin-5.2.3\poi-javadoc-5.2.3.jar;C:\Libraries\apache-poi\poi-bin-5.2.3\poi-ooxml-5.2.3.jar;C:\Libraries\apache-poi\poi-bin-5.2.3\poi-ooxml-full-5.2.3.jar;C:\Libraries\apache-poi\poi-bin-5.2.3\poi-ooxml-lite-5.2.3.jar;C:\Libraries\apache-poi\poi-bin-5.2.3\poi-scratchpad-5.2.3.jar;C:\Libraries\apache-poi\poi-bin-5.2.3\lib\SparseBitSet-1.2.jar;C:\Libraries\apache-poi\poi-bin-5.2.3\lib\commons-codec-1.15.jar;C:\Libraries\apache-poi\poi-bin-5.2.3\lib\commons-collections4-4.4.jar;C:\Libraries\apache-poi\poi-bin-5.2.3\lib\commons-io-2.11.0.jar;C:\Libraries\apache-poi\poi-bin-5.2.3\lib\commons-math3-3.6.1.jar;C:\Libraries\apache-poi\poi-bin-5.2.3\lib\log4j-api-2.18.0.jar;C:\Libraries\apache-poi\poi-bin-5.2.3\ooxml-lib\commons-compress-1.21.jar;C:\Libraries\apache-poi\poi-bin-5.2.3\ooxml-lib\commons-logging-1.2.jar;C:\Libraries\apache-poi\poi-bin-5.2.3\ooxml-lib\curvesapi-1.07.jar;C:\Libraries\apache-poi\poi-bin-5.2.3\ooxml-lib\jakarta.activation-2.0.1.jar;C:\Libraries\apache-poi\poi-bin-5.2.3\ooxml-lib\jakarta.xml.bind-api-3.0.1.jar;C:\Libraries\apache-poi\poi-bin-5.2.3\ooxml-lib\slf4j-api-1.7.36.jar;C:\Libraries\apache-poi\poi-bin-5.2.3\ooxml-lib\xmlbeans-5.1.1.jar:C:\Libraries\iText7-Core-7.1.4\barcodes-7.1.4.jar:C:\Libraries\iText7-Core-7.1.4\font-asian-7.1.4.jar:C:\Libraries\iText7-Core-7.1.4\forms-7.1.4.jar:C:\Libraries\iText7-Core-7.1.4\hyph-7.1.4.jar:C:\Libraries\iText7-Core-7.1.4\io-7.1.4.jar:C:\Libraries\iText7-Core-7.1.4\kernel-7.1.4.jar:C:\Libraries\iText7-Core-7.1.4\layout-7.1.4.jar:C:\Libraries\iText7-Core-7.1.4\pdfa-7.1.4.jar:C:\Libraries\iText7-Core-7.1.4\pdftest-7.1.4.jar:C:\Libraries\iText7-Core-7.1.4\sign-7.1.4.jar:C:\Libraries\iText7-Core-7.1.4\styled-xml-parser-7.1.4.jar:C:\Libraries\iText7-Core-7.1.4\svg-7.1.4.jar:C:\Program Files\NetBeans-19\netbeans\platform\modules\ext\junit-4.13.2.jar:C:\Users\ivanr\Downloads\openjfx-17.0.10_windows-x64_bin-sdk\javafx-sdk-17.0.10\lib\javafx-swt.jar;C:\Users\ivanr\Downloads\openjfx-17.0.10_windows-x64_bin-sdk\javafx-sdk-17.0.10\lib\javafx.base.jar;C:\Users\ivanr\Downloads\openjfx-17.0.10_windows-x64_bin-sdk\javafx-sdk-17.0.10\lib\javafx.controls.jar;C:\Users\ivanr\Downloads\openjfx-17.0.10_windows-x64_bin-sdk\javafx-sdk-17.0.10\lib\javafx.fxml.jar;C:\Users\ivanr\Downloads\openjfx-17.0.10_windows-x64_bin-sdk\javafx-sdk-17.0.10\lib\javafx.graphics.jar;C:\Users\ivanr\Downloads\openjfx-17.0.10_windows-x64_bin-sdk\javafx-sdk-17.0.10\lib\javafx.media.jar;C:\Users\ivanr\Downloads\openjfx-17.0.10_windows-x64_bin-sdk\javafx-sdk-17.0.10\lib\javafx.swing.jar;C:\Users\ivanr\Downloads\openjfx-17.0.10_windows-x64_bin-sdk\javafx-sdk-17.0.10\lib\javafx.web.jar" />
    <property name="libs.javaee-api-6.0.javadoc" value="C:\Program Files\NetBeans-19\netbeans\enterprise\docs\javaee-doc-api.jar" />
    <property name="libs.JWSAntTasks.maven-pom" value="" />
    <property name="run.modulepath" value=":C:\Users\ivanr\Downloads\openjfx-17.0.10_windows-x64_bin-sdk\javafx-sdk-17.0.10\lib\javafx-swt.jar;C:\Users\ivanr\Downloads\openjfx-17.0.10_windows-x64_bin-sdk\javafx-sdk-17.0.10\lib\javafx.base.jar;C:\Users\ivanr\Downloads\openjfx-17.0.10_windows-x64_bin-sdk\javafx-sdk-17.0.10\lib\javafx.controls.jar;C:\Users\ivanr\Downloads\openjfx-17.0.10_windows-x64_bin-sdk\javafx-sdk-17.0.10\lib\javafx.fxml.jar;C:\Users\ivanr\Downloads\openjfx-17.0.10_windows-x64_bin-sdk\javafx-sdk-17.0.10\lib\javafx.graphics.jar;C:\Users\ivanr\Downloads\openjfx-17.0.10_windows-x64_bin-sdk\javafx-sdk-17.0.10\lib\javafx.media.jar;C:\Users\ivanr\Downloads\openjfx-17.0.10_windows-x64_bin-sdk\javafx-sdk-17.0.10\lib\javafx.swing.jar;C:\Users\ivanr\Downloads\openjfx-17.0.10_windows-x64_bin-sdk\javafx-sdk-17.0.10\lib\javafx.web.jar" />
    <property name="javac.upgrademodulepath" value="" />
    <property name="jnlp.codebase.type" value="no.codebase" />
    <property name="do.archive+manifest.available" value="true" />
    <property name="file.reference.poi-examples-5.2.3.jar" value="C:\Libraries\apache-poi\poi-bin-5.2.3\poi-examples-5.2.3.jar" />
    <property name="apple.laf.useScreenMenuBar" value="true" />
    <property name="file.reference.slf4j-api-1.7.36.jar" value="C:\Libraries\poi-bin-5.2.3\ooxml-lib\slf4j-api-1.7.36.jar" />
    <property name="user.country" value="MX" />
    <property name="sun.java.launcher" value="SUN_STANDARD" />
    <property name="libs.jakartaee-api-9.0.maven-pom" value="" />
    <property name="libs.jpa20-persistence.src" value="" />
    <property name="libs.restapi.javadoc" value="" />
    <property name="endorsed.classpath" value="" />
    <property name="javac.test.sourcepath" value="C:\Users\ivanr\OneDrive\Escritorio\ConstruccionCoilVic\JavaApplication2\build\empty" />
    <property name="libs.spring-webmvc3.0.maven-pom" value="" />
    <property name="includes" value="**/*Test.java" />
    <property name="libs.jsf12.javadoc" value="C:\Program Files\NetBeans-19\netbeans\enterprise\docs\javaee-doc-api.jar" />
    <property name="libs.hamcrest.classpath" value="C:\Program Files\NetBeans-19\netbeans\platform\modules\ext\hamcrest-core-1.3.jar" />
    <property name="javadoc.splitindex" value="true" />
    <property name="libs.JWSAntTasks.classpath" value="C:\Program Files\NetBeans-19\netbeans\java\ant\extra\org-netbeans-modules-javawebstart-anttasks.jar" />
    <property name="junit.available" value="true" />
    <property name="javac.processormodulepath" value="" />
    <property name="manifest.custom.application.library.allowable.codebase" value="" />
    <property name="file.reference.log4j-api-2.18.0.jar" value="C:\Libraries\apache-poi\poi-bin-5.2.3\lib\log4j-api-2.18.0.jar" />
    <property name="javadoc.encoding" value="UTF-8" />
    <property name="libs.apache-poi.javadoc" value="" />
    <property name="file.reference.layout-7.1.4.jar" value="C:\Libraries\iText7-Core-7.1.4\layout-7.1.4.jar" />
    <property name="libs.jsp-compilation-syscp.maven-pom" value="" />
    <property name="libs.jstl.src" value="" />
    <property name="netbeans.hash.code" value="unique=NB_EXTIDE_JAVA_PHP_WEBCOMMON_WEBEE07158c1f6-5379-4d99-8713-38c3dcdccf38_da251214-a9ea-45f3-9adb-fcdd2ab516a2" />
    <property name="jlink.strip" value="false" />
    <property name="libs.spring-webmvc3.0.classpath" value="C:\Program Files\NetBeans-19\netbeans\java\modules\ext\spring-3.0\spring-webmvc-3.2.18.RELEASE.jar" />
    <property name="java.runtime.name" value="Java(TM) SE Runtime Environment" />
    <property name="manifest.available" value="true" />
    <property name="libs.jaxb.javadoc" value="C:\Program Files\NetBeans-19\netbeans\ide\docs\jaxb-api-doc.jar" />
    <property name="libs.spring-framework500.maven-pom" value="" />
    <property name="run.jvmargs.ide" value="" />
    <property name="ant.core.lib" value="C:\Program Files\NetBeans-19\netbeans\extide\ant\lib\ant.jar" />
    <property name="libs.jsp-compilation.maven-pom" value="" />
    <property name="javac.profile.cmd.line.arg" value="" />
    <property name="libs.jakartaee-api-9.0.classpath" value="C:\Program Files\NetBeans-19\netbeans\enterprise\modules\ext\jakarta.jakartaee-api-9.0.0.jar" />
    <property name="&gt;&gt;&gt;&gt;&gt;&gt;&gt;" value="1ed7ae3e6433a476857c7471ce970643d64f6586" />
    <property name="application.title" value="CoilVic" />
    <property name="do.archive+main.class.available" value="true" />
    <property name="javac.test.modulepath" value="" />
    <property name="libs.jakartaee-api-10.0.src" value="" />
    <property name="ignore.failing.tests" value="true" />
    <property name="libs.PostgreSQLDriver.javadoc" value="" />
    <property name="libs.jsp-compilation-syscp.classpath" value="C:\Program Files\NetBeans-19\netbeans\extide\ant\lib\ant.jar;C:\Program Files\NetBeans-19\netbeans\enterprise\modules\ext\servlet4.0-jsp2.3-api.jar;C:\Program Files\NetBeans-19\netbeans\enterprise\modules\ext\glassfish-jspparser-5.1.0.jar;C:\Program Files\NetBeans-19\netbeans\enterprise\modules\ext\jstl-impl.jar;C:\Program Files\NetBeans-19\netbeans\enterprise\modules\ext\jsf-2_2\javax.faces.jar" />
    <property name="libs.jsp-compilation.classpath" value="C:\Program Files\NetBeans-19\netbeans\extide\ant\lib\ant.jar;C:\Program Files\NetBeans-19\netbeans\enterprise\modules\ext\servlet4.0-jsp2.3-api.jar;C:\Program Files\NetBeans-19\netbeans\enterprise\modules\ext\glassfish-jspparser-5.1.0.jar;C:\Program Files\NetBeans-19\netbeans\enterprise\modules\ext\jsf-2_2\javax.faces.jar;C:\Program Files\NetBeans-19\netbeans\enterprise\modules\ext\jstl-api.jar;C:\Program Files\NetBeans-19\netbeans\extide\ant\lib\ant-launcher.jar" />
    <property name="libs.javaee-api-6.0.classpath" value="C:\Program Files\NetBeans-19\netbeans\enterprise\modules\ext\javaee-api-6.0.jar" />
    <property name="libs.javaee-api-7.0.classpath" value="C:\Program Files\NetBeans-19\netbeans\enterprise\modules\ext\javaee-api-7.0.jar" />
    <property name="sun.cpu.isalist" value="amd64" />
    <property name="libs.restapi.maven-pom" value="" />
    <property name="do.depend" value="false" />
    <property name="javadoc.preview" value="true" />
    <property name="libs.jakartaee-web-api-10.0.src" value="" />
    <property name="sun.arch.data.model" value="64" />
    <property name="jnlp.signing.alias" value="" />
    <property name="libs.jakartaee-web-api-9.0.maven-pom" value="" />
    <property name="libs.javaee-endorsed-api-7.0.src" value="" />
    <property name="annotation.processing.enabled" value="true" />
    <property name="libs.junit_5.src" value="C:\Program Files\NetBeans-19\netbeans\platform\docs\junit-jupiter-api-5.6.0-sources.jar;C:\Program Files\NetBeans-19\netbeans\platform\docs\junit-jupiter-params-5.6.0-sources.jar;C:\Program Files\NetBeans-19\netbeans\platform\docs\junit-jupiter-engine-5.6.0-sources.jar" />
    <property name="file.reference.commons-logging-1.2.jar" value="C:\Libraries\poi-bin-5.2.3\ooxml-lib\commons-logging-1.2.jar" />
    <property name="libs.jaxb.classpath" value="C:\Program Files\NetBeans-19\netbeans\ide\modules\ext\jaxb\jaxb-impl.jar;C:\Program Files\NetBeans-19\netbeans\ide\modules\ext\jaxb\jaxb-xjc.jar;C:\Program Files\NetBeans-19\netbeans\ide\modules\ext\jaxb\activation.jar;C:\Program Files\NetBeans-19\netbeans\ide\modules\ext\jaxb\api\jaxb-api.jar" />
    <property name="libs.javaee-api-8.0.classpath" value="C:\Program Files\NetBeans-19\netbeans\enterprise\modules\ext\javaee-api-8.0.jar" />
    <property name="auxiliary.org-netbeans-spi-editor-hints-projects.perProjectHintSettingsFile" value="nbproject/cfg_hints.xml" />
    <property name="libs.apache-poi.classpath" value="C:\Libraries\apache-poi\poi-bin-5.2.3\poi-5.2.3.jar;C:\Libraries\apache-poi\poi-bin-5.2.3\poi-examples-5.2.3.jar;C:\Libraries\apache-poi\poi-bin-5.2.3\poi-excelant-5.2.3.jar;C:\Libraries\apache-poi\poi-bin-5.2.3\poi-javadoc-5.2.3.jar;C:\Libraries\apache-poi\poi-bin-5.2.3\poi-ooxml-5.2.3.jar;C:\Libraries\apache-poi\poi-bin-5.2.3\poi-ooxml-full-5.2.3.jar;C:\Libraries\apache-poi\poi-bin-5.2.3\poi-ooxml-lite-5.2.3.jar;C:\Libraries\apache-poi\poi-bin-5.2.3\poi-scratchpad-5.2.3.jar;C:\Libraries\apache-poi\poi-bin-5.2.3\lib\SparseBitSet-1.2.jar;C:\Libraries\apache-poi\poi-bin-5.2.3\lib\commons-codec-1.15.jar;C:\Libraries\apache-poi\poi-bin-5.2.3\lib\commons-collections4-4.4.jar;C:\Libraries\apache-poi\poi-bin-5.2.3\lib\commons-io-2.11.0.jar;C:\Libraries\apache-poi\poi-bin-5.2.3\lib\commons-math3-3.6.1.jar;C:\Libraries\apache-poi\poi-bin-5.2.3\lib\log4j-api-2.18.0.jar;C:\Libraries\apache-poi\poi-bin-5.2.3\ooxml-lib\commons-compress-1.21.jar;C:\Libraries\apache-poi\poi-bin-5.2.3\ooxml-lib\commons-logging-1.2.jar;C:\Libraries\apache-poi\poi-bin-5.2.3\ooxml-lib\curvesapi-1.07.jar;C:\Libraries\apache-poi\poi-bin-5.2.3\ooxml-lib\jakarta.activation-2.0.1.jar;C:\Libraries\apache-poi\poi-bin-5.2.3\ooxml-lib\jakarta.xml.bind-api-3.0.1.jar;C:\Libraries\apache-poi\poi-bin-5.2.3\ooxml-lib\slf4j-api-1.7.36.jar;C:\Libraries\apache-poi\poi-bin-5.2.3\ooxml-lib\xmlbeans-5.1.1.jar" />
    <property name="file.reference.javax.ejb.jar" value="C:\Libraries\jar_mail\javax.ejb.jar" />
    <property name="libs.CopyLibs.src" value="" />
    <property name="javac.source" value="17" />
    <property name="file.reference.hyph-7.1.4.jar" value="C:\Libraries\iText7-Core-7.1.4\hyph-7.1.4.jar" />
    <property name="java.specification.vendor" value="Oracle Corporation" />
    <property name="jdk.module.path" value="C:\Libraries\jar_javafx_sdk_17.0.10" />
    <property name="java.version.date" value="2023-07-18" />
    <property name="java.home" value="C:\Program Files\Java\jdk-17" />
    <property name="work.dir" value="C:\Users\ivanr\OneDrive\Escritorio\ConstruccionCoilVic\JavaApplication2" />
    <property name="jna.boot.library.name" value="jnidispatch-nb" />
    <property name="javac.test.compilerargs" value="" />
    <property name="libs.PostgreSQLDriver.classpath" value="C:\Program Files\NetBeans-19\netbeans\ide\modules\ext\postgresql-42.5.4.jar" />
    <property name="libs.graaljs.javadoc" value="" />
    <property name="libs.spring-webmvc3.0.javadoc" value="" />
    <property name="libs.JAXB-ENDORSED.src" value="" />
    <property name="user.script" value="" />
    <property name="manifest.encoding" value="UTF-8" />
    <property name="manifest.custom.permissions" value="" />
    <property name="sun.management.compiler" value="HotSpot 64-Bit Tiered Compilers" />
    <property name="libs.spring-framework400.src" value="" />
    <property name="run.test.modulepath" value="" />
    <property name="libs.javaee-web-api-6.0.classpath" value="C:\Program Files\NetBeans-19\netbeans\enterprise\modules\ext\javaee-web-api-6.0.jar" />
    <property name="libs.graaljs.classpath" value="C:\Program Files\NetBeans-19\netbeans\webcommon\modules\ext\js-20.3.0.jar;C:\Program Files\NetBeans-19\netbeans\webcommon\modules\ext\js-launcher-20.3.0.jar;C:\Program Files\NetBeans-19\netbeans\webcommon\modules\ext\regex-20.3.0.jar;C:\Program Files\NetBeans-19\netbeans\webcommon\modules\ext\icu4j-67.1.jar;C:\Program Files\NetBeans-19\netbeans\ide\modules\ext\graal-sdk-20.3.0.jar;C:\Program Files\NetBeans-19\netbeans\ide\modules\ext\launcher-common-20.3.0.jar;C:\Program Files\NetBeans-19\netbeans\ide\modules\ext\truffle-api-20.3.0.jar" />
    <property name="libs.jsp-compiler.javadoc" value="" />
    <property name="debug.test.modulepath" value="" />
    <property name="libs.javaee-web-api-7.0.classpath" value="C:\Program Files\NetBeans-19\netbeans\enterprise\modules\ext\javaee-web-api-7.0.jar" />
    <property name="file.encoding" value="Cp1252" />
    <property name="ant.file.CoilVic" value="C:\Users\ivanr\OneDrive\Escritorio\ConstruccionCoilVic\JavaApplication2\build.xml" />
    <property name="java.util.logging.config.class" value="org.netbeans.core.startup.TopLogging" />
    <property name="libs.restlib.javadoc" value="" />
    <property name="file.reference.poi-ooxml-5.2.3.jar" value="C:\Libraries\apache-poi\poi-bin-5.2.3\poi-ooxml-5.2.3.jar" />
    <property name="libs.absolutelayout.classpath" value="C:\Program Files\NetBeans-19\netbeans\java\modules\ext\AbsoluteLayout.jar" />
    <property name="do.archive" value="true" />
    <property name="libs.struts.maven-pom" value="" />
    <property name="file.reference.javax.faces-api-2.0.jar" value="C:\Libraries\jar_mail\javax.faces-api-2.0.jar" />
    <property name="built-jar.properties" value="C:\Users\ivanr\OneDrive\Escritorio\ConstruccionCoilVic\JavaApplication2\build\built-jar.properties" />
    <property name="nb.native.filechooser" value="false" />
    <property name="libs.testng.src" value="" />
    <property name="file.reference.styled-xml-parser-7.1.4.jar" value="C:\Libraries\iText7-Core-7.1.4\styled-xml-parser-7.1.4.jar" />
    <property name="platform.active" value="default_platform" />
    <property name="libs.javaee-web-api-8.0.classpath" value="C:\Program Files\NetBeans-19\netbeans\enterprise\modules\ext\javaee-web-api-8.0.jar" />
    <property name="manifest.file" value="manifest.mf" />
    <property name="sun.io.unicode.encoding" value="UnicodeLittle" />
    <property name="file.reference.poi-excelant-5.2.3.jar" value="C:\Libraries\apache-poi\poi-bin-5.2.3\poi-excelant-5.2.3.jar" />
    <property name="&lt;&lt;&lt;&lt;&lt;&lt;&lt;" value="HEAD" />
    <property name="libs.struts.javadoc" value="C:\Program Files\NetBeans-19\netbeans\enterprise\docs\struts-1.3.10-javadoc.zip" />
    <property name="default.javac.source" value="17" />
    <property name="libs.javaee-web-api-8.0.javadoc" value="C:\Program Files\NetBeans-19\netbeans\enterprise\docs\javaee-doc-api.jar" />
    <property name="netbeans.dynamic.classpath" value="C:\Program Files\NetBeans-19\netbeans\platform\core\asm-9.5.jar;C:\Program Files\NetBeans-19\netbeans\platform\core\asm-commons-9.5.jar;C:\Program Files\NetBeans-19\netbeans\platform\core\asm-tree-9.5.jar;C:\Program Files\NetBeans-19\netbeans\platform\core\core-base.jar;C:\Program Files\NetBeans-19\netbeans\platform\core\core.jar;C:\Program Files\NetBeans-19\netbeans\platform\core\org-netbeans-libs-asm.jar;C:\Program Files\NetBeans-19\netbeans\platform\core\org-openide-filesystems-compat8.jar;C:\Program Files\NetBeans-19\netbeans\platform\core\org-openide-filesystems.jar;C:\Program Files\NetBeans-19\netbeans\nb\core\org-netbeans-upgrader.jar;C:\Program Files\NetBeans-19\netbeans\nb\core\locale\core_nb.jar" />
    <property name="flatlaf.nativeLibraryPath" value="system" />
    <property name="libs.eclipselinkmodelgen.classpath" value="C:\Program Files\NetBeans-19\netbeans\java\modules\ext\eclipselink\org.eclipse.persistence.jpa.modelgen.processor-2.7.12.jar" />
    <property name="file.reference.poi-scratchpad-5.2.3.jar" value="C:\Libraries\apache-poi\poi-bin-5.2.3\poi-scratchpad-5.2.3.jar" />
    <property name="file.reference.javax.activation-1.1.0.v201105071233.jar" value="C:\Libraries\jar_mail\javax.activation-1.1.0.v201105071233.jar" />
    <property name="javac.systemmodulepath.cmd.line.arg" value="" />
    <property name="netbeans.buildnumber" value="19-ba85468772292fd64f188f4022f9d49f77f00b89" />
    <property name="php.global.include.path" value="" />
    <property name="endorsed.classpath.cmd.line.arg" value="" />
    <property name="libs.jpa20-persistence.maven-pom" value="" />
    <property name="file.reference.pdftest-7.1.4.jar" value="C:\Libraries\iText7-Core-7.1.4\pdftest-7.1.4.jar" />
    <property name="libs.CopyLibs.maven-pom" value="" />
    <property name="os.name" value="Windows 11" />
    <property name="build.sysclasspath" value="ignore" />
    <property name="libs.jakartaee-api-8.0.maven-pom" value="" />
    <property name="libs.JAVA_FX.classpath" value="C:\Users\ivanr\Downloads\openjfx-17.0.10_windows-x64_bin-sdk\javafx-sdk-17.0.10\lib\javafx-swt.jar;C:\Users\ivanr\Downloads\openjfx-17.0.10_windows-x64_bin-sdk\javafx-sdk-17.0.10\lib\javafx.base.jar;C:\Users\ivanr\Downloads\openjfx-17.0.10_windows-x64_bin-sdk\javafx-sdk-17.0.10\lib\javafx.controls.jar;C:\Users\ivanr\Downloads\openjfx-17.0.10_windows-x64_bin-sdk\javafx-sdk-17.0.10\lib\javafx.fxml.jar;C:\Users\ivanr\Downloads\openjfx-17.0.10_windows-x64_bin-sdk\javafx-sdk-17.0.10\lib\javafx.graphics.jar;C:\Users\ivanr\Downloads\openjfx-17.0.10_windows-x64_bin-sdk\javafx-sdk-17.0.10\lib\javafx.media.jar;C:\Users\ivanr\Downloads\openjfx-17.0.10_windows-x64_bin-sdk\javafx-sdk-17.0.10\lib\javafx.swing.jar;C:\Users\ivanr\Downloads\openjfx-17.0.10_windows-x64_bin-sdk\javafx-sdk-17.0.10\lib\javafx.web.jar" />
    <property name="jdkBug6558476" value="false" />
    <property name="javadoc.author" value="false" />
    <property name="main.class" value="main.MainApp" />
    <property name="libs.jsp-compilation-syscp.javadoc" value="" />
    <property name="source.encoding" value="UTF-8" />
    <property name="jar.compress" value="false" />
    <property name="libs.javaee-api-7.0.javadoc" value="C:\Program Files\NetBeans-19\netbeans\enterprise\docs\javaee-doc-api.jar" />
    <property name="flatlaf.updateUIOnSystemFontChange" value="false" />
    <property name="libs.spring-webmvc5.0.src" value="" />
    <property name="jnlp.mixed.code" value="default" />
    <property name="libs.jsf20.maven-pom" value="" />
    <property name="libs.restlib.classpath" value="C:\Program Files\NetBeans-19\netbeans\enterprise\modules\ext\jersey2\jakarta.annotation-api-2.1.1.jar;C:\Program Files\NetBeans-19\netbeans\enterprise\modules\ext\jersey2\jakarta.persistence-api-2.2.3.jar;C:\Program Files\NetBeans-19\netbeans\enterprise\modules\ext\jersey2\jakarta.servlet-api-4.0.4.jar;C:\Program Files\NetBeans-19\netbeans\enterprise\modules\ext\jersey2\jakarta.validation-api-2.0.2.jar;C:\Program Files\NetBeans-19\netbeans\enterprise\modules\ext\jersey2\jakarta.xml.bind-api-2.3.3.jar;C:\Program Files\NetBeans-19\netbeans\enterprise\modules\ext\jersey2\jersey-client-2.35.jar;C:\Program Files\NetBeans-19\netbeans\enterprise\modules\ext\jersey2\jersey-common-2.35.jar;C:\Program Files\NetBeans-19\netbeans\enterprise\modules\ext\jersey2\jersey-server-2.35.jar;C:\Program Files\NetBeans-19\netbeans\enterprise\modules\ext\jersey2\jersey-entity-filtering-2.35.jar;C:\Program Files\NetBeans-19\netbeans\enterprise\modules\ext\jersey2\jersey-hk2-2.35.jar;C:\Program Files\NetBeans-19\netbeans\enterprise\modules\ext\jersey2\jersey-media-moxy-2.35.jar;C:\Program Files\NetBeans-19\netbeans\enterprise\modules\ext\jersey2\jersey-container-servlet-2.35.jar;C:\Program Files\NetBeans-19\netbeans\enterprise\modules\ext\jersey2\jersey-container-servlet-core-2.35.jar;C:\Program Files\NetBeans-19\netbeans\enterprise\modules\ext\jersey2\hk2-api-2.6.1.jar;C:\Program Files\NetBeans-19\netbeans\enterprise\modules\ext\jersey2\hk2-locator-2.6.1.jar;C:\Program Files\NetBeans-19\netbeans\enterprise\modules\ext\jersey2\hk2-utils-2.6.1.jar;C:\Program Files\NetBeans-19\netbeans\enterprise\modules\ext\jersey2\jakarta.inject-2.6.1.jar;C:\Program Files\NetBeans-19\netbeans\enterprise\modules\ext\jersey2\aopalliance-repackaged-2.6.1.jar;C:\Program Files\NetBeans-19\netbeans\enterprise\modules\ext\jersey2\osgi.core-8.0.0.jar;C:\Program Files\NetBeans-19\netbeans\enterprise\modules\ext\jersey2\osgi-resource-locator-1.0.3.jar;C:\Program Files\NetBeans-19\netbeans\java\modules\ext\eclipselink\org.eclipse.persistence.core-2.7.12.jar;C:\Program Files\NetBeans-19\netbeans\java\modules\ext\eclipselink\org.eclipse.persistence.asm-9.4.0.jar;C:\Program Files\NetBeans-19\netbeans\java\modules\ext\eclipselink\org.eclipse.persistence.antlr-2.7.12.jar;C:\Program Files\NetBeans-19\netbeans\java\modules\ext\eclipselink\org.eclipse.persistence.jpa-2.7.12.jar;C:\Program Files\NetBeans-19\netbeans\java\modules\ext\eclipselink\org.eclipse.persistence.jpa.jpql-2.7.12.jar;C:\Program Files\NetBeans-19\netbeans\java\modules\ext\eclipselink\org.eclipse.persistence.moxy-2.7.12.jar" />
    <property name="libs.jakartaee-web-api-8.0.javadoc" value="C:\Program Files\NetBeans-19\netbeans\enterprise\docs\jakartaee8-doc-api.jar" />
    <property name="apple.awt.graphics.UseQuartz" value="true" />
    <property name="libs.graaljs.src" value="" />
    <property name="run.jvmargs" value="--module-path C:\Libraries\jar_javafx_sdk_17.0.10 --add-modules javafx.controls,javafx.fxml" />
    <property name="libs.primefaces.src" value="" />
    <property name="ant.file" value="C:\Users\ivanr\OneDrive\Escritorio\ConstruccionCoilVic\JavaApplication2\build.xml" />
    <property name="libs.struts.src" value="" />
    <property name="path.separator" value=";" />
    <property name="libs.JAXB-ENDORSED.classpath" value="C:\Program Files\NetBeans-19\netbeans\ide\modules\ext\jaxb\api\jaxb-api.jar" />
    <property name="libs.restlib.src" value="" />
    <property name="build.test.results.dir" value="build/test/results" />
    <property name="libs.jaxws21.javadoc" value="C:\Program Files\NetBeans-19\netbeans\java\docs\jaxws-api-doc.zip" />
    <property name="libs.javaee-endorsed-api-6.0.javadoc" value="C:\Program Files\NetBeans-19\netbeans\enterprise\docs\javaee-doc-api.jar" />
    <property name="libs.spring-framework400.maven-pom" value="" />
    <property name="ap.processors.internal" value="" />
    <property name="module.name" value="" />
    <property name="libs.spring-webmvc5.0.javadoc" value="" />
    <property name="libs.jsf12.classpath" value="C:\Program Files\NetBeans-19\netbeans\enterprise\modules\ext\jsf-1_2\jsf-api.jar;C:\Program Files\NetBeans-19\netbeans\enterprise\modules\ext\jsf-1_2\jsf-impl.jar" />
    <property name="libs.spring-framework400.javadoc" value="" />
    <property name="libs.hamcrest.javadoc" value="" />
    <property name="do.jar" value="true" />
    <property name="java.vm.info" value="mixed mode, sharing" />
    <property name="libs.primefaces.classpath" value="C:\Program Files\NetBeans-19\netbeans\enterprise\modules\ext\primefaces\primefaces-5.0.jar" />
    <property name="libs.jaxws21.maven-pom" value="" />
    <property name="run.test.classpath" value="C:\Program Files\NetBeans-19\netbeans\platform\modules\ext\junit-jupiter-api-5.6.0.jar;C:\Program Files\NetBeans-19\netbeans\platform\modules\ext\junit-jupiter-engine-5.6.0.jar;C:\Program Files\NetBeans-19\netbeans\platform\modules\ext\junit-jupiter-params-5.6.0.jar:C:\Program Files\NetBeans-19\netbeans\platform\modules\ext\hamcrest-core-1.3.jar:C:\Libraries\jar_mail\javax-inject.jar:C:\Libraries\jar_mail\javax.activation-1.1.0.v201105071233.jar:C:\Libraries\jar_mail\javax.ejb.jar:C:\Libraries\jar_mail\javax.faces-api-2.0.jar:C:\Libraries\jar_mail\mail.jar:C:\Libraries\jar_mysql_8.0.33\mysql-connector-j-8.0.33.jar:C:\Libraries\log4j_1.2.17\log4j-1.2.17.jar:C:\Libraries\apache-poi\poi-bin-5.2.3\poi-5.2.3.jar;C:\Libraries\apache-poi\poi-bin-5.2.3\poi-examples-5.2.3.jar;C:\Libraries\apache-poi\poi-bin-5.2.3\poi-excelant-5.2.3.jar;C:\Libraries\apache-poi\poi-bin-5.2.3\poi-javadoc-5.2.3.jar;C:\Libraries\apache-poi\poi-bin-5.2.3\poi-ooxml-5.2.3.jar;C:\Libraries\apache-poi\poi-bin-5.2.3\poi-ooxml-full-5.2.3.jar;C:\Libraries\apache-poi\poi-bin-5.2.3\poi-ooxml-lite-5.2.3.jar;C:\Libraries\apache-poi\poi-bin-5.2.3\poi-scratchpad-5.2.3.jar;C:\Libraries\apache-poi\poi-bin-5.2.3\lib\SparseBitSet-1.2.jar;C:\Libraries\apache-poi\poi-bin-5.2.3\lib\commons-codec-1.15.jar;C:\Libraries\apache-poi\poi-bin-5.2.3\lib\commons-collections4-4.4.jar;C:\Libraries\apache-poi\poi-bin-5.2.3\lib\commons-io-2.11.0.jar;C:\Libraries\apache-poi\poi-bin-5.2.3\lib\commons-math3-3.6.1.jar;C:\Libraries\apache-poi\poi-bin-5.2.3\lib\log4j-api-2.18.0.jar;C:\Libraries\apache-poi\poi-bin-5.2.3\ooxml-lib\commons-compress-1.21.jar;C:\Libraries\apache-poi\poi-bin-5.2.3\ooxml-lib\commons-logging-1.2.jar;C:\Libraries\apache-poi\poi-bin-5.2.3\ooxml-lib\curvesapi-1.07.jar;C:\Libraries\apache-poi\poi-bin-5.2.3\ooxml-lib\jakarta.activation-2.0.1.jar;C:\Libraries\apache-poi\poi-bin-5.2.3\ooxml-lib\jakarta.xml.bind-api-3.0.1.jar;C:\Libraries\apache-poi\poi-bin-5.2.3\ooxml-lib\slf4j-api-1.7.36.jar;C:\Libraries\apache-poi\poi-bin-5.2.3\ooxml-lib\xmlbeans-5.1.1.jar:C:\Libraries\iText7-Core-7.1.4\barcodes-7.1.4.jar:C:\Libraries\iText7-Core-7.1.4\font-asian-7.1.4.jar:C:\Libraries\iText7-Core-7.1.4\forms-7.1.4.jar:C:\Libraries\iText7-Core-7.1.4\hyph-7.1.4.jar:C:\Libraries\iText7-Core-7.1.4\io-7.1.4.jar:C:\Libraries\iText7-Core-7.1.4\kernel-7.1.4.jar:C:\Libraries\iText7-Core-7.1.4\layout-7.1.4.jar:C:\Libraries\iText7-Core-7.1.4\pdfa-7.1.4.jar:C:\Libraries\iText7-Core-7.1.4\pdftest-7.1.4.jar:C:\Libraries\iText7-Core-7.1.4\sign-7.1.4.jar:C:\Libraries\iText7-Core-7.1.4\styled-xml-parser-7.1.4.jar:C:\Libraries\iText7-Core-7.1.4\svg-7.1.4.jar:C:\Program Files\NetBeans-19\netbeans\platform\modules\ext\junit-4.13.2.jar:C:\Users\ivanr\Downloads\openjfx-17.0.10_windows-x64_bin-sdk\javafx-sdk-17.0.10\lib\javafx-swt.jar;C:\Users\ivanr\Downloads\openjfx-17.0.10_windows-x64_bin-sdk\javafx-sdk-17.0.10\lib\javafx.base.jar;C:\Users\ivanr\Downloads\openjfx-17.0.10_windows-x64_bin-sdk\javafx-sdk-17.0.10\lib\javafx.controls.jar;C:\Users\ivanr\Downloads\openjfx-17.0.10_windows-x64_bin-sdk\javafx-sdk-17.0.10\lib\javafx.fxml.jar;C:\Users\ivanr\Downloads\openjfx-17.0.10_windows-x64_bin-sdk\javafx-sdk-17.0.10\lib\javafx.graphics.jar;C:\Users\ivanr\Downloads\openjfx-17.0.10_windows-x64_bin-sdk\javafx-sdk-17.0.10\lib\javafx.media.jar;C:\Users\ivanr\Downloads\openjfx-17.0.10_windows-x64_bin-sdk\javafx-sdk-17.0.10\lib\javafx.swing.jar;C:\Users\ivanr\Downloads\openjfx-17.0.10_windows-x64_bin-sdk\javafx-sdk-17.0.10\lib\javafx.web.jar:build/classes:build/test/classes" />
    <property name="file.reference.poi-ooxml-lite-5.2.3.jar" value="C:\Libraries\apache-poi\poi-bin-5.2.3\poi-ooxml-lite-5.2.3.jar" />
    <property name="dist.jlink.output" value="dist/jlink/CoilVic" />
    <property name="javadoc.encoding.used" value="UTF-8" />
    <property name="java.class.version" value="61.0" />
    <property name="src.dir" value="src" />
    <property name="ant.project.default-target" value="default" />
    <property name="debug.classpath" value="C:\Program Files\NetBeans-19\netbeans\platform\modules\ext\junit-jupiter-api-5.6.0.jar;C:\Program Files\NetBeans-19\netbeans\platform\modules\ext\junit-jupiter-engine-5.6.0.jar;C:\Program Files\NetBeans-19\netbeans\platform\modules\ext\junit-jupiter-params-5.6.0.jar:C:\Program Files\NetBeans-19\netbeans\platform\modules\ext\hamcrest-core-1.3.jar:C:\Libraries\jar_mail\javax-inject.jar:C:\Libraries\jar_mail\javax.activation-1.1.0.v201105071233.jar:C:\Libraries\jar_mail\javax.ejb.jar:C:\Libraries\jar_mail\javax.faces-api-2.0.jar:C:\Libraries\jar_mail\mail.jar:C:\Libraries\jar_mysql_8.0.33\mysql-connector-j-8.0.33.jar:C:\Libraries\log4j_1.2.17\log4j-1.2.17.jar:C:\Libraries\apache-poi\poi-bin-5.2.3\poi-5.2.3.jar;C:\Libraries\apache-poi\poi-bin-5.2.3\poi-examples-5.2.3.jar;C:\Libraries\apache-poi\poi-bin-5.2.3\poi-excelant-5.2.3.jar;C:\Libraries\apache-poi\poi-bin-5.2.3\poi-javadoc-5.2.3.jar;C:\Libraries\apache-poi\poi-bin-5.2.3\poi-ooxml-5.2.3.jar;C:\Libraries\apache-poi\poi-bin-5.2.3\poi-ooxml-full-5.2.3.jar;C:\Libraries\apache-poi\poi-bin-5.2.3\poi-ooxml-lite-5.2.3.jar;C:\Libraries\apache-poi\poi-bin-5.2.3\poi-scratchpad-5.2.3.jar;C:\Libraries\apache-poi\poi-bin-5.2.3\lib\SparseBitSet-1.2.jar;C:\Libraries\apache-poi\poi-bin-5.2.3\lib\commons-codec-1.15.jar;C:\Libraries\apache-poi\poi-bin-5.2.3\lib\commons-collections4-4.4.jar;C:\Libraries\apache-poi\poi-bin-5.2.3\lib\commons-io-2.11.0.jar;C:\Libraries\apache-poi\poi-bin-5.2.3\lib\commons-math3-3.6.1.jar;C:\Libraries\apache-poi\poi-bin-5.2.3\lib\log4j-api-2.18.0.jar;C:\Libraries\apache-poi\poi-bin-5.2.3\ooxml-lib\commons-compress-1.21.jar;C:\Libraries\apache-poi\poi-bin-5.2.3\ooxml-lib\commons-logging-1.2.jar;C:\Libraries\apache-poi\poi-bin-5.2.3\ooxml-lib\curvesapi-1.07.jar;C:\Libraries\apache-poi\poi-bin-5.2.3\ooxml-lib\jakarta.activation-2.0.1.jar;C:\Libraries\apache-poi\poi-bin-5.2.3\ooxml-lib\jakarta.xml.bind-api-3.0.1.jar;C:\Libraries\apache-poi\poi-bin-5.2.3\ooxml-lib\slf4j-api-1.7.36.jar;C:\Libraries\apache-poi\poi-bin-5.2.3\ooxml-lib\xmlbeans-5.1.1.jar:C:\Libraries\iText7-Core-7.1.4\barcodes-7.1.4.jar:C:\Libraries\iText7-Core-7.1.4\font-asian-7.1.4.jar:C:\Libraries\iText7-Core-7.1.4\forms-7.1.4.jar:C:\Libraries\iText7-Core-7.1.4\hyph-7.1.4.jar:C:\Libraries\iText7-Core-7.1.4\io-7.1.4.jar:C:\Libraries\iText7-Core-7.1.4\kernel-7.1.4.jar:C:\Libraries\iText7-Core-7.1.4\layout-7.1.4.jar:C:\Libraries\iText7-Core-7.1.4\pdfa-7.1.4.jar:C:\Libraries\iText7-Core-7.1.4\pdftest-7.1.4.jar:C:\Libraries\iText7-Core-7.1.4\sign-7.1.4.jar:C:\Libraries\iText7-Core-7.1.4\styled-xml-parser-7.1.4.jar:C:\Libraries\iText7-Core-7.1.4\svg-7.1.4.jar:C:\Program Files\NetBeans-19\netbeans\platform\modules\ext\junit-4.13.2.jar:C:\Users\ivanr\Downloads\openjfx-17.0.10_windows-x64_bin-sdk\javafx-sdk-17.0.10\lib\javafx-swt.jar;C:\Users\ivanr\Downloads\openjfx-17.0.10_windows-x64_bin-sdk\javafx-sdk-17.0.10\lib\javafx.base.jar;C:\Users\ivanr\Downloads\openjfx-17.0.10_windows-x64_bin-sdk\javafx-sdk-17.0.10\lib\javafx.controls.jar;C:\Users\ivanr\Downloads\openjfx-17.0.10_windows-x64_bin-sdk\javafx-sdk-17.0.10\lib\javafx.fxml.jar;C:\Users\ivanr\Downloads\openjfx-17.0.10_windows-x64_bin-sdk\javafx-sdk-17.0.10\lib\javafx.graphics.jar;C:\Users\ivanr\Downloads\openjfx-17.0.10_windows-x64_bin-sdk\javafx-sdk-17.0.10\lib\javafx.media.jar;C:\Users\ivanr\Downloads\openjfx-17.0.10_windows-x64_bin-sdk\javafx-sdk-17.0.10\lib\javafx.swing.jar;C:\Users\ivanr\Downloads\openjfx-17.0.10_windows-x64_bin-sdk\javafx-sdk-17.0.10\lib\javafx.web.jar:build/classes" />
    <property name="excludes" value="" />
    <property name="libs.javaee-api-7.0.src" value="" />
    <property name="libs.junit_4.javadoc" value="C:\Program Files\NetBeans-19\netbeans\platform\docs\junit-4.13.2-javadoc.jar" />
    <property name="run.test.jvmargs" value="" />
    <property name="sun.jnu.encoding" value="Cp1252" />
    <property name="jnlp.offline-allowed" value="false" />
    <property name="libs.spring-webmvc4.0.src" value="" />
    <property name="sun.java2d.dpiaware" value="true" />
    <property name="ant.file.type.CoilVic-impl" value="file" />
    <property name="main.class.available" value="true" />
    <property name="libs.jsf20.javadoc" value="C:\Program Files\NetBeans-19\netbeans\enterprise\docs\javaee-doc-api.jar" />
    <property name="${libs.junit_4.classpath}" value="C:\Program Files\NetBeans-19\netbeans\platform\modules\ext\hamcrest-core-1.3.jar:C:\Program Files\NetBeans-19\netbeans\platform\modules\ext\junit-jupiter-api-5.6.0.jar;C:\Program Files\NetBeans-19\netbeans\platform\modules\ext\junit-jupiter-engine-5.6.0.jar;C:\Program Files\NetBeans-19\netbeans\platform\modules\ext\junit-jupiter-params-5.6.0.jar:C:\Libraries\log4j_1.2.17\log4j-1.2.17.jar:${libs.itext.classpath}:${libs.JavaFX_17.classpath}:${libs.log4j.classpath}:${libs.mail.classpath}:C:\Users\edgar\Desktop\Construcción COIL-VIC\COIL-VIC Database\mysql-connector-j-8.1.0.jar:=======" />
    <property name="netbeans.importclass" value="org.netbeans.upgrade.AutoUpgrade" />
    <property name="jar.archive.disabled" value="false" />
    <property name="netbeans.autoupdate.version" value="1.23" />
    <property name="empty.dir" value="C:\Users\ivanr\OneDrive\Escritorio\ConstruccionCoilVic\JavaApplication2\build\empty" />
    <property name="ant.file.CoilVic-impl" value="C:\Users\ivanr\OneDrive\Escritorio\ConstruccionCoilVic\JavaApplication2\nbproject\build-impl.xml" />
    <property name="libs.jakartaee-api-10.0.classpath" value="C:\Program Files\NetBeans-19\netbeans\enterprise\modules\ext\jakarta.jakartaee-api-10.0.0.jar" />
    <property name="netbeans.user" value="C:\Users\ivanr\AppData\Roaming\NetBeans\19" />
    <property name="file.separator" value="\" />
    <property name="line.separator" value="&#xd;&#xa;" />
    <property name="javadoc.additionalparam" value="-exclude com.itextpdf.kernel.crypto.securityhandler  " />
    <property name="jnlp.signed" value="false" />
    <property name="libs.spring-webmvc5.0.classpath" value="C:\Program Files\NetBeans-19\netbeans\java\modules\ext\spring-5\spring-webmvc-5.2.9.RELEASE.jar" />
    <property name="javac.debug" value="true" />
    <property name="libs.restlib.maven-pom" value="" />
    <property name="libs.testng.classpath" value="C:\Program Files\NetBeans-19\netbeans\platform\modules\ext\testng-6.14.3.jar;C:\Program Files\NetBeans-19\netbeans\platform\modules\ext\jcommander-1.78.jar" />
    <property name="libs.jsp-compiler.src" value="" />
    <property name="user.name" value="ivanr" />
    <property name="file.reference.barcodes-7.1.4.jar" value="C:\Libraries\iText7-Core-7.1.4\barcodes-7.1.4.jar" />
    <property name="build.classes.dir" value="build/classes" />
    <property name="javadoc.windowtitle" value="Documentacion proyecto" />
    <property name="nb.junit.single" value="false" />
    <property name="nb.internal.action.name" value="test.single" />
    <property name="libs.javaee-api-8.0.maven-pom" value="" />
    <property name="libs.jaxws21.src" value="" />
    <property name="libs.jakartaee-web-api-9.0.javadoc" value="C:\Program Files\NetBeans-19\netbeans\enterprise\docs\jakartaee9-doc-api.jar" />
    <property name="apple.awt.application.appearance" value="system" />
    <property name="jna.loaded" value="true" />
    <property name="libs.junit_5.maven-pom" value="" />
    <property name="libs.jpa20-persistence.javadoc" value="C:\Program Files\NetBeans-19\netbeans\java\modules\ext\docs\jakarta.persistence-2.2.3-doc.zip" />
    <property name="ant.junit.enabletestlistenerevents" value="true" />
    <property name="libs.JWSAntTasks.src" value="" />
    <property name="ant.home" value="C:\Program Files\NetBeans-19\netbeans\extide\ant" />
    <property name="file.reference.kernel-7.1.4.jar" value="C:\Libraries\iText7-Core-7.1.4\kernel-7.1.4.jar" />
    <property name="libs.spring-webmvc3.0.src" value="" />
    <property name="debug.test.classpath" value="C:\Program Files\NetBeans-19\netbeans\platform\modules\ext\junit-jupiter-api-5.6.0.jar;C:\Program Files\NetBeans-19\netbeans\platform\modules\ext\junit-jupiter-engine-5.6.0.jar;C:\Program Files\NetBeans-19\netbeans\platform\modules\ext\junit-jupiter-params-5.6.0.jar:C:\Program Files\NetBeans-19\netbeans\platform\modules\ext\hamcrest-core-1.3.jar:C:\Libraries\jar_mail\javax-inject.jar:C:\Libraries\jar_mail\javax.activation-1.1.0.v201105071233.jar:C:\Libraries\jar_mail\javax.ejb.jar:C:\Libraries\jar_mail\javax.faces-api-2.0.jar:C:\Libraries\jar_mail\mail.jar:C:\Libraries\jar_mysql_8.0.33\mysql-connector-j-8.0.33.jar:C:\Libraries\log4j_1.2.17\log4j-1.2.17.jar:C:\Libraries\apache-poi\poi-bin-5.2.3\poi-5.2.3.jar;C:\Libraries\apache-poi\poi-bin-5.2.3\poi-examples-5.2.3.jar;C:\Libraries\apache-poi\poi-bin-5.2.3\poi-excelant-5.2.3.jar;C:\Libraries\apache-poi\poi-bin-5.2.3\poi-javadoc-5.2.3.jar;C:\Libraries\apache-poi\poi-bin-5.2.3\poi-ooxml-5.2.3.jar;C:\Libraries\apache-poi\poi-bin-5.2.3\poi-ooxml-full-5.2.3.jar;C:\Libraries\apache-poi\poi-bin-5.2.3\poi-ooxml-lite-5.2.3.jar;C:\Libraries\apache-poi\poi-bin-5.2.3\poi-scratchpad-5.2.3.jar;C:\Libraries\apache-poi\poi-bin-5.2.3\lib\SparseBitSet-1.2.jar;C:\Libraries\apache-poi\poi-bin-5.2.3\lib\commons-codec-1.15.jar;C:\Libraries\apache-poi\poi-bin-5.2.3\lib\commons-collections4-4.4.jar;C:\Libraries\apache-poi\poi-bin-5.2.3\lib\commons-io-2.11.0.jar;C:\Libraries\apache-poi\poi-bin-5.2.3\lib\commons-math3-3.6.1.jar;C:\Libraries\apache-poi\poi-bin-5.2.3\lib\log4j-api-2.18.0.jar;C:\Libraries\apache-poi\poi-bin-5.2.3\ooxml-lib\commons-compress-1.21.jar;C:\Libraries\apache-poi\poi-bin-5.2.3\ooxml-lib\commons-logging-1.2.jar;C:\Libraries\apache-poi\poi-bin-5.2.3\ooxml-lib\curvesapi-1.07.jar;C:\Libraries\apache-poi\poi-bin-5.2.3\ooxml-lib\jakarta.activation-2.0.1.jar;C:\Libraries\apache-poi\poi-bin-5.2.3\ooxml-lib\jakarta.xml.bind-api-3.0.1.jar;C:\Libraries\apache-poi\poi-bin-5.2.3\ooxml-lib\slf4j-api-1.7.36.jar;C:\Libraries\apache-poi\poi-bin-5.2.3\ooxml-lib\xmlbeans-5.1.1.jar:C:\Libraries\iText7-Core-7.1.4\barcodes-7.1.4.jar:C:\Libraries\iText7-Core-7.1.4\font-asian-7.1.4.jar:C:\Libraries\iText7-Core-7.1.4\forms-7.1.4.jar:C:\Libraries\iText7-Core-7.1.4\hyph-7.1.4.jar:C:\Libraries\iText7-Core-7.1.4\io-7.1.4.jar:C:\Libraries\iText7-Core-7.1.4\kernel-7.1.4.jar:C:\Libraries\iText7-Core-7.1.4\layout-7.1.4.jar:C:\Libraries\iText7-Core-7.1.4\pdfa-7.1.4.jar:C:\Libraries\iText7-Core-7.1.4\pdftest-7.1.4.jar:C:\Libraries\iText7-Core-7.1.4\sign-7.1.4.jar:C:\Libraries\iText7-Core-7.1.4\styled-xml-parser-7.1.4.jar:C:\Libraries\iText7-Core-7.1.4\svg-7.1.4.jar:C:\Program Files\NetBeans-19\netbeans\platform\modules\ext\junit-4.13.2.jar:C:\Users\ivanr\Downloads\openjfx-17.0.10_windows-x64_bin-sdk\javafx-sdk-17.0.10\lib\javafx-swt.jar;C:\Users\ivanr\Downloads\openjfx-17.0.10_windows-x64_bin-sdk\javafx-sdk-17.0.10\lib\javafx.base.jar;C:\Users\ivanr\Downloads\openjfx-17.0.10_windows-x64_bin-sdk\javafx-sdk-17.0.10\lib\javafx.controls.jar;C:\Users\ivanr\Downloads\openjfx-17.0.10_windows-x64_bin-sdk\javafx-sdk-17.0.10\lib\javafx.fxml.jar;C:\Users\ivanr\Downloads\openjfx-17.0.10_windows-x64_bin-sdk\javafx-sdk-17.0.10\lib\javafx.graphics.jar;C:\Users\ivanr\Downloads\openjfx-17.0.10_windows-x64_bin-sdk\javafx-sdk-17.0.10\lib\javafx.media.jar;C:\Users\ivanr\Downloads\openjfx-17.0.10_windows-x64_bin-sdk\javafx-sdk-17.0.10\lib\javafx.swing.jar;C:\Users\ivanr\Downloads\openjfx-17.0.10_windows-x64_bin-sdk\javafx-sdk-17.0.10\lib\javafx.web.jar:build/classes:build/test/classes" />
    <property name="javac.external.vm" value="false" />
    <property name="have.tests" value="true" />
    <property name="testng.debug.mode" value="" />
    <property name="javac.target" value="17" />
    <property name="jnlp.signing" value="" />
    <property name="ant.version" value="Apache Ant(TM) version 1.10.8 compiled on May 10 2020" />
    <property name="libs.absolutelayout.maven-pom" value="" />
    <property name="java.failonerror" value="true" />
    <property name="libs.spring-framework500.src" value="" />
    <property name="file.reference.curvesapi-1.07.jar" value="C:\Libraries\poi-bin-5.2.3\ooxml-lib\curvesapi-1.07.jar" />
    <property name="javac.modulepath" value="" />
    <property name="${file.reference.poi-5.2.3.jar}" value="C:\Libraries\apache-poi\poi-bin-5.2.3\poi-examples-5.2.3.jar:C:\Libraries\apache-poi\poi-bin-5.2.3\poi-excelant-5.2.3.jar:C:\Libraries\apache-poi\poi-bin-5.2.3\poi-javadoc-5.2.3.jar:&lt;&lt;&lt;&lt;&lt;&lt;&lt; HEAD" />
    <property name="user.properties.file" value="C:\Users\ivanr\AppData\Roaming\NetBeans\19\build.properties" />
    <property name="libs.javaee-api-6.0.src" value="" />
    <property name="netbeans.autoupdate.country" value="MX" />
    <property name="file.reference.xmlbeans-5.1.1.jar" value="C:\Libraries\poi-bin-5.2.3\ooxml-lib\xmlbeans-5.1.1.jar" />
    <property name="${file.reference.SparseBitSet-1.2.jar}" value="C:\Libraries\apache-poi\poi-bin-5.2.3\lib\commons-codec-1.15.jar:C:\Libraries\apache-poi\poi-bin-5.2.3\lib\commons-collections4-4.4.jar:C:\Libraries\apache-poi\poi-bin-5.2.3\lib\commons-io-2.11.0.jar:C:\Libraries\apache-poi\poi-bin-5.2.3\lib\commons-math3-3.6.1.jar:C:\Libraries\apache-poi\poi-bin-5.2.3\lib\log4j-api-2.18.0.jar:&lt;&lt;&lt;&lt;&lt;&lt;&lt; HEAD" />
    <property name="java.class.path" value="C:\Program Files\NetBeans-19\netbeans\platform\modules\ext\junit-jupiter-api-5.6.0.jar;C:\Program Files\NetBeans-19\netbeans\platform\modules\ext\junit-jupiter-engine-5.6.0.jar;C:\Program Files\NetBeans-19\netbeans\platform\modules\ext\junit-jupiter-params-5.6.0.jar;C:\Program Files\NetBeans-19\netbeans\platform\modules\ext\hamcrest-core-1.3.jar;C:\Libraries\jar_mail\javax-inject.jar;C:\Libraries\jar_mail\javax.activation-1.1.0.v201105071233.jar;C:\Libraries\jar_mail\javax.ejb.jar;C:\Libraries\jar_mail\javax.faces-api-2.0.jar;C:\Libraries\jar_mail\mail.jar;C:\Libraries\jar_mysql_8.0.33\mysql-connector-j-8.0.33.jar;C:\Libraries\log4j_1.2.17\log4j-1.2.17.jar;C:\Libraries\apache-poi\poi-bin-5.2.3\poi-5.2.3.jar;C:\Libraries\apache-poi\poi-bin-5.2.3\poi-examples-5.2.3.jar;C:\Libraries\apache-poi\poi-bin-5.2.3\poi-excelant-5.2.3.jar;C:\Libraries\apache-poi\poi-bin-5.2.3\poi-javadoc-5.2.3.jar;C:\Libraries\apache-poi\poi-bin-5.2.3\poi-ooxml-5.2.3.jar;C:\Libraries\apache-poi\poi-bin-5.2.3\poi-ooxml-full-5.2.3.jar;C:\Libraries\apache-poi\poi-bin-5.2.3\poi-ooxml-lite-5.2.3.jar;C:\Libraries\apache-poi\poi-bin-5.2.3\poi-scratchpad-5.2.3.jar;C:\Libraries\apache-poi\poi-bin-5.2.3\lib\SparseBitSet-1.2.jar;C:\Libraries\apache-poi\poi-bin-5.2.3\lib\commons-codec-1.15.jar;C:\Libraries\apache-poi\poi-bin-5.2.3\lib\commons-collections4-4.4.jar;C:\Libraries\apache-poi\poi-bin-5.2.3\lib\commons-io-2.11.0.jar;C:\Libraries\apache-poi\poi-bin-5.2.3\lib\commons-math3-3.6.1.jar;C:\Libraries\apache-poi\poi-bin-5.2.3\lib\log4j-api-2.18.0.jar;C:\Libraries\apache-poi\poi-bin-5.2.3\ooxml-lib\commons-compress-1.21.jar;C:\Libraries\apache-poi\poi-bin-5.2.3\ooxml-lib\commons-logging-1.2.jar;C:\Libraries\apache-poi\poi-bin-5.2.3\ooxml-lib\curvesapi-1.07.jar;C:\Libraries\apache-poi\poi-bin-5.2.3\ooxml-lib\jakarta.activation-2.0.1.jar;C:\Libraries\apache-poi\poi-bin-5.2.3\ooxml-lib\jakarta.xml.bind-api-3.0.1.jar;C:\Libraries\apache-poi\poi-bin-5.2.3\ooxml-lib\slf4j-api-1.7.36.jar;C:\Libraries\apache-poi\poi-bin-5.2.3\ooxml-lib\xmlbeans-5.1.1.jar;C:\Libraries\iText7-Core-7.1.4\barcodes-7.1.4.jar;C:\Libraries\iText7-Core-7.1.4\font-asian-7.1.4.jar;C:\Libraries\iText7-Core-7.1.4\forms-7.1.4.jar;C:\Libraries\iText7-Core-7.1.4\hyph-7.1.4.jar;C:\Libraries\iText7-Core-7.1.4\io-7.1.4.jar;C:\Libraries\iText7-Core-7.1.4\kernel-7.1.4.jar;C:\Libraries\iText7-Core-7.1.4\layout-7.1.4.jar;C:\Libraries\iText7-Core-7.1.4\pdfa-7.1.4.jar;C:\Libraries\iText7-Core-7.1.4\pdftest-7.1.4.jar;C:\Libraries\iText7-Core-7.1.4\sign-7.1.4.jar;C:\Libraries\iText7-Core-7.1.4\styled-xml-parser-7.1.4.jar;C:\Libraries\iText7-Core-7.1.4\svg-7.1.4.jar;C:\Program Files\NetBeans-19\netbeans\platform\modules\ext\junit-4.13.2.jar;C:\Users\ivanr\Downloads\openjfx-17.0.10_windows-x64_bin-sdk\javafx-sdk-17.0.10\lib\javafx-swt.jar;C:\Users\ivanr\Downloads\openjfx-17.0.10_windows-x64_bin-sdk\javafx-sdk-17.0.10\lib\javafx.base.jar;C:\Users\ivanr\Downloads\openjfx-17.0.10_windows-x64_bin-sdk\javafx-sdk-17.0.10\lib\javafx.controls.jar;C:\Users\ivanr\Downloads\openjfx-17.0.10_windows-x64_bin-sdk\javafx-sdk-17.0.10\lib\javafx.fxml.jar;C:\Users\ivanr\Downloads\openjfx-17.0.10_windows-x64_bin-sdk\javafx-sdk-17.0.10\lib\javafx.graphics.jar;C:\Users\ivanr\Downloads\openjfx-17.0.10_windows-x64_bin-sdk\javafx-sdk-17.0.10\lib\javafx.media.jar;C:\Users\ivanr\Downloads\openjfx-17.0.10_windows-x64_bin-sdk\javafx-sdk-17.0.10\lib\javafx.swing.jar;C:\Users\ivanr\Downloads\openjfx-17.0.10_windows-x64_bin-sdk\javafx-sdk-17.0.10\lib\javafx.web.jar;C:\Users\ivanr\OneDrive\Escritorio\ConstruccionCoilVic\JavaApplication2\build\classes;C:\Users\ivanr\OneDrive\Escritorio\ConstruccionCoilVic\JavaApplication2\build\test\classes;C:\Program Files\NetBeans-19\netbeans\extide\ant\lib\ant-launcher.jar;C:\Program Files\NetBeans-19\netbeans\extide\ant\lib\ant.jar;C:\Program Files\NetBeans-19\netbeans\extide\ant\lib\ant-junit.jar;C:\Program Files\NetBeans-19\netbeans\extide\ant\lib\ant-junit4.jar" />
    <property name="libs.javaee-web-api-6.0.maven-pom" value="" />
    <property name="java.vm.vendor" value="Oracle Corporation" />
    <property name="ap.supported.internal" value="true" />
    <property name="user.variant" value="" />
    <property name="netbeans.home+have.tests" value="true" />
    <property name="test.binaryexcludes" value="" />
    <property name="javac.compilerargs" value="" />
    <property name="libs.jstl.maven-pom" value="" />
    <property name="libs.jakartaee-web-api-8.0.src" value="" />
    <property name="sun.cpu.endian" value="little" />
    <property name="libs.junit_4.src" value="C:\Program Files\NetBeans-19\netbeans\platform\docs\junit-4.13.2-sources.jar" />
    <property name="libs.jakartaee-api-9.0.src" value="" />
    <property name="user.language" value="es" />
    <property name="copylibs.rebase" value="true" />
    <property name="maven.defaultProjectBuilder.disableGlobalModelCache" value="true" />
    <property name="libs.javaee-web-api-6.0.src" value="" />
    <property name="javadoc.nonavbar" value="false" />
    <property name="file.reference.poi-5.2.3.jar" value="C:\Libraries\apache-poi\poi-bin-5.2.3\poi-5.2.3.jar" />
    <property name="libs.javaee-api-8.0.src" value="" />
    <property name="file.reference.pdfa-7.1.4.jar" value="C:\Libraries\iText7-Core-7.1.4\pdfa-7.1.4.jar" />
    <property name="ant.java.version" value="17" />
    <property name="libs.junit_4.classpath" value="C:\Program Files\NetBeans-19\netbeans\platform\modules\ext\junit-4.13.2.jar" />
    <property name="libs.jakartaee-api-9.0.javadoc" value="C:\Program Files\NetBeans-19\netbeans\enterprise\docs\jakartaee9-doc-api.jar" />
    <property name="${libs.apache-poi.classpath}" value="" />
    <property name="jlink.launcher.name" value="CoilVic" />
    <property name="file.reference.sign-7.1.4.jar" value="C:\Libraries\iText7-Core-7.1.4\sign-7.1.4.jar" />
    <property name="test.binarytestincludes" value="" />
    <property name="sun.awt.keepWorkingSetOnMinimize" value="true" />
    <property name="libs.spring-webmvc5.0.maven-pom" value="" />
    <property name="libs.junit_4.maven-pom" value="" />
    <property name="runtime.encoding" value="UTF-8" />
    <property name="libs.jsp-compiler.maven-pom" value="" />
    <property name="jlink.additionalmodules" value="" />
    <property name="libs.jakartaee-web-api-10.0.javadoc" value="C:\Program Files\NetBeans-19\netbeans\enterprise\docs\jakartaee10-doc-api.jar" />
    <property name="libs.jakartaee-web-api-8.0.classpath" value="C:\Program Files\NetBeans-19\netbeans\enterprise\modules\ext\jakarta.jakartaee-web-api-8.0.0.jar" />
    <property name="javac.classpath" value="C:\Program Files\NetBeans-19\netbeans\platform\modules\ext\junit-jupiter-api-5.6.0.jar;C:\Program Files\NetBeans-19\netbeans\platform\modules\ext\junit-jupiter-engine-5.6.0.jar;C:\Program Files\NetBeans-19\netbeans\platform\modules\ext\junit-jupiter-params-5.6.0.jar:C:\Program Files\NetBeans-19\netbeans\platform\modules\ext\hamcrest-core-1.3.jar:C:\Libraries\jar_mail\javax-inject.jar:C:\Libraries\jar_mail\javax.activation-1.1.0.v201105071233.jar:C:\Libraries\jar_mail\javax.ejb.jar:C:\Libraries\jar_mail\javax.faces-api-2.0.jar:C:\Libraries\jar_mail\mail.jar:C:\Libraries\jar_mysql_8.0.33\mysql-connector-j-8.0.33.jar:C:\Libraries\log4j_1.2.17\log4j-1.2.17.jar:C:\Libraries\apache-poi\poi-bin-5.2.3\poi-5.2.3.jar;C:\Libraries\apache-poi\poi-bin-5.2.3\poi-examples-5.2.3.jar;C:\Libraries\apache-poi\poi-bin-5.2.3\poi-excelant-5.2.3.jar;C:\Libraries\apache-poi\poi-bin-5.2.3\poi-javadoc-5.2.3.jar;C:\Libraries\apache-poi\poi-bin-5.2.3\poi-ooxml-5.2.3.jar;C:\Libraries\apache-poi\poi-bin-5.2.3\poi-ooxml-full-5.2.3.jar;C:\Libraries\apache-poi\poi-bin-5.2.3\poi-ooxml-lite-5.2.3.jar;C:\Libraries\apache-poi\poi-bin-5.2.3\poi-scratchpad-5.2.3.jar;C:\Libraries\apache-poi\poi-bin-5.2.3\lib\SparseBitSet-1.2.jar;C:\Libraries\apache-poi\poi-bin-5.2.3\lib\commons-codec-1.15.jar;C:\Libraries\apache-poi\poi-bin-5.2.3\lib\commons-collections4-4.4.jar;C:\Libraries\apache-poi\poi-bin-5.2.3\lib\commons-io-2.11.0.jar;C:\Libraries\apache-poi\poi-bin-5.2.3\lib\commons-math3-3.6.1.jar;C:\Libraries\apache-poi\poi-bin-5.2.3\lib\log4j-api-2.18.0.jar;C:\Libraries\apache-poi\poi-bin-5.2.3\ooxml-lib\commons-compress-1.21.jar;C:\Libraries\apache-poi\poi-bin-5.2.3\ooxml-lib\commons-logging-1.2.jar;C:\Libraries\apache-poi\poi-bin-5.2.3\ooxml-lib\curvesapi-1.07.jar;C:\Libraries\apache-poi\poi-bin-5.2.3\ooxml-lib\jakarta.activation-2.0.1.jar;C:\Libraries\apache-poi\poi-bin-5.2.3\ooxml-lib\jakarta.xml.bind-api-3.0.1.jar;C:\Libraries\apache-poi\poi-bin-5.2.3\ooxml-lib\slf4j-api-1.7.36.jar;C:\Libraries\apache-poi\poi-bin-5.2.3\ooxml-lib\xmlbeans-5.1.1.jar:C:\Libraries\iText7-Core-7.1.4\barcodes-7.1.4.jar:C:\Libraries\iText7-Core-7.1.4\font-asian-7.1.4.jar:C:\Libraries\iText7-Core-7.1.4\forms-7.1.4.jar:C:\Libraries\iText7-Core-7.1.4\hyph-7.1.4.jar:C:\Libraries\iText7-Core-7.1.4\io-7.1.4.jar:C:\Libraries\iText7-Core-7.1.4\kernel-7.1.4.jar:C:\Libraries\iText7-Core-7.1.4\layout-7.1.4.jar:C:\Libraries\iText7-Core-7.1.4\pdfa-7.1.4.jar:C:\Libraries\iText7-Core-7.1.4\pdftest-7.1.4.jar:C:\Libraries\iText7-Core-7.1.4\sign-7.1.4.jar:C:\Libraries\iText7-Core-7.1.4\styled-xml-parser-7.1.4.jar:C:\Libraries\iText7-Core-7.1.4\svg-7.1.4.jar:C:\Program Files\NetBeans-19\netbeans\platform\modules\ext\junit-4.13.2.jar:C:\Users\ivanr\Downloads\openjfx-17.0.10_windows-x64_bin-sdk\javafx-sdk-17.0.10\lib\javafx-swt.jar;C:\Users\ivanr\Downloads\openjfx-17.0.10_windows-x64_bin-sdk\javafx-sdk-17.0.10\lib\javafx.base.jar;C:\Users\ivanr\Downloads\openjfx-17.0.10_windows-x64_bin-sdk\javafx-sdk-17.0.10\lib\javafx.controls.jar;C:\Users\ivanr\Downloads\openjfx-17.0.10_windows-x64_bin-sdk\javafx-sdk-17.0.10\lib\javafx.fxml.jar;C:\Users\ivanr\Downloads\openjfx-17.0.10_windows-x64_bin-sdk\javafx-sdk-17.0.10\lib\javafx.graphics.jar;C:\Users\ivanr\Downloads\openjfx-17.0.10_windows-x64_bin-sdk\javafx-sdk-17.0.10\lib\javafx.media.jar;C:\Users\ivanr\Downloads\openjfx-17.0.10_windows-x64_bin-sdk\javafx-sdk-17.0.10\lib\javafx.swing.jar;C:\Users\ivanr\Downloads\openjfx-17.0.10_windows-x64_bin-sdk\javafx-sdk-17.0.10\lib\javafx.web.jar" />
    <property name="dist.jlink.dir" value="dist/jlink" />
    <property name="nb.junit.batch" value="true" />
    <property name="file.reference.jakarta.xml.bind-api-3.0.1.jar" value="C:\Libraries\poi-bin-5.2.3\ooxml-lib\jakarta.xml.bind-api-3.0.1.jar" />
    <property name="libs.jakartaee-web-api-10.0.maven-pom" value="" />
    <property name="build.test.classes.dir" value="build/test/classes" />
    <property name="libs.JAVA_FX.src" value="" />
    <property name="${file.reference.poi-scratchpad-5.2.3.jar}" value="C:\Libraries\apache-poi\poi-bin-5.2.3\poi-ooxml-5.2.3.jar:C:\Libraries\apache-poi\poi-bin-5.2.3\poi-ooxml-full-5.2.3.jar:C:\Libraries\apache-poi\poi-bin-5.2.3\poi-ooxml-lite-5.2.3.jar:=======" />
    <property name="libs.spring-framework300.maven-pom" value="" />
    <property name="ant.project.invoked-targets" value="test" />
    <property name="libs.jstl.classpath" value="C:\Program Files\NetBeans-19\netbeans\enterprise\modules\ext\jstl-impl.jar;C:\Program Files\NetBeans-19\netbeans\enterprise\modules\ext\jstl-api.jar" />
    <property name="ap.cmd.line.internal" value="" />
    <property name="libs.PostgreSQLDriver.src" value="" />
    <property name="java.vendor.url.bug" value="https://bugreport.java.com/bugreport/" />
    <property name="annotation.processing.source.output" value="build/generated-sources/ap-source-output" />
    <property name="user.dir" value="C:\Users\ivanr\OneDrive\Escritorio\ConstruccionCoilVic\JavaApplication2" />
    <property name="libs.javaee-endorsed-api-6.0.maven-pom" value="" />
    <property name="platform.java" value="C:\Program Files\Java\jdk-17/bin/java" />
    <property name="application.args" value="" />
    <property name="org.xml.sax.driver" value="com.sun.org.apache.xerces.internal.jaxp.SAXParserImpl$JAXPSAXParser" />
    <property name="libs.jakartaee-web-api-8.0.maven-pom" value="" />
    <property name="libs.eclipselink.src" value="" />
    <property name="java.vm.version" value="17.0.8+9-LTS-211" />
    <property name="manifest.custom.codebase" value="" />
    <property name="libs.metro.javadoc" value="C:\Program Files\NetBeans-19\netbeans\enterprise\docs\webservices-api-javadoc.jar;C:\Program Files\NetBeans-19\netbeans\enterprise\docs\webservices-extra-javadoc.jar;C:\Program Files\NetBeans-19\netbeans\enterprise\docs\webservices-extra-api-javadoc.jar;C:\Program Files\NetBeans-19\netbeans\enterprise\docs\webservices-rt-javadoc.jar;C:\Program Files\NetBeans-19\netbeans\enterprise\docs\webservices-tools-javadoc.jar" />
    <property name="libs.jakartaee-web-api-9.0.src" value="" />
    <property name="libs.jakartaee-web-api-10.0.classpath" value="C:\Program Files\NetBeans-19\netbeans\enterprise\modules\ext\jakarta.jakartaee-web-api-10.0.0.jar" />
    <property name="sun.awt.datatransfer.timeout" value="1000" />
    <property name="junit.forkmode" value="perTest" />
    <property name="libs.jsp-compiler.classpath" value="C:\Program Files\NetBeans-19\netbeans\enterprise\ant\extra\jspcompile.jar" />
    <property name="annotation.processing.run.all.processors" value="true" />
    <property name="libs.javaee-web-api-7.0.src" value="" />
    <property name="libs.jakartaee-api-8.0.src" value="" />
    <property name="libs.javaee-endorsed-api-6.0.classpath" value="C:\Program Files\NetBeans-19\netbeans\enterprise\modules\ext\javaee6-endorsed\javax.annotation.jar;C:\Program Files\NetBeans-19\netbeans\enterprise\modules\ext\javaee6-endorsed\jaxb-api-osgi.jar;C:\Program Files\NetBeans-19\netbeans\enterprise\modules\ext\javaee6-endorsed\webservices-api-osgi.jar" />
  </properties>
  <testcase classname="unit.test.LanguageDAO.LanguageTest" name="testSuccessDeleteLanguage" time="1.321" />
  <testcase classname="unit.test.LanguageDAO.LanguageTest" name="testFailureDeleteLanguageByIdNotAvailable" time="0.146" />
  <testcase classname="unit.test.LanguageDAO.LanguageTest" name="testFailureGetLanguageByIdNotAvailable" time="0.135" />
  <testcase classname="unit.test.LanguageDAO.LanguageTest" name="testFailureGetLanguageByNameNotAvailable" time="0.126" />
  <testcase classname="unit.test.LanguageDAO.LanguageTest" name="testSuccessGetLanguageByName" time="0.115" />
  <testcase classname="unit.test.LanguageDAO.LanguageTest" name="testGetLanguagesSuccess" time="0.264" />
  <testcase classname="unit.test.LanguageDAO.LanguageTest" name="testSuccesUpdateLanguage" time="0.123" />
  <testcase classname="unit.test.LanguageDAO.LanguageTest" name="testFailureUpdateLanguageByAlreadyRegisteredName" time="0.182" />
  <testcase classname="unit.test.LanguageDAO.LanguageTest" name="testGetLanguagesFailure" time="0.242" />
  <testcase classname="unit.test.LanguageDAO.LanguageTest" name="testSuccessGetLanguageById" time="0.094" />
  <testcase classname="unit.test.LanguageDAO.LanguageTest" name="testSuccessInsertLanguage" time="0.134" />
  <testcase classname="unit.test.LanguageDAO.LanguageTest" name="testFailureInsertLanguageByNameAlreadyRegistered" time="0.093" />
  <system-out><![CDATA[]]></system-out>
  <system-err><![CDATA[]]></system-err>
</testsuite>
