<?xml version="1.0" encoding="UTF-8" ?>
<testsuite errors="0" failures="0" hostname="MSI" name="unit.test.ProfessorDAO.ProfessorUserAssignmentTest" skipped="0" tests="1" time="0.427" timestamp="2024-05-25T20:13:45">
  <properties>
    <property name="" value="======" />
    <property name="libs.spring-framework300.classpath" value="C:\Program Files\NetBeans-19\netbeans\platform\modules\org-apache-commons-logging.jar;C:\Program Files\NetBeans-19\netbeans\java\modules\ext\cglib-2.2.jar;C:\Program Files\NetBeans-19\netbeans\java\modules\ext\spring-3.0\spring-aop-3.2.18.RELEASE.jar;C:\Program Files\NetBeans-19\netbeans\java\modules\ext\spring-3.0\spring-aspects-3.2.18.RELEASE.jar;C:\Program Files\NetBeans-19\netbeans\java\modules\ext\spring-3.0\spring-beans-3.2.18.RELEASE.jar;C:\Program Files\NetBeans-19\netbeans\java\modules\ext\spring-3.0\spring-context-3.2.18.RELEASE.jar;C:\Program Files\NetBeans-19\netbeans\java\modules\ext\spring-3.0\spring-context-support-3.2.18.RELEASE.jar;C:\Program Files\NetBeans-19\netbeans\java\modules\ext\spring-3.0\spring-core-3.2.18.RELEASE.jar;C:\Program Files\NetBeans-19\netbeans\java\modules\ext\spring-3.0\spring-expression-3.2.18.RELEASE.jar;C:\Program Files\NetBeans-19\netbeans\java\modules\ext\spring-3.0\spring-instrument-3.2.18.RELEASE.jar;C:\Program Files\NetBeans-19\netbeans\java\modules\ext\spring-3.0\spring-instrument-tomcat-3.2.18.RELEASE.jar;C:\Program Files\NetBeans-19\netbeans\java\modules\ext\spring-3.0\spring-jdbc-3.2.18.RELEASE.jar;C:\Program Files\NetBeans-19\netbeans\java\modules\ext\spring-3.0\spring-jms-3.2.18.RELEASE.jar;C:\Program Files\NetBeans-19\netbeans\java\modules\ext\spring-3.0\spring-orm-3.2.18.RELEASE.jar;C:\Program Files\NetBeans-19\netbeans\java\modules\ext\spring-3.0\spring-oxm-3.2.18.RELEASE.jar;C:\Program Files\NetBeans-19\netbeans\java\modules\ext\spring-3.0\spring-struts-3.2.18.RELEASE.jar;C:\Program Files\NetBeans-19\netbeans\java\modules\ext\spring-3.0\spring-test-3.2.18.RELEASE.jar;C:\Program Files\NetBeans-19\netbeans\java\modules\ext\spring-3.0\spring-tx-3.2.18.RELEASE.jar;C:\Program Files\NetBeans-19\netbeans\java\modules\ext\spring-3.0\spring-web-3.2.18.RELEASE.jar;C:\Program Files\NetBeans-19\netbeans\java\modules\ext\spring-3.0\spring-webmvc-3.2.18.RELEASE.jar;C:\Program Files\NetBeans-19\netbeans\java\modules\ext\spring-3.0\spring-webmvc-portlet-3.2.18.RELEASE.jar" />
    <property name="javac.test.classpath" value="C:\Program Files\NetBeans-19\netbeans\platform\modules\ext\junit-4.13.2.jar:C:\Program Files\NetBeans-19\netbeans\platform\modules\ext\hamcrest-core-1.3.jar:C:\Program Files\NetBeans-19\netbeans\platform\modules\ext\junit-jupiter-api-5.6.0.jar;C:\Program Files\NetBeans-19\netbeans\platform\modules\ext\junit-jupiter-params-5.6.0.jar;C:\Program Files\NetBeans-19\netbeans\platform\modules\ext\junit-jupiter-engine-5.6.0.jar:C:\Libraries\jar_mysql_8.0.33\mysql-connector-j-8.0.33.jar:C:\Libraries\log4j_1.2.17\log4j-1.2.17.jar:C:\Libraries\jar_mail:C:\Libraries\log4j_1.2.17\log4j-1.2.17.jar:C:\Libraries\iText7-Core-7.1.4;C:\Libraries\iText7-Core-7.1.4\barcodes-7.1.4-javadoc.jar;C:\Libraries\iText7-Core-7.1.4\barcodes-7.1.4-sources.jar;C:\Libraries\iText7-Core-7.1.4\barcodes-7.1.4.jar;C:\Libraries\iText7-Core-7.1.4\font-asian-7.1.4.jar;C:\Libraries\iText7-Core-7.1.4\forms-7.1.4-javadoc.jar;C:\Libraries\iText7-Core-7.1.4\forms-7.1.4-sources.jar;C:\Libraries\iText7-Core-7.1.4\forms-7.1.4.jar;C:\Libraries\iText7-Core-7.1.4\hyph-7.1.4.jar;C:\Libraries\iText7-Core-7.1.4\io-7.1.4-javadoc.jar;C:\Libraries\iText7-Core-7.1.4\io-7.1.4-sources.jar;C:\Libraries\iText7-Core-7.1.4\io-7.1.4.jar;C:\Libraries\iText7-Core-7.1.4\kernel-7.1.4-javadoc.jar;C:\Libraries\iText7-Core-7.1.4\kernel-7.1.4-sources.jar;C:\Libraries\iText7-Core-7.1.4\kernel-7.1.4.jar;C:\Libraries\iText7-Core-7.1.4\layout-7.1.4-javadoc.jar;C:\Libraries\iText7-Core-7.1.4\layout-7.1.4-sources.jar;C:\Libraries\iText7-Core-7.1.4\layout-7.1.4.jar;C:\Libraries\iText7-Core-7.1.4\pdfa-7.1.4-javadoc.jar;C:\Libraries\iText7-Core-7.1.4\pdfa-7.1.4-sources.jar;C:\Libraries\iText7-Core-7.1.4\pdfa-7.1.4.jar;C:\Libraries\iText7-Core-7.1.4\pdftest-7.1.4-javadoc.jar;C:\Libraries\iText7-Core-7.1.4\pdftest-7.1.4-sources.jar;C:\Libraries\iText7-Core-7.1.4\pdftest-7.1.4.jar;C:\Libraries\iText7-Core-7.1.4\sign-7.1.4-javadoc.jar;C:\Libraries\iText7-Core-7.1.4\sign-7.1.4-sources.jar;C:\Libraries\iText7-Core-7.1.4\sign-7.1.4.jar;C:\Libraries\iText7-Core-7.1.4\styled-xml-parser-7.1.4-javadoc.jar;C:\Libraries\iText7-Core-7.1.4\styled-xml-parser-7.1.4-sources.jar;C:\Libraries\iText7-Core-7.1.4\styled-xml-parser-7.1.4.jar;C:\Libraries\iText7-Core-7.1.4\svg-7.1.4-javadoc.jar;C:\Libraries\iText7-Core-7.1.4\svg-7.1.4-sources.jar;C:\Libraries\iText7-Core-7.1.4\svg-7.1.4.jar:C:\Libraries\jar_mail\javax-inject.jar;C:\Libraries\jar_mail\javax.activation-1.1.0.v201105071233.jar;C:\Libraries\jar_mail\javax.ejb.jar;C:\Libraries\jar_mail\javax.faces-api-2.0.jar;C:\Libraries\jar_mail\mail.jar:C:\Libraries\lib\javax.faces-api-2.0.jar::C:\Libraries\poi-bin-5.2.3\poi-5.2.3.jar;C:\Libraries\poi-bin-5.2.3\poi-examples-5.2.3.jar;C:\Libraries\poi-bin-5.2.3\poi-excelant-5.2.3.jar;C:\Libraries\poi-bin-5.2.3\poi-javadoc-5.2.3.jar;C:\Libraries\poi-bin-5.2.3\poi-ooxml-5.2.3.jar;C:\Libraries\poi-bin-5.2.3\poi-ooxml-full-5.2.3.jar;C:\Libraries\poi-bin-5.2.3\poi-ooxml-lite-5.2.3.jar;C:\Libraries\poi-bin-5.2.3\poi-scratchpad-5.2.3.jar;C:\Libraries\poi-bin-5.2.3\ooxml-lib\commons-compress-1.21.jar;C:\Libraries\poi-bin-5.2.3\ooxml-lib\commons-logging-1.2.jar;C:\Libraries\poi-bin-5.2.3\ooxml-lib\curvesapi-1.07.jar;C:\Libraries\poi-bin-5.2.3\ooxml-lib\jakarta.activation-2.0.1.jar;C:\Libraries\poi-bin-5.2.3\ooxml-lib\jakarta.xml.bind-api-3.0.1.jar;C:\Libraries\poi-bin-5.2.3\ooxml-lib\slf4j-api-1.7.36.jar;C:\Libraries\poi-bin-5.2.3\ooxml-lib\xmlbeans-5.1.1.jar;C:\Libraries\poi-bin-5.2.3\lib\SparseBitSet-1.2.jar;C:\Libraries\poi-bin-5.2.3\lib\commons-codec-1.15.jar;C:\Libraries\poi-bin-5.2.3\lib\commons-collections4-4.4.jar;C:\Libraries\poi-bin-5.2.3\lib\commons-io-2.11.0.jar;C:\Libraries\poi-bin-5.2.3\lib\commons-math3-3.6.1.jar;C:\Libraries\poi-bin-5.2.3\lib\log4j-api-2.18.0.jar:C:\Libraries\openjfx-17.0.11_windows-x64_bin-sdk\javafx-sdk-17.0.11\lib\javafx-swt.jar;C:\Libraries\openjfx-17.0.11_windows-x64_bin-sdk\javafx-sdk-17.0.11\lib\javafx.base.jar;C:\Libraries\openjfx-17.0.11_windows-x64_bin-sdk\javafx-sdk-17.0.11\lib\javafx.controls.jar;C:\Libraries\openjfx-17.0.11_windows-x64_bin-sdk\javafx-sdk-17.0.11\lib\javafx.fxml.jar;C:\Libraries\openjfx-17.0.11_windows-x64_bin-sdk\javafx-sdk-17.0.11\lib\javafx.graphics.jar;C:\Libraries\openjfx-17.0.11_windows-x64_bin-sdk\javafx-sdk-17.0.11\lib\javafx.media.jar;C:\Libraries\openjfx-17.0.11_windows-x64_bin-sdk\javafx-sdk-17.0.11\lib\javafx.swing.jar;C:\Libraries\openjfx-17.0.11_windows-x64_bin-sdk\javafx-sdk-17.0.11\lib\javafx.web.jar:C:\Libraries\jar_slf4j_2.1.0:build/classes" />
    <property name="java.specification.version" value="17" />
    <property name="libs.spring-framework500.classpath" value="C:\Program Files\NetBeans-19\netbeans\platform\modules\org-apache-commons-logging.jar;C:\Program Files\NetBeans-19\netbeans\java\modules\ext\cglib-2.2.jar;C:\Program Files\NetBeans-19\netbeans\java\modules\ext\spring-5\spring-aop-5.2.9.RELEASE.jar;C:\Program Files\NetBeans-19\netbeans\java\modules\ext\spring-5\spring-aspects-5.2.9.RELEASE.jar;C:\Program Files\NetBeans-19\netbeans\java\modules\ext\spring-5\spring-beans-5.2.9.RELEASE.jar;C:\Program Files\NetBeans-19\netbeans\java\modules\ext\spring-5\spring-context-5.2.9.RELEASE.jar;C:\Program Files\NetBeans-19\netbeans\java\modules\ext\spring-5\spring-context-indexer-5.2.9.RELEASE.jar;C:\Program Files\NetBeans-19\netbeans\java\modules\ext\spring-5\spring-context-support-5.2.9.RELEASE.jar;C:\Program Files\NetBeans-19\netbeans\java\modules\ext\spring-5\spring-core-5.2.9.RELEASE.jar;C:\Program Files\NetBeans-19\netbeans\java\modules\ext\spring-5\spring-expression-5.2.9.RELEASE.jar;C:\Program Files\NetBeans-19\netbeans\java\modules\ext\spring-5\spring-instrument-5.2.9.RELEASE.jar;C:\Program Files\NetBeans-19\netbeans\java\modules\ext\spring-5\spring-jcl-5.2.9.RELEASE.jar;C:\Program Files\NetBeans-19\netbeans\java\modules\ext\spring-5\spring-jdbc-5.2.9.RELEASE.jar;C:\Program Files\NetBeans-19\netbeans\java\modules\ext\spring-5\spring-jms-5.2.9.RELEASE.jar;C:\Program Files\NetBeans-19\netbeans\java\modules\ext\spring-5\spring-messaging-5.2.9.RELEASE.jar;C:\Program Files\NetBeans-19\netbeans\java\modules\ext\spring-5\spring-orm-5.2.9.RELEASE.jar;C:\Program Files\NetBeans-19\netbeans\java\modules\ext\spring-5\spring-oxm-5.2.9.RELEASE.jar;C:\Program Files\NetBeans-19\netbeans\java\modules\ext\spring-5\spring-test-5.2.9.RELEASE.jar;C:\Program Files\NetBeans-19\netbeans\java\modules\ext\spring-5\spring-tx-5.2.9.RELEASE.jar;C:\Program Files\NetBeans-19\netbeans\java\modules\ext\spring-5\spring-web-5.2.9.RELEASE.jar;C:\Program Files\NetBeans-19\netbeans\java\modules\ext\spring-5\spring-webflux-5.2.9.RELEASE.jar;C:\Program Files\NetBeans-19\netbeans\java\modules\ext\spring-5\spring-webmvc-5.2.9.RELEASE.jar;C:\Program Files\NetBeans-19\netbeans\java\modules\ext\spring-5\spring-websocket-5.2.9.RELEASE.jar" />
    <property name="jar.index.metainf" value="false" />
    <property name="jnlp.signing.keystore" value="" />
    <property name="libs.spring-framework400.classpath" value="C:\Program Files\NetBeans-19\netbeans\platform\modules\org-apache-commons-logging.jar;C:\Program Files\NetBeans-19\netbeans\java\modules\ext\cglib-2.2.jar;C:\Program Files\NetBeans-19\netbeans\java\modules\ext\spring-4\spring-aop-4.3.29.RELEASE.jar;C:\Program Files\NetBeans-19\netbeans\java\modules\ext\spring-4\spring-aspects-4.3.29.RELEASE.jar;C:\Program Files\NetBeans-19\netbeans\java\modules\ext\spring-4\spring-beans-4.3.29.RELEASE.jar;C:\Program Files\NetBeans-19\netbeans\java\modules\ext\spring-4\spring-context-4.3.29.RELEASE.jar;C:\Program Files\NetBeans-19\netbeans\java\modules\ext\spring-4\spring-context-support-4.3.29.RELEASE.jar;C:\Program Files\NetBeans-19\netbeans\java\modules\ext\spring-4\spring-core-4.3.29.RELEASE.jar;C:\Program Files\NetBeans-19\netbeans\java\modules\ext\spring-4\spring-expression-4.3.29.RELEASE.jar;C:\Program Files\NetBeans-19\netbeans\java\modules\ext\spring-4\spring-instrument-4.3.29.RELEASE.jar;C:\Program Files\NetBeans-19\netbeans\java\modules\ext\spring-4\spring-instrument-tomcat-4.3.29.RELEASE.jar;C:\Program Files\NetBeans-19\netbeans\java\modules\ext\spring-4\spring-jdbc-4.3.29.RELEASE.jar;C:\Program Files\NetBeans-19\netbeans\java\modules\ext\spring-4\spring-jms-4.3.29.RELEASE.jar;C:\Program Files\NetBeans-19\netbeans\java\modules\ext\spring-4\spring-messaging-4.3.29.RELEASE.jar;C:\Program Files\NetBeans-19\netbeans\java\modules\ext\spring-4\spring-orm-4.3.29.RELEASE.jar;C:\Program Files\NetBeans-19\netbeans\java\modules\ext\spring-4\spring-oxm-4.3.29.RELEASE.jar;C:\Program Files\NetBeans-19\netbeans\java\modules\ext\spring-4\spring-test-4.3.29.RELEASE.jar;C:\Program Files\NetBeans-19\netbeans\java\modules\ext\spring-4\spring-tx-4.3.29.RELEASE.jar;C:\Program Files\NetBeans-19\netbeans\java\modules\ext\spring-4\spring-web-4.3.29.RELEASE.jar;C:\Program Files\NetBeans-19\netbeans\java\modules\ext\spring-4\spring-webmvc-4.3.29.RELEASE.jar;C:\Program Files\NetBeans-19\netbeans\java\modules\ext\spring-4\spring-webmvc-portlet-4.3.29.RELEASE.jar;C:\Program Files\NetBeans-19\netbeans\java\modules\ext\spring-4\spring-websocket-4.3.29.RELEASE.jar" />
    <property name="libs.spring-webmvc4.0.javadoc" value="" />
    <property name="test.binaryincludes" value="&lt;nothing&gt;" />
    <property name="do.jlink" value="false" />
    <property name="debug-transport" value="dt_shmem" />
    <property name="libs.javaee-web-api-8.0.src" value="" />
    <property name="java.vendor.url" value="https://adoptium.net/" />
    <property name="debug.modulepath" value=":${libs.JAVA_FX.classpath}" />
    <property name="libs.jsp-compilation.src" value="" />
    <property name="libs.eclipselink.javadoc" value="C:\Program Files\NetBeans-19\netbeans\java\modules\ext\docs\jakarta.persistence-2.2.3-doc.zip" />
    <property name="libs.JWSAntTasks.javadoc" value="" />
    <property name="file.reference.log4j-1.2.17.jar" value="C:\Libraries\log4j_1.2.17\log4j-1.2.17.jar" />
    <property name="sun.boot.library.path" value="C:\Users\axel_\AppData\Local\Programs\Eclipse Adoptium\jdk-17.0.9.9-hotspot\bin" />
    <property name="sun.java.command" value="org.apache.tools.ant.taskdefs.optional.junit.JUnitTestRunner unit.test.ProfessorDAO.ProfessorUserAssignmentTest methods=testUserRegistration skipNonTests=false filtertrace=true haltOnError=false haltOnFailure=false showoutput=true outputtoformatters=true logfailedtests=true threadid=0 logtestlistenerevents=true formatter=org.apache.tools.ant.taskdefs.optional.junit.BriefJUnitResultFormatter formatter=org.apache.tools.ant.taskdefs.optional.junit.XMLJUnitResultFormatter,C:\Users\axel_\OneDrive\Escritorio\coilvic\coilvic2.0\javaapplication2\build\test\results\TEST-unit.test.ProfessorDAO.ProfessorUserAssignmentTest.xml crashfile=C:\Users\axel_\OneDrive\Escritorio\coilvic\coilvic2.0\javaapplication2\build\junitvmwatcher4325047282998306186.properties propsfile=C:\Users\axel_\OneDrive\Escritorio\coilvic\coilvic2.0\javaapplication2\build\junit4454809544763106455.properties" />
    <property name="jdk.debug" value="release" />
    <property name="libs.spring-framework300.src" value="" />
    <property name="javadoc.use" value="true" />
    <property name="javadoc.notree" value="false" />
    <property name="basedir" value="C:\Users\axel_\OneDrive\Escritorio\coilvic\coilvic2.0\javaapplication2" />
    <property name="application.vendor" value="ivanr" />
    <property name="java.specification.name" value="Java Platform API Specification" />
    <property name="file.reference.mysql-connector-j-8.0.33.jar-1" value="C:\Libraries\jar_mysql_8.0.33\mysql-connector-j-8.0.33.jar" />
    <property name="java.vm.specification.vendor" value="Oracle Corporation" />
    <property name="libs.jsf20.classpath" value="C:\Program Files\NetBeans-19\netbeans\enterprise\modules\ext\jsf-2_2\javax.faces.jar" />
    <property name="netbeans.extbrowser.manual_chrome_plugin_install" value="yes" />
    <property name="libs.jakartaee-api-10.0.maven-pom" value="" />
    <property name="netbeans.default_userdir_root" value="C:\Users\axel_\AppData\Roaming\NetBeans" />
    <property name="libs.spring-framework500.javadoc" value="" />
    <property name="libs.jsp-compilation-syscp.src" value="" />
    <property name="jdk.home" value="C:\Users\axel_\AppData\Local\Programs\Eclipse Adoptium\jdk-17.0.9.9-hotspot" />
    <property name="java.runtime.version" value="17.0.9+9" />
    <property name="libs.Faces_api.classpath" value="C:\Libraries\lib\javax.faces-api-2.0.jar" />
    <property name="libs.eclipselink.maven-pom" value="" />
    <property name="libs.metro.maven-pom" value="" />
    <property name="libs.JAXB-ENDORSED.javadoc" value="" />
    <property name="org.openide.awt.SwingBrowserImpl.do-not-block-awt" value="false" />
    <property name="sun.java2d.noddraw" value="true" />
    <property name="sun.zip.disableMemoryMapping" value="true" />
    <property name="guice.disable.misplaced.annotation.check" value="true" />
    <property name="libs.jsp-compilation.javadoc" value="" />
    <property name="libs.jsf12.src" value="" />
    <property name="libs.primefaces.javadoc" value="" />
    <property name="libs.groovy-all.maven-pom" value="" />
    <property name="java.vendor.version" value="Temurin-17.0.9+9" />
    <property name="libs.restapi.src" value="" />
    <property name="libs.junit_5.javadoc" value="C:\Program Files\NetBeans-19\netbeans\platform\docs\junit-jupiter-api-5.6.0-javadoc.jar;C:\Program Files\NetBeans-19\netbeans\platform\docs\junit-jupiter-params-5.6.0-javadoc.jar;C:\Program Files\NetBeans-19\netbeans\platform\docs\junit-jupiter-engine-5.6.0-javadoc.jar" />
    <property name="jnlp.enabled" value="false" />
    <property name="dist.archive.excludes" value="" />
    <property name="java.io.tmpdir" value="C:\Users\axel_\AppData\Local\Temp\" />
    <property name="java.version" value="17.0.9" />
    <property name="libs.jakartaee-api-8.0.javadoc" value="C:\Program Files\NetBeans-19\netbeans\enterprise\docs\jakartaee8-doc-api.jar" />
    <property name="java.vm.specification.name" value="Java Virtual Machine Specification" />
    <property name="file.reference.mysql-connector-j-8.0.33.jar" value="C:\Users\ivanr\Downloads\mysql-connector-j-8.0.33.jar" />
    <property name="native.encoding" value="Cp1252" />
    <property name="libs.hamcrest.src" value="" />
    <property name="java.library.path" value="C:\Users\axel_\AppData\Local\Programs\Eclipse Adoptium\jdk-17.0.9.9-hotspot\bin;C:\WINDOWS\Sun\Java\bin;C:\WINDOWS\system32;C:\WINDOWS;C:\Program Files\Zulu\zulu-17\bin\;C:\Windows\system32;C:\Windows;C:\Windows\System32\Wbem;C:\Windows\System32\WindowsPowerShell\v1.0\;C:\Windows\System32\OpenSSH\;C:\Program Files (x86)\NVIDIA Corporation\PhysX\Common;C:\Program Files\NVIDIA Corporation\NVIDIA NvDLISR;C:\WINDOWS\system32;C:\WINDOWS;C:\WINDOWS\System32\Wbem;C:\WINDOWS\System32\WindowsPowerShell\v1.0\;C:\WINDOWS\System32\OpenSSH\;C:\msys64\ucrt64\bin;C:\Program Files\MySQL\MySQL Server 8.0\bin;C:\Program Files\Steel Bank Common Lisp\;C:\Program Files\Git\cmd;C:\Program Files\MySQL\MySQL Shell 8.0\bin\;C:\Users\axel_\AppData\Local\Microsoft\WindowsApps;C:\Users\axel_\AppData\Local\Programs\Microsoft VS Code\bin;C:\Program Files\swipl\bin;." />
    <property name="java.vendor" value="Eclipse Adoptium" />
    <property name="libs.groovy-all.src" value="" />
    <property name="libs.testng.javadoc" value="C:\Program Files\NetBeans-19\netbeans\platform\docs\testng-6.13.1-javadoc.jar" />
    <property name="meta.inf.dir" value="src/META-INF" />
    <property name="run.upgrademodulepath" value="" />
    <property name="compile.on.save" value="false" />
    <property name="libs.testng.maven-pom" value="" />
    <property name="jlink.additionalparam" value="" />
    <property name="org.openide.version" value="deprecated" />
    <property name="run.classpath" value="C:\Program Files\NetBeans-19\netbeans\platform\modules\ext\junit-4.13.2.jar:C:\Program Files\NetBeans-19\netbeans\platform\modules\ext\hamcrest-core-1.3.jar:C:\Program Files\NetBeans-19\netbeans\platform\modules\ext\junit-jupiter-api-5.6.0.jar;C:\Program Files\NetBeans-19\netbeans\platform\modules\ext\junit-jupiter-params-5.6.0.jar;C:\Program Files\NetBeans-19\netbeans\platform\modules\ext\junit-jupiter-engine-5.6.0.jar:C:\Libraries\jar_mysql_8.0.33\mysql-connector-j-8.0.33.jar:C:\Libraries\log4j_1.2.17\log4j-1.2.17.jar:C:\Libraries\jar_mail:C:\Libraries\log4j_1.2.17\log4j-1.2.17.jar:C:\Libraries\iText7-Core-7.1.4;C:\Libraries\iText7-Core-7.1.4\barcodes-7.1.4-javadoc.jar;C:\Libraries\iText7-Core-7.1.4\barcodes-7.1.4-sources.jar;C:\Libraries\iText7-Core-7.1.4\barcodes-7.1.4.jar;C:\Libraries\iText7-Core-7.1.4\font-asian-7.1.4.jar;C:\Libraries\iText7-Core-7.1.4\forms-7.1.4-javadoc.jar;C:\Libraries\iText7-Core-7.1.4\forms-7.1.4-sources.jar;C:\Libraries\iText7-Core-7.1.4\forms-7.1.4.jar;C:\Libraries\iText7-Core-7.1.4\hyph-7.1.4.jar;C:\Libraries\iText7-Core-7.1.4\io-7.1.4-javadoc.jar;C:\Libraries\iText7-Core-7.1.4\io-7.1.4-sources.jar;C:\Libraries\iText7-Core-7.1.4\io-7.1.4.jar;C:\Libraries\iText7-Core-7.1.4\kernel-7.1.4-javadoc.jar;C:\Libraries\iText7-Core-7.1.4\kernel-7.1.4-sources.jar;C:\Libraries\iText7-Core-7.1.4\kernel-7.1.4.jar;C:\Libraries\iText7-Core-7.1.4\layout-7.1.4-javadoc.jar;C:\Libraries\iText7-Core-7.1.4\layout-7.1.4-sources.jar;C:\Libraries\iText7-Core-7.1.4\layout-7.1.4.jar;C:\Libraries\iText7-Core-7.1.4\pdfa-7.1.4-javadoc.jar;C:\Libraries\iText7-Core-7.1.4\pdfa-7.1.4-sources.jar;C:\Libraries\iText7-Core-7.1.4\pdfa-7.1.4.jar;C:\Libraries\iText7-Core-7.1.4\pdftest-7.1.4-javadoc.jar;C:\Libraries\iText7-Core-7.1.4\pdftest-7.1.4-sources.jar;C:\Libraries\iText7-Core-7.1.4\pdftest-7.1.4.jar;C:\Libraries\iText7-Core-7.1.4\sign-7.1.4-javadoc.jar;C:\Libraries\iText7-Core-7.1.4\sign-7.1.4-sources.jar;C:\Libraries\iText7-Core-7.1.4\sign-7.1.4.jar;C:\Libraries\iText7-Core-7.1.4\styled-xml-parser-7.1.4-javadoc.jar;C:\Libraries\iText7-Core-7.1.4\styled-xml-parser-7.1.4-sources.jar;C:\Libraries\iText7-Core-7.1.4\styled-xml-parser-7.1.4.jar;C:\Libraries\iText7-Core-7.1.4\svg-7.1.4-javadoc.jar;C:\Libraries\iText7-Core-7.1.4\svg-7.1.4-sources.jar;C:\Libraries\iText7-Core-7.1.4\svg-7.1.4.jar:C:\Libraries\jar_mail\javax-inject.jar;C:\Libraries\jar_mail\javax.activation-1.1.0.v201105071233.jar;C:\Libraries\jar_mail\javax.ejb.jar;C:\Libraries\jar_mail\javax.faces-api-2.0.jar;C:\Libraries\jar_mail\mail.jar:C:\Libraries\lib\javax.faces-api-2.0.jar::C:\Libraries\poi-bin-5.2.3\poi-5.2.3.jar;C:\Libraries\poi-bin-5.2.3\poi-examples-5.2.3.jar;C:\Libraries\poi-bin-5.2.3\poi-excelant-5.2.3.jar;C:\Libraries\poi-bin-5.2.3\poi-javadoc-5.2.3.jar;C:\Libraries\poi-bin-5.2.3\poi-ooxml-5.2.3.jar;C:\Libraries\poi-bin-5.2.3\poi-ooxml-full-5.2.3.jar;C:\Libraries\poi-bin-5.2.3\poi-ooxml-lite-5.2.3.jar;C:\Libraries\poi-bin-5.2.3\poi-scratchpad-5.2.3.jar;C:\Libraries\poi-bin-5.2.3\ooxml-lib\commons-compress-1.21.jar;C:\Libraries\poi-bin-5.2.3\ooxml-lib\commons-logging-1.2.jar;C:\Libraries\poi-bin-5.2.3\ooxml-lib\curvesapi-1.07.jar;C:\Libraries\poi-bin-5.2.3\ooxml-lib\jakarta.activation-2.0.1.jar;C:\Libraries\poi-bin-5.2.3\ooxml-lib\jakarta.xml.bind-api-3.0.1.jar;C:\Libraries\poi-bin-5.2.3\ooxml-lib\slf4j-api-1.7.36.jar;C:\Libraries\poi-bin-5.2.3\ooxml-lib\xmlbeans-5.1.1.jar;C:\Libraries\poi-bin-5.2.3\lib\SparseBitSet-1.2.jar;C:\Libraries\poi-bin-5.2.3\lib\commons-codec-1.15.jar;C:\Libraries\poi-bin-5.2.3\lib\commons-collections4-4.4.jar;C:\Libraries\poi-bin-5.2.3\lib\commons-io-2.11.0.jar;C:\Libraries\poi-bin-5.2.3\lib\commons-math3-3.6.1.jar;C:\Libraries\poi-bin-5.2.3\lib\log4j-api-2.18.0.jar:C:\Libraries\openjfx-17.0.11_windows-x64_bin-sdk\javafx-sdk-17.0.11\lib\javafx-swt.jar;C:\Libraries\openjfx-17.0.11_windows-x64_bin-sdk\javafx-sdk-17.0.11\lib\javafx.base.jar;C:\Libraries\openjfx-17.0.11_windows-x64_bin-sdk\javafx-sdk-17.0.11\lib\javafx.controls.jar;C:\Libraries\openjfx-17.0.11_windows-x64_bin-sdk\javafx-sdk-17.0.11\lib\javafx.fxml.jar;C:\Libraries\openjfx-17.0.11_windows-x64_bin-sdk\javafx-sdk-17.0.11\lib\javafx.graphics.jar;C:\Libraries\openjfx-17.0.11_windows-x64_bin-sdk\javafx-sdk-17.0.11\lib\javafx.media.jar;C:\Libraries\openjfx-17.0.11_windows-x64_bin-sdk\javafx-sdk-17.0.11\lib\javafx.swing.jar;C:\Libraries\openjfx-17.0.11_windows-x64_bin-sdk\javafx-sdk-17.0.11\lib\javafx.web.jar:C:\Libraries\jar_slf4j_2.1.0:build/classes" />
    <property name="libs.jaxb.src" value="" />
    <property name="libs.Faces_api.src" value="" />
    <property name="sun.awt.enableExtraMouseButtons" value="true" />
    <property name="test.src.dir" value="test" />
    <property name="libs.log4j.javadoc" value="" />
    <property name="org.openide.major.version" value="IDE/1" />
    <property name="libs.spring-framework300.javadoc" value="" />
    <property name="ap.proc.none.internal" value="" />
    <property name="org.openide.specification.version" value="6.2" />
    <property name="user.timezone" value="America/Mexico_City" />
    <property name="libs.Inject.classpath" value="" />
    <property name="jar.index" value="false" />
    <property name="libs.jpa20-persistence.classpath" value="C:\Program Files\NetBeans-19\netbeans\java\modules\ext\eclipselink\jakarta.persistence-2.2.3.jar" />
    <property name="libs.eclipselinkmodelgen.javadoc" value="" />
    <property name="libs.junit_5.classpath" value="C:\Program Files\NetBeans-19\netbeans\platform\modules\ext\junit-jupiter-api-5.6.0.jar;C:\Program Files\NetBeans-19\netbeans\platform\modules\ext\junit-jupiter-params-5.6.0.jar;C:\Program Files\NetBeans-19\netbeans\platform\modules\ext\junit-jupiter-engine-5.6.0.jar" />
    <property name="java.vm.specification.version" value="17" />
    <property name="javadoc.noindex" value="false" />
    <property name="javadoc.private" value="false" />
    <property name="libs.spring-webmvc4.0.maven-pom" value="" />
    <property name="libs.JAXB-ENDORSED.maven-pom" value="" />
    <property name="user.home" value="C:\Users\axel_" />
    <property name="libs.eclipselinkmodelgen.maven-pom" value="" />
    <property name="have.sources" value="true" />
    <property name="annotation.processing.processors.list" value="" />
    <property name="jlink.launcher" value="true" />
    <property name="javac.deprecation" value="false" />
    <property name="manifest.custom.caller.allowable.codebase" value="" />
    <property name="build.generated.sources.dir" value="build/generated-sources" />
    <property name="plugin.manager.check.updates" value="false" />
    <property name="libs.jar_mail.javadoc" value="" />
    <property name="netbeans.autoupdate.language" value="es" />
    <property name="ant.file.type.CoilVic" value="file" />
    <property name="build.compiler.emacs" value="true" />
    <property name="libs.eclipselinkmodelgen.src" value="" />
    <property name="build.classes.excludes" value="**/*.java,**/*.form" />
    <property name="libs.slf4j.maven-pom" value="" />
    <property name="dist.jar" value="dist/CoilVic.jar" />
    <property name="libs.jakartaee-web-api-9.0.classpath" value="C:\Program Files\NetBeans-19\netbeans\enterprise\modules\ext\jakarta.jakartaee-web-api-9.0.0.jar" />
    <property name="libs.spring-webmvc4.0.classpath" value="C:\Program Files\NetBeans-19\netbeans\java\modules\ext\spring-4\spring-webmvc-4.3.29.RELEASE.jar" />
    <property name="modules.supported.internal" value="true" />
    <property name="libs.javaee-endorsed-api-7.0.javadoc" value="C:\Program Files\NetBeans-19\netbeans\enterprise\docs\javaee-doc-api.jar" />
    <property name="os.version" value="10.0" />
    <property name="jna.nosys" value="false" />
    <property name="netbeans.home" value="C:\Program Files\NetBeans-19\netbeans\platform" />
    <property name="libs.CopyLibs.javadoc" value="" />
    <property name="debug-transport-by-os" value="dt_shmem" />
    <property name="libs.jsf20.src" value="" />
    <property name="libs.javaee-api-8.0.javadoc" value="C:\Program Files\NetBeans-19\netbeans\enterprise\docs\javaee-doc-api.jar" />
    <property name="java.vm.name" value="OpenJDK 64-Bit Server VM" />
    <property name="unnamed.module.internal" value="true" />
    <property name="libs.jakartaee-api-10.0.javadoc" value="C:\Program Files\NetBeans-19\netbeans\enterprise\docs\jakartaee10-doc-api.jar" />
    <property name="libs.jstl.javadoc" value="C:\Program Files\NetBeans-19\netbeans\enterprise\docs\javaee-doc-api.jar" />
    <property name="libs.javaee-endorsed-api-7.0.maven-pom" value="" />
    <property name="libs.jaxws21.classpath" value="C:\Program Files\NetBeans-19\netbeans\java\modules\ext\jaxws22\api\jakarta.jws-api.jar;C:\Program Files\NetBeans-19\netbeans\java\modules\ext\jaxws22\api\jakarta.xml.soap-api.jar;C:\Program Files\NetBeans-19\netbeans\java\modules\ext\jaxws22\api\jakarta.xml.ws-api.jar;C:\Program Files\NetBeans-19\netbeans\java\modules\ext\jaxws22\FastInfoset.jar;C:\Program Files\NetBeans-19\netbeans\java\modules\ext\jaxws22\gmbal-api-only.jar;C:\Program Files\NetBeans-19\netbeans\java\modules\ext\jaxws22\ha-api.jar;C:\Program Files\NetBeans-19\netbeans\java\modules\ext\jaxws22\jakarta.mail.jar;C:\Program Files\NetBeans-19\netbeans\java\modules\ext\jaxws22\jaxws-rt.jar;C:\Program Files\NetBeans-19\netbeans\java\modules\ext\jaxws22\jaxws-tools.jar;C:\Program Files\NetBeans-19\netbeans\java\modules\ext\jaxws22\management-api.jar;C:\Program Files\NetBeans-19\netbeans\java\modules\ext\jaxws22\mimepull.jar;C:\Program Files\NetBeans-19\netbeans\java\modules\ext\jaxws22\policy.jar;C:\Program Files\NetBeans-19\netbeans\java\modules\ext\jaxws22\saaj-impl.jar;C:\Program Files\NetBeans-19\netbeans\java\modules\ext\jaxws22\stax-ex.jar;C:\Program Files\NetBeans-19\netbeans\java\modules\ext\jaxws22\stax2-api.jar;C:\Program Files\NetBeans-19\netbeans\java\modules\ext\jaxws22\streambuffer.jar;C:\Program Files\NetBeans-19\netbeans\java\modules\ext\jaxws22\woodstox-core.jar;C:\Program Files\NetBeans-19\netbeans\ide\modules\ext\jaxb\api\jaxb-api.jar;C:\Program Files\NetBeans-19\netbeans\ide\modules\ext\jaxb\activation.jar;C:\Program Files\NetBeans-19\netbeans\ide\modules\ext\jaxb\jaxb-impl.jar;C:\Program Files\NetBeans-19\netbeans\ide\modules\ext\jaxb\jaxb-xjc.jar" />
    <property name="libs.jar_mail.maven-pom" value="" />
    <property name="libs.restapi.classpath" value="C:\Program Files\NetBeans-19\netbeans\enterprise\modules\ext\jaxrs-2.1\jakarta.ws.rs-api-2.1.6.jar" />
    <property name="os.arch" value="amd64" />
    <property name="build.generated.dir" value="build/generated" />
    <property name="libs.groovy-all.javadoc" value="" />
    <property name="libs.jakartaee-api-8.0.classpath" value="C:\Program Files\NetBeans-19\netbeans\enterprise\modules\ext\jakarta.jakartaee-api-8.0.0.jar" />
    <property name="libs.javaee-web-api-7.0.javadoc" value="C:\Program Files\NetBeans-19\netbeans\enterprise\docs\javaee-doc-api.jar" />
    <property name="libs.javaee-endorsed-api-6.0.src" value="" />
    <property name="jnlp.descriptor" value="application" />
    <property name="libs.jsf12.maven-pom" value="" />
    <property name="libs.javaee-endorsed-api-7.0.classpath" value="C:\Program Files\NetBeans-19\netbeans\enterprise\modules\ext\javaee7-endorsed\javax.annotation-api.jar;C:\Program Files\NetBeans-19\netbeans\enterprise\modules\ext\javaee7-endorsed\javax.xml.soap-api.jar;C:\Program Files\NetBeans-19\netbeans\enterprise\modules\ext\javaee7-endorsed\jaxb-api-osgi.jar;C:\Program Files\NetBeans-19\netbeans\enterprise\modules\ext\javaee7-endorsed\jaxws-api.jar;C:\Program Files\NetBeans-19\netbeans\enterprise\modules\ext\javaee7-endorsed\jsr181-api.jar" />
    <property name="libs.slf4j.classpath" value="C:\Libraries\jar_slf4j_2.1.0" />
    <property name="libs.primefaces.maven-pom" value="" />
    <property name="org.netbeans.io.suspend" value="0" />
    <property name="ant.project.name" value="CoilVic" />
    <property name="dist.javadoc.dir" value="dist/javadoc" />
    <property name="libs.text7-core.classpath" value="C:\Libraries\iText7-Core-7.1.4;C:\Libraries\iText7-Core-7.1.4\barcodes-7.1.4-javadoc.jar;C:\Libraries\iText7-Core-7.1.4\barcodes-7.1.4-sources.jar;C:\Libraries\iText7-Core-7.1.4\barcodes-7.1.4.jar;C:\Libraries\iText7-Core-7.1.4\font-asian-7.1.4.jar;C:\Libraries\iText7-Core-7.1.4\forms-7.1.4-javadoc.jar;C:\Libraries\iText7-Core-7.1.4\forms-7.1.4-sources.jar;C:\Libraries\iText7-Core-7.1.4\forms-7.1.4.jar;C:\Libraries\iText7-Core-7.1.4\hyph-7.1.4.jar;C:\Libraries\iText7-Core-7.1.4\io-7.1.4-javadoc.jar;C:\Libraries\iText7-Core-7.1.4\io-7.1.4-sources.jar;C:\Libraries\iText7-Core-7.1.4\io-7.1.4.jar;C:\Libraries\iText7-Core-7.1.4\kernel-7.1.4-javadoc.jar;C:\Libraries\iText7-Core-7.1.4\kernel-7.1.4-sources.jar;C:\Libraries\iText7-Core-7.1.4\kernel-7.1.4.jar;C:\Libraries\iText7-Core-7.1.4\layout-7.1.4-javadoc.jar;C:\Libraries\iText7-Core-7.1.4\layout-7.1.4-sources.jar;C:\Libraries\iText7-Core-7.1.4\layout-7.1.4.jar;C:\Libraries\iText7-Core-7.1.4\pdfa-7.1.4-javadoc.jar;C:\Libraries\iText7-Core-7.1.4\pdfa-7.1.4-sources.jar;C:\Libraries\iText7-Core-7.1.4\pdfa-7.1.4.jar;C:\Libraries\iText7-Core-7.1.4\pdftest-7.1.4-javadoc.jar;C:\Libraries\iText7-Core-7.1.4\pdftest-7.1.4-sources.jar;C:\Libraries\iText7-Core-7.1.4\pdftest-7.1.4.jar;C:\Libraries\iText7-Core-7.1.4\sign-7.1.4-javadoc.jar;C:\Libraries\iText7-Core-7.1.4\sign-7.1.4-sources.jar;C:\Libraries\iText7-Core-7.1.4\sign-7.1.4.jar;C:\Libraries\iText7-Core-7.1.4\styled-xml-parser-7.1.4-javadoc.jar;C:\Libraries\iText7-Core-7.1.4\styled-xml-parser-7.1.4-sources.jar;C:\Libraries\iText7-Core-7.1.4\styled-xml-parser-7.1.4.jar;C:\Libraries\iText7-Core-7.1.4\svg-7.1.4-javadoc.jar;C:\Libraries\iText7-Core-7.1.4\svg-7.1.4-sources.jar;C:\Libraries\iText7-Core-7.1.4\svg-7.1.4.jar" />
    <property name="default.javac.target" value="17" />
    <property name="javac.fork" value="false" />
    <property name="libs.eclipselink.classpath" value="C:\Program Files\NetBeans-19\netbeans\java\modules\ext\eclipselink\org.eclipse.persistence.core-2.7.12.jar;C:\Program Files\NetBeans-19\netbeans\java\modules\ext\eclipselink\org.eclipse.persistence.asm-9.4.0.jar;C:\Program Files\NetBeans-19\netbeans\java\modules\ext\eclipselink\org.eclipse.persistence.antlr-2.7.12.jar;C:\Program Files\NetBeans-19\netbeans\java\modules\ext\eclipselink\org.eclipse.persistence.jpa-2.7.12.jar;C:\Program Files\NetBeans-19\netbeans\java\modules\ext\eclipselink\org.eclipse.persistence.jpa.jpql-2.7.12.jar;C:\Program Files\NetBeans-19\netbeans\java\modules\ext\eclipselink\org.eclipse.persistence.moxy-2.7.12.jar;C:\Program Files\NetBeans-19\netbeans\java\modules\ext\eclipselink\jakarta.persistence-2.2.3.jar" />
    <property name="libs.apache-poi.maven-pom" value="" />
    <property name="libs.apache-poi.src" value="" />
    <property name="libs.struts.classpath" value="C:\Program Files\NetBeans-19\netbeans\enterprise\modules\ext\struts\antlr-2.7.2.jar;C:\Program Files\NetBeans-19\netbeans\enterprise\modules\ext\struts\bsf-2.3.0.jar;C:\Program Files\NetBeans-19\netbeans\enterprise\modules\ext\struts\commons-beanutils-1.8.0.jar;C:\Program Files\NetBeans-19\netbeans\enterprise\modules\ext\struts\commons-chain-1.2.jar;C:\Program Files\NetBeans-19\netbeans\enterprise\modules\ext\struts\commons-digester-1.8.jar;C:\Program Files\NetBeans-19\netbeans\enterprise\modules\ext\struts\commons-fileupload-1.1.1.jar;C:\Program Files\NetBeans-19\netbeans\enterprise\modules\ext\struts\commons-io-1.1.jar;C:\Program Files\NetBeans-19\netbeans\enterprise\modules\ext\struts\commons-logging-1.0.4.jar;C:\Program Files\NetBeans-19\netbeans\enterprise\modules\ext\struts\commons-validator-1.3.1.jar;C:\Program Files\NetBeans-19\netbeans\enterprise\modules\ext\struts\jstl-1.0.2.jar;C:\Program Files\NetBeans-19\netbeans\enterprise\modules\ext\struts\oro-2.0.8.jar;C:\Program Files\NetBeans-19\netbeans\enterprise\modules\ext\struts\standard-1.0.6.jar;C:\Program Files\NetBeans-19\netbeans\enterprise\modules\ext\struts\struts-core-1.3.10.jar;C:\Program Files\NetBeans-19\netbeans\enterprise\modules\ext\struts\struts-el-1.3.10.jar;C:\Program Files\NetBeans-19\netbeans\enterprise\modules\ext\struts\struts-extras-1.3.10.jar;C:\Program Files\NetBeans-19\netbeans\enterprise\modules\ext\struts\struts-faces-1.3.10.jar;C:\Program Files\NetBeans-19\netbeans\enterprise\modules\ext\struts\struts-mailreader-dao-1.3.10.jar;C:\Program Files\NetBeans-19\netbeans\enterprise\modules\ext\struts\struts-scripting-1.3.10.jar;C:\Program Files\NetBeans-19\netbeans\enterprise\modules\ext\struts\struts-taglib-1.3.10.jar;C:\Program Files\NetBeans-19\netbeans\enterprise\modules\ext\struts\struts-tiles-1.3.10.jar" />
    <property name="libs.PostgreSQLDriver.maven-pom" value="" />
    <property name="libs.absolutelayout.src" value="" />
    <property name="libs.JAVAFX17.javadoc" value="" />
    <property name="testng.mode" value="testng" />
    <property name="annotation.processing.enabled.in.editor" value="false" />
    <property name="java.vm.compressedOopsMode" value="Zero based" />
    <property name="netbeans.productversion" value="Apache NetBeans IDE 19" />
    <property name="platforms.Zulu_17.0.10_7.compiler" value="modern" />
    <property name="mkdist.disabled" value="false" />
    <property name="libs.javaee-web-api-6.0.javadoc" value="C:\Program Files\NetBeans-19\netbeans\enterprise\docs\javaee-doc-api.jar" />
    <property name="libs.groovy-all.classpath" value="C:\Program Files\NetBeans-19\netbeans\groovy\modules\ext\groovy-3.0.8.jar;C:\Program Files\NetBeans-19\netbeans\groovy\modules\ext\groovy-ant-3.0.8.jar" />
    <property name="libs.javaee-api-7.0.maven-pom" value="" />
    <property name="libs.absolutelayout.javadoc" value="" />
    <property name="module.build.classes.dir" value="build/classes" />
    <property name="annotation.processing.processor.options" value="" />
    <property name="libs.jaxb.maven-pom" value="" />
    <property name="libs.javaee-api-6.0.maven-pom" value="" />
    <property name="dist.dir" value="dist" />
    <property name="build.dir" value="build" />
    <property name="file.reference.mysql-connector-j-8.3.0.jar" value="C:\Users\axel_\Downloads\jar_files\mysql-connector-j-8.3.0.jar" />
    <property name="libs.graaljs.maven-pom" value="" />
    <property name="netbeans.autoupdate.variant" value="" />
    <property name="javadoc.version" value="false" />
    <property name="libs.metro.classpath" value="C:\Program Files\NetBeans-19\netbeans\ide\modules\ext\jaxb\activation.jar;C:\Program Files\NetBeans-19\netbeans\enterprise\modules\ext\metro\webservices-api.jar;C:\Program Files\NetBeans-19\netbeans\enterprise\modules\ext\metro\webservices-extra-api.jar;C:\Program Files\NetBeans-19\netbeans\enterprise\modules\ext\metro\webservices-extra.jar;C:\Program Files\NetBeans-19\netbeans\enterprise\modules\ext\metro\webservices-rt.jar;C:\Program Files\NetBeans-19\netbeans\enterprise\modules\ext\metro\webservices-tools.jar" />
    <property name="libs.metro.src" value="" />
    <property name="libs.CopyLibs.classpath" value="C:\Program Files\NetBeans-19\netbeans\java\ant\extra\org-netbeans-modules-java-j2seproject-copylibstask.jar" />
    <property name="sun.os.patch.level" value="" />
    <property name="javadoc.html5" value="false" />
    <property name="javac.test.processorpath" value="C:\Program Files\NetBeans-19\netbeans\platform\modules\ext\junit-4.13.2.jar:C:\Program Files\NetBeans-19\netbeans\platform\modules\ext\hamcrest-core-1.3.jar:C:\Program Files\NetBeans-19\netbeans\platform\modules\ext\junit-jupiter-api-5.6.0.jar;C:\Program Files\NetBeans-19\netbeans\platform\modules\ext\junit-jupiter-params-5.6.0.jar;C:\Program Files\NetBeans-19\netbeans\platform\modules\ext\junit-jupiter-engine-5.6.0.jar:C:\Libraries\jar_mysql_8.0.33\mysql-connector-j-8.0.33.jar:C:\Libraries\log4j_1.2.17\log4j-1.2.17.jar:C:\Libraries\jar_mail:C:\Libraries\log4j_1.2.17\log4j-1.2.17.jar:C:\Libraries\iText7-Core-7.1.4;C:\Libraries\iText7-Core-7.1.4\barcodes-7.1.4-javadoc.jar;C:\Libraries\iText7-Core-7.1.4\barcodes-7.1.4-sources.jar;C:\Libraries\iText7-Core-7.1.4\barcodes-7.1.4.jar;C:\Libraries\iText7-Core-7.1.4\font-asian-7.1.4.jar;C:\Libraries\iText7-Core-7.1.4\forms-7.1.4-javadoc.jar;C:\Libraries\iText7-Core-7.1.4\forms-7.1.4-sources.jar;C:\Libraries\iText7-Core-7.1.4\forms-7.1.4.jar;C:\Libraries\iText7-Core-7.1.4\hyph-7.1.4.jar;C:\Libraries\iText7-Core-7.1.4\io-7.1.4-javadoc.jar;C:\Libraries\iText7-Core-7.1.4\io-7.1.4-sources.jar;C:\Libraries\iText7-Core-7.1.4\io-7.1.4.jar;C:\Libraries\iText7-Core-7.1.4\kernel-7.1.4-javadoc.jar;C:\Libraries\iText7-Core-7.1.4\kernel-7.1.4-sources.jar;C:\Libraries\iText7-Core-7.1.4\kernel-7.1.4.jar;C:\Libraries\iText7-Core-7.1.4\layout-7.1.4-javadoc.jar;C:\Libraries\iText7-Core-7.1.4\layout-7.1.4-sources.jar;C:\Libraries\iText7-Core-7.1.4\layout-7.1.4.jar;C:\Libraries\iText7-Core-7.1.4\pdfa-7.1.4-javadoc.jar;C:\Libraries\iText7-Core-7.1.4\pdfa-7.1.4-sources.jar;C:\Libraries\iText7-Core-7.1.4\pdfa-7.1.4.jar;C:\Libraries\iText7-Core-7.1.4\pdftest-7.1.4-javadoc.jar;C:\Libraries\iText7-Core-7.1.4\pdftest-7.1.4-sources.jar;C:\Libraries\iText7-Core-7.1.4\pdftest-7.1.4.jar;C:\Libraries\iText7-Core-7.1.4\sign-7.1.4-javadoc.jar;C:\Libraries\iText7-Core-7.1.4\sign-7.1.4-sources.jar;C:\Libraries\iText7-Core-7.1.4\sign-7.1.4.jar;C:\Libraries\iText7-Core-7.1.4\styled-xml-parser-7.1.4-javadoc.jar;C:\Libraries\iText7-Core-7.1.4\styled-xml-parser-7.1.4-sources.jar;C:\Libraries\iText7-Core-7.1.4\styled-xml-parser-7.1.4.jar;C:\Libraries\iText7-Core-7.1.4\svg-7.1.4-javadoc.jar;C:\Libraries\iText7-Core-7.1.4\svg-7.1.4-sources.jar;C:\Libraries\iText7-Core-7.1.4\svg-7.1.4.jar:C:\Libraries\jar_mail\javax-inject.jar;C:\Libraries\jar_mail\javax.activation-1.1.0.v201105071233.jar;C:\Libraries\jar_mail\javax.ejb.jar;C:\Libraries\jar_mail\javax.faces-api-2.0.jar;C:\Libraries\jar_mail\mail.jar:C:\Libraries\lib\javax.faces-api-2.0.jar::C:\Libraries\poi-bin-5.2.3\poi-5.2.3.jar;C:\Libraries\poi-bin-5.2.3\poi-examples-5.2.3.jar;C:\Libraries\poi-bin-5.2.3\poi-excelant-5.2.3.jar;C:\Libraries\poi-bin-5.2.3\poi-javadoc-5.2.3.jar;C:\Libraries\poi-bin-5.2.3\poi-ooxml-5.2.3.jar;C:\Libraries\poi-bin-5.2.3\poi-ooxml-full-5.2.3.jar;C:\Libraries\poi-bin-5.2.3\poi-ooxml-lite-5.2.3.jar;C:\Libraries\poi-bin-5.2.3\poi-scratchpad-5.2.3.jar;C:\Libraries\poi-bin-5.2.3\ooxml-lib\commons-compress-1.21.jar;C:\Libraries\poi-bin-5.2.3\ooxml-lib\commons-logging-1.2.jar;C:\Libraries\poi-bin-5.2.3\ooxml-lib\curvesapi-1.07.jar;C:\Libraries\poi-bin-5.2.3\ooxml-lib\jakarta.activation-2.0.1.jar;C:\Libraries\poi-bin-5.2.3\ooxml-lib\jakarta.xml.bind-api-3.0.1.jar;C:\Libraries\poi-bin-5.2.3\ooxml-lib\slf4j-api-1.7.36.jar;C:\Libraries\poi-bin-5.2.3\ooxml-lib\xmlbeans-5.1.1.jar;C:\Libraries\poi-bin-5.2.3\lib\SparseBitSet-1.2.jar;C:\Libraries\poi-bin-5.2.3\lib\commons-codec-1.15.jar;C:\Libraries\poi-bin-5.2.3\lib\commons-collections4-4.4.jar;C:\Libraries\poi-bin-5.2.3\lib\commons-io-2.11.0.jar;C:\Libraries\poi-bin-5.2.3\lib\commons-math3-3.6.1.jar;C:\Libraries\poi-bin-5.2.3\lib\log4j-api-2.18.0.jar:C:\Libraries\openjfx-17.0.11_windows-x64_bin-sdk\javafx-sdk-17.0.11\lib\javafx-swt.jar;C:\Libraries\openjfx-17.0.11_windows-x64_bin-sdk\javafx-sdk-17.0.11\lib\javafx.base.jar;C:\Libraries\openjfx-17.0.11_windows-x64_bin-sdk\javafx-sdk-17.0.11\lib\javafx.controls.jar;C:\Libraries\openjfx-17.0.11_windows-x64_bin-sdk\javafx-sdk-17.0.11\lib\javafx.fxml.jar;C:\Libraries\openjfx-17.0.11_windows-x64_bin-sdk\javafx-sdk-17.0.11\lib\javafx.graphics.jar;C:\Libraries\openjfx-17.0.11_windows-x64_bin-sdk\javafx-sdk-17.0.11\lib\javafx.media.jar;C:\Libraries\openjfx-17.0.11_windows-x64_bin-sdk\javafx-sdk-17.0.11\lib\javafx.swing.jar;C:\Libraries\openjfx-17.0.11_windows-x64_bin-sdk\javafx-sdk-17.0.11\lib\javafx.web.jar:C:\Libraries\jar_slf4j_2.1.0:build/classes" />
    <property name="libs.javaee-web-api-7.0.maven-pom" value="" />
    <property name="libs.javaee-web-api-8.0.maven-pom" value="" />
    <property name="netbeans.dirs" value="C:\Program Files\NetBeans-19\netbeans\nb;C:\Program Files\NetBeans-19\netbeans\ergonomics;C:\Program Files\NetBeans-19\netbeans\ide;C:\Program Files\NetBeans-19\netbeans\extide;C:\Program Files\NetBeans-19\netbeans\java;C:\Program Files\NetBeans-19\netbeans\apisupport;C:\Program Files\NetBeans-19\netbeans\webcommon;C:\Program Files\NetBeans-19\netbeans\websvccommon;C:\Program Files\NetBeans-19\netbeans\enterprise;C:\Program Files\NetBeans-19\netbeans\mobility;C:\Program Files\NetBeans-19\netbeans\profiler;C:\Program Files\NetBeans-19\netbeans\python;C:\Program Files\NetBeans-19\netbeans\php;C:\Program Files\NetBeans-19\netbeans\identity;C:\Program Files\NetBeans-19\netbeans\harness;C:\Program Files\NetBeans-19\netbeans\cnd;C:\Program Files\NetBeans-19\netbeans\cndext;C:\Program Files\NetBeans-19\netbeans\cpplite;C:\Program Files\NetBeans-19\netbeans\dlight;C:\Program Files\NetBeans-19\netbeans\groovy;C:\Program Files\NetBeans-19\netbeans\extra;C:\Program Files\NetBeans-19\netbeans\javacard;C:\Program Files\NetBeans-19\netbeans\javafx;C:\Program Files\NetBeans-19\netbeans\rust" />
    <property name="libs.hamcrest.maven-pom" value="" />
    <property name="javac.processorpath" value="C:\Program Files\NetBeans-19\netbeans\platform\modules\ext\junit-4.13.2.jar:C:\Program Files\NetBeans-19\netbeans\platform\modules\ext\hamcrest-core-1.3.jar:C:\Program Files\NetBeans-19\netbeans\platform\modules\ext\junit-jupiter-api-5.6.0.jar;C:\Program Files\NetBeans-19\netbeans\platform\modules\ext\junit-jupiter-params-5.6.0.jar;C:\Program Files\NetBeans-19\netbeans\platform\modules\ext\junit-jupiter-engine-5.6.0.jar:C:\Libraries\jar_mysql_8.0.33\mysql-connector-j-8.0.33.jar:C:\Libraries\log4j_1.2.17\log4j-1.2.17.jar:C:\Libraries\jar_mail:C:\Libraries\log4j_1.2.17\log4j-1.2.17.jar:C:\Libraries\iText7-Core-7.1.4;C:\Libraries\iText7-Core-7.1.4\barcodes-7.1.4-javadoc.jar;C:\Libraries\iText7-Core-7.1.4\barcodes-7.1.4-sources.jar;C:\Libraries\iText7-Core-7.1.4\barcodes-7.1.4.jar;C:\Libraries\iText7-Core-7.1.4\font-asian-7.1.4.jar;C:\Libraries\iText7-Core-7.1.4\forms-7.1.4-javadoc.jar;C:\Libraries\iText7-Core-7.1.4\forms-7.1.4-sources.jar;C:\Libraries\iText7-Core-7.1.4\forms-7.1.4.jar;C:\Libraries\iText7-Core-7.1.4\hyph-7.1.4.jar;C:\Libraries\iText7-Core-7.1.4\io-7.1.4-javadoc.jar;C:\Libraries\iText7-Core-7.1.4\io-7.1.4-sources.jar;C:\Libraries\iText7-Core-7.1.4\io-7.1.4.jar;C:\Libraries\iText7-Core-7.1.4\kernel-7.1.4-javadoc.jar;C:\Libraries\iText7-Core-7.1.4\kernel-7.1.4-sources.jar;C:\Libraries\iText7-Core-7.1.4\kernel-7.1.4.jar;C:\Libraries\iText7-Core-7.1.4\layout-7.1.4-javadoc.jar;C:\Libraries\iText7-Core-7.1.4\layout-7.1.4-sources.jar;C:\Libraries\iText7-Core-7.1.4\layout-7.1.4.jar;C:\Libraries\iText7-Core-7.1.4\pdfa-7.1.4-javadoc.jar;C:\Libraries\iText7-Core-7.1.4\pdfa-7.1.4-sources.jar;C:\Libraries\iText7-Core-7.1.4\pdfa-7.1.4.jar;C:\Libraries\iText7-Core-7.1.4\pdftest-7.1.4-javadoc.jar;C:\Libraries\iText7-Core-7.1.4\pdftest-7.1.4-sources.jar;C:\Libraries\iText7-Core-7.1.4\pdftest-7.1.4.jar;C:\Libraries\iText7-Core-7.1.4\sign-7.1.4-javadoc.jar;C:\Libraries\iText7-Core-7.1.4\sign-7.1.4-sources.jar;C:\Libraries\iText7-Core-7.1.4\sign-7.1.4.jar;C:\Libraries\iText7-Core-7.1.4\styled-xml-parser-7.1.4-javadoc.jar;C:\Libraries\iText7-Core-7.1.4\styled-xml-parser-7.1.4-sources.jar;C:\Libraries\iText7-Core-7.1.4\styled-xml-parser-7.1.4.jar;C:\Libraries\iText7-Core-7.1.4\svg-7.1.4-javadoc.jar;C:\Libraries\iText7-Core-7.1.4\svg-7.1.4-sources.jar;C:\Libraries\iText7-Core-7.1.4\svg-7.1.4.jar:C:\Libraries\jar_mail\javax-inject.jar;C:\Libraries\jar_mail\javax.activation-1.1.0.v201105071233.jar;C:\Libraries\jar_mail\javax.ejb.jar;C:\Libraries\jar_mail\javax.faces-api-2.0.jar;C:\Libraries\jar_mail\mail.jar:C:\Libraries\lib\javax.faces-api-2.0.jar::C:\Libraries\poi-bin-5.2.3\poi-5.2.3.jar;C:\Libraries\poi-bin-5.2.3\poi-examples-5.2.3.jar;C:\Libraries\poi-bin-5.2.3\poi-excelant-5.2.3.jar;C:\Libraries\poi-bin-5.2.3\poi-javadoc-5.2.3.jar;C:\Libraries\poi-bin-5.2.3\poi-ooxml-5.2.3.jar;C:\Libraries\poi-bin-5.2.3\poi-ooxml-full-5.2.3.jar;C:\Libraries\poi-bin-5.2.3\poi-ooxml-lite-5.2.3.jar;C:\Libraries\poi-bin-5.2.3\poi-scratchpad-5.2.3.jar;C:\Libraries\poi-bin-5.2.3\ooxml-lib\commons-compress-1.21.jar;C:\Libraries\poi-bin-5.2.3\ooxml-lib\commons-logging-1.2.jar;C:\Libraries\poi-bin-5.2.3\ooxml-lib\curvesapi-1.07.jar;C:\Libraries\poi-bin-5.2.3\ooxml-lib\jakarta.activation-2.0.1.jar;C:\Libraries\poi-bin-5.2.3\ooxml-lib\jakarta.xml.bind-api-3.0.1.jar;C:\Libraries\poi-bin-5.2.3\ooxml-lib\slf4j-api-1.7.36.jar;C:\Libraries\poi-bin-5.2.3\ooxml-lib\xmlbeans-5.1.1.jar;C:\Libraries\poi-bin-5.2.3\lib\SparseBitSet-1.2.jar;C:\Libraries\poi-bin-5.2.3\lib\commons-codec-1.15.jar;C:\Libraries\poi-bin-5.2.3\lib\commons-collections4-4.4.jar;C:\Libraries\poi-bin-5.2.3\lib\commons-io-2.11.0.jar;C:\Libraries\poi-bin-5.2.3\lib\commons-math3-3.6.1.jar;C:\Libraries\poi-bin-5.2.3\lib\log4j-api-2.18.0.jar:C:\Libraries\openjfx-17.0.11_windows-x64_bin-sdk\javafx-sdk-17.0.11\lib\javafx-swt.jar;C:\Libraries\openjfx-17.0.11_windows-x64_bin-sdk\javafx-sdk-17.0.11\lib\javafx.base.jar;C:\Libraries\openjfx-17.0.11_windows-x64_bin-sdk\javafx-sdk-17.0.11\lib\javafx.controls.jar;C:\Libraries\openjfx-17.0.11_windows-x64_bin-sdk\javafx-sdk-17.0.11\lib\javafx.fxml.jar;C:\Libraries\openjfx-17.0.11_windows-x64_bin-sdk\javafx-sdk-17.0.11\lib\javafx.graphics.jar;C:\Libraries\openjfx-17.0.11_windows-x64_bin-sdk\javafx-sdk-17.0.11\lib\javafx.media.jar;C:\Libraries\openjfx-17.0.11_windows-x64_bin-sdk\javafx-sdk-17.0.11\lib\javafx.swing.jar;C:\Libraries\openjfx-17.0.11_windows-x64_bin-sdk\javafx-sdk-17.0.11\lib\javafx.web.jar:C:\Libraries\jar_slf4j_2.1.0" />
    <property name="libs.javaee-api-6.0.javadoc" value="C:\Program Files\NetBeans-19\netbeans\enterprise\docs\javaee-doc-api.jar" />
    <property name="libs.JWSAntTasks.maven-pom" value="" />
    <property name="libs.JAVAFX17.classpath" value="C:\Libraries\openjfx-17.0.11_windows-x64_bin-sdk\javafx-sdk-17.0.11\lib\javafx-swt.jar;C:\Libraries\openjfx-17.0.11_windows-x64_bin-sdk\javafx-sdk-17.0.11\lib\javafx.base.jar;C:\Libraries\openjfx-17.0.11_windows-x64_bin-sdk\javafx-sdk-17.0.11\lib\javafx.controls.jar;C:\Libraries\openjfx-17.0.11_windows-x64_bin-sdk\javafx-sdk-17.0.11\lib\javafx.fxml.jar;C:\Libraries\openjfx-17.0.11_windows-x64_bin-sdk\javafx-sdk-17.0.11\lib\javafx.graphics.jar;C:\Libraries\openjfx-17.0.11_windows-x64_bin-sdk\javafx-sdk-17.0.11\lib\javafx.media.jar;C:\Libraries\openjfx-17.0.11_windows-x64_bin-sdk\javafx-sdk-17.0.11\lib\javafx.swing.jar;C:\Libraries\openjfx-17.0.11_windows-x64_bin-sdk\javafx-sdk-17.0.11\lib\javafx.web.jar" />
    <property name="javac.upgrademodulepath" value="" />
    <property name="run.modulepath" value=":${libs.JAVA_FX.classpath}" />
    <property name="libs.Inject.javadoc" value="" />
    <property name="jnlp.codebase.type" value="no.codebase" />
    <property name="do.archive+manifest.available" value="true" />
    <property name="libs.log4j.src" value="" />
    <property name="apple.laf.useScreenMenuBar" value="true" />
    <property name="user.country" value="US" />
    <property name="sun.java.launcher" value="SUN_STANDARD" />
    <property name="libs.jakartaee-api-9.0.maven-pom" value="" />
    <property name="libs.jpa20-persistence.src" value="" />
    <property name="libs.restapi.javadoc" value="" />
    <property name="endorsed.classpath" value="" />
    <property name="javac.test.sourcepath" value="C:\Users\axel_\OneDrive\Escritorio\coilvic\coilvic2.0\javaapplication2\build\empty" />
    <property name="libs.spring-webmvc3.0.maven-pom" value="" />
    <property name="libs.JAVAFX17.maven-pom" value="" />
    <property name="includes" value="**" />
    <property name="libs.jsf12.javadoc" value="C:\Program Files\NetBeans-19\netbeans\enterprise\docs\javaee-doc-api.jar" />
    <property name="libs.hamcrest.classpath" value="C:\Program Files\NetBeans-19\netbeans\platform\modules\ext\hamcrest-core-1.3.jar" />
    <property name="javadoc.splitindex" value="true" />
    <property name="libs.JWSAntTasks.classpath" value="C:\Program Files\NetBeans-19\netbeans\java\ant\extra\org-netbeans-modules-javawebstart-anttasks.jar" />
    <property name="junit.available" value="true" />
    <property name="manifest.custom.application.library.allowable.codebase" value="" />
    <property name="javac.processormodulepath" value="" />
    <property name="javadoc.encoding" value="UTF-8" />
    <property name="libs.apache-poi.javadoc" value="" />
    <property name="libs.jstl.src" value="" />
    <property name="libs.jsp-compilation-syscp.maven-pom" value="" />
    <property name="netbeans.hash.code" value="unique=NB_EXTIDE_JAVA_PHP_WEBCOMMON_WEBEE055d18e8c-e557-4cea-9698-36159e7b23f3_60827fae-30ab-4161-bb2e-a781eabc34d5" />
    <property name="jlink.strip" value="false" />
    <property name="libs.spring-webmvc3.0.classpath" value="C:\Program Files\NetBeans-19\netbeans\java\modules\ext\spring-3.0\spring-webmvc-3.2.18.RELEASE.jar" />
    <property name="java.runtime.name" value="OpenJDK Runtime Environment" />
    <property name="libs.jaxb.javadoc" value="C:\Program Files\NetBeans-19\netbeans\ide\docs\jaxb-api-doc.jar" />
    <property name="manifest.available" value="true" />
    <property name="libs.spring-framework500.maven-pom" value="" />
    <property name="run.jvmargs.ide" value="" />
    <property name="ant.core.lib" value="C:\Program Files\NetBeans-19\netbeans\extide\ant\lib\ant.jar" />
    <property name="libs.jsp-compilation.maven-pom" value="" />
    <property name="libs.text7-core.javadoc" value="" />
    <property name="libs.slf4j.src" value="" />
    <property name="javac.profile.cmd.line.arg" value="" />
    <property name="libs.jakartaee-api-9.0.classpath" value="C:\Program Files\NetBeans-19\netbeans\enterprise\modules\ext\jakarta.jakartaee-api-9.0.0.jar" />
    <property name="application.title" value="CoilVic" />
    <property name="&gt;&gt;&gt;&gt;&gt;&gt;&gt;" value="1ed7ae3e6433a476857c7471ce970643d64f6586" />
    <property name="do.archive+main.class.available" value="true" />
    <property name="libs.jakartaee-api-10.0.src" value="" />
    <property name="javac.test.modulepath" value="" />
    <property name="libs.PostgreSQLDriver.javadoc" value="" />
    <property name="libs.jsp-compilation-syscp.classpath" value="C:\Program Files\NetBeans-19\netbeans\extide\ant\lib\ant.jar;C:\Program Files\NetBeans-19\netbeans\enterprise\modules\ext\servlet4.0-jsp2.3-api.jar;C:\Program Files\NetBeans-19\netbeans\enterprise\modules\ext\glassfish-jspparser-5.1.0.jar;C:\Program Files\NetBeans-19\netbeans\enterprise\modules\ext\jstl-impl.jar;C:\Program Files\NetBeans-19\netbeans\enterprise\modules\ext\jsf-2_2\javax.faces.jar" />
    <property name="libs.jsp-compilation.classpath" value="C:\Program Files\NetBeans-19\netbeans\extide\ant\lib\ant.jar;C:\Program Files\NetBeans-19\netbeans\enterprise\modules\ext\servlet4.0-jsp2.3-api.jar;C:\Program Files\NetBeans-19\netbeans\enterprise\modules\ext\glassfish-jspparser-5.1.0.jar;C:\Program Files\NetBeans-19\netbeans\enterprise\modules\ext\jsf-2_2\javax.faces.jar;C:\Program Files\NetBeans-19\netbeans\enterprise\modules\ext\jstl-api.jar;C:\Program Files\NetBeans-19\netbeans\extide\ant\lib\ant-launcher.jar" />
    <property name="libs.javaee-api-6.0.classpath" value="C:\Program Files\NetBeans-19\netbeans\enterprise\modules\ext\javaee-api-6.0.jar" />
    <property name="javac.includesfile.binary" value="C:\Users\axel_\OneDrive\Escritorio\coilvic\coilvic2.0\javaapplication2\null481292511" />
    <property name="libs.javaee-api-7.0.classpath" value="C:\Program Files\NetBeans-19\netbeans\enterprise\modules\ext\javaee-api-7.0.jar" />
    <property name="sun.cpu.isalist" value="amd64" />
    <property name="libs.restapi.maven-pom" value="" />
    <property name="do.depend" value="false" />
    <property name="javadoc.preview" value="true" />
    <property name="libs.jakartaee-web-api-10.0.src" value="" />
    <property name="jnlp.signing.alias" value="" />
    <property name="sun.arch.data.model" value="64" />
    <property name="libs.jakartaee-web-api-9.0.maven-pom" value="" />
    <property name="libs.javaee-endorsed-api-7.0.src" value="" />
    <property name="platforms.Zulu_17.0.10_7.bootclasspath" value="C:\Users\axel_\OneDrive\Documents\NetBeansJDKs\zulu17.48.15-ca-jdk17.0.10-win_x64\zulu17.48.15-ca-jdk17.0.10-win_x64\!/modules/com.azul.crs.client/;C:\Users\axel_\OneDrive\Documents\NetBeansJDKs\zulu17.48.15-ca-jdk17.0.10-win_x64\zulu17.48.15-ca-jdk17.0.10-win_x64\!/modules/com.azul.tooling/;C:\Users\axel_\OneDrive\Documents\NetBeansJDKs\zulu17.48.15-ca-jdk17.0.10-win_x64\zulu17.48.15-ca-jdk17.0.10-win_x64\!/modules/java.base/;C:\Users\axel_\OneDrive\Documents\NetBeansJDKs\zulu17.48.15-ca-jdk17.0.10-win_x64\zulu17.48.15-ca-jdk17.0.10-win_x64\!/modules/java.compiler/;C:\Users\axel_\OneDrive\Documents\NetBeansJDKs\zulu17.48.15-ca-jdk17.0.10-win_x64\zulu17.48.15-ca-jdk17.0.10-win_x64\!/modules/java.datatransfer/;C:\Users\axel_\OneDrive\Documents\NetBeansJDKs\zulu17.48.15-ca-jdk17.0.10-win_x64\zulu17.48.15-ca-jdk17.0.10-win_x64\!/modules/java.desktop/;C:\Users\axel_\OneDrive\Documents\NetBeansJDKs\zulu17.48.15-ca-jdk17.0.10-win_x64\zulu17.48.15-ca-jdk17.0.10-win_x64\!/modules/java.instrument/;C:\Users\axel_\OneDrive\Documents\NetBeansJDKs\zulu17.48.15-ca-jdk17.0.10-win_x64\zulu17.48.15-ca-jdk17.0.10-win_x64\!/modules/java.logging/;C:\Users\axel_\OneDrive\Documents\NetBeansJDKs\zulu17.48.15-ca-jdk17.0.10-win_x64\zulu17.48.15-ca-jdk17.0.10-win_x64\!/modules/java.management/;C:\Users\axel_\OneDrive\Documents\NetBeansJDKs\zulu17.48.15-ca-jdk17.0.10-win_x64\zulu17.48.15-ca-jdk17.0.10-win_x64\!/modules/java.management.rmi/;C:\Users\axel_\OneDrive\Documents\NetBeansJDKs\zulu17.48.15-ca-jdk17.0.10-win_x64\zulu17.48.15-ca-jdk17.0.10-win_x64\!/modules/java.naming/;C:\Users\axel_\OneDrive\Documents\NetBeansJDKs\zulu17.48.15-ca-jdk17.0.10-win_x64\zulu17.48.15-ca-jdk17.0.10-win_x64\!/modules/java.net.http/;C:\Users\axel_\OneDrive\Documents\NetBeansJDKs\zulu17.48.15-ca-jdk17.0.10-win_x64\zulu17.48.15-ca-jdk17.0.10-win_x64\!/modules/java.prefs/;C:\Users\axel_\OneDrive\Documents\NetBeansJDKs\zulu17.48.15-ca-jdk17.0.10-win_x64\zulu17.48.15-ca-jdk17.0.10-win_x64\!/modules/java.rmi/;C:\Users\axel_\OneDrive\Documents\NetBeansJDKs\zulu17.48.15-ca-jdk17.0.10-win_x64\zulu17.48.15-ca-jdk17.0.10-win_x64\!/modules/java.scripting/;C:\Users\axel_\OneDrive\Documents\NetBeansJDKs\zulu17.48.15-ca-jdk17.0.10-win_x64\zulu17.48.15-ca-jdk17.0.10-win_x64\!/modules/java.se/;C:\Users\axel_\OneDrive\Documents\NetBeansJDKs\zulu17.48.15-ca-jdk17.0.10-win_x64\zulu17.48.15-ca-jdk17.0.10-win_x64\!/modules/java.security.jgss/;C:\Users\axel_\OneDrive\Documents\NetBeansJDKs\zulu17.48.15-ca-jdk17.0.10-win_x64\zulu17.48.15-ca-jdk17.0.10-win_x64\!/modules/java.security.sasl/;C:\Users\axel_\OneDrive\Documents\NetBeansJDKs\zulu17.48.15-ca-jdk17.0.10-win_x64\zulu17.48.15-ca-jdk17.0.10-win_x64\!/modules/java.smartcardio/;C:\Users\axel_\OneDrive\Documents\NetBeansJDKs\zulu17.48.15-ca-jdk17.0.10-win_x64\zulu17.48.15-ca-jdk17.0.10-win_x64\!/modules/java.sql/;C:\Users\axel_\OneDrive\Documents\NetBeansJDKs\zulu17.48.15-ca-jdk17.0.10-win_x64\zulu17.48.15-ca-jdk17.0.10-win_x64\!/modules/java.sql.rowset/;C:\Users\axel_\OneDrive\Documents\NetBeansJDKs\zulu17.48.15-ca-jdk17.0.10-win_x64\zulu17.48.15-ca-jdk17.0.10-win_x64\!/modules/java.transaction.xa/;C:\Users\axel_\OneDrive\Documents\NetBeansJDKs\zulu17.48.15-ca-jdk17.0.10-win_x64\zulu17.48.15-ca-jdk17.0.10-win_x64\!/modules/java.xml/;C:\Users\axel_\OneDrive\Documents\NetBeansJDKs\zulu17.48.15-ca-jdk17.0.10-win_x64\zulu17.48.15-ca-jdk17.0.10-win_x64\!/modules/java.xml.crypto/;C:\Users\axel_\OneDrive\Documents\NetBeansJDKs\zulu17.48.15-ca-jdk17.0.10-win_x64\zulu17.48.15-ca-jdk17.0.10-win_x64\!/modules/jdk.accessibility/;C:\Users\axel_\OneDrive\Documents\NetBeansJDKs\zulu17.48.15-ca-jdk17.0.10-win_x64\zulu17.48.15-ca-jdk17.0.10-win_x64\!/modules/jdk.attach/;C:\Users\axel_\OneDrive\Documents\NetBeansJDKs\zulu17.48.15-ca-jdk17.0.10-win_x64\zulu17.48.15-ca-jdk17.0.10-win_x64\!/modules/jdk.charsets/;C:\Users\axel_\OneDrive\Documents\NetBeansJDKs\zulu17.48.15-ca-jdk17.0.10-win_x64\zulu17.48.15-ca-jdk17.0.10-win_x64\!/modules/jdk.compiler/;C:\Users\axel_\OneDrive\Documents\NetBeansJDKs\zulu17.48.15-ca-jdk17.0.10-win_x64\zulu17.48.15-ca-jdk17.0.10-win_x64\!/modules/jdk.crypto.cryptoki/;C:\Users\axel_\OneDrive\Documents\NetBeansJDKs\zulu17.48.15-ca-jdk17.0.10-win_x64\zulu17.48.15-ca-jdk17.0.10-win_x64\!/modules/jdk.crypto.ec/;C:\Users\axel_\OneDrive\Documents\NetBeansJDKs\zulu17.48.15-ca-jdk17.0.10-win_x64\zulu17.48.15-ca-jdk17.0.10-win_x64\!/modules/jdk.crypto.mscapi/;C:\Users\axel_\OneDrive\Documents\NetBeansJDKs\zulu17.48.15-ca-jdk17.0.10-win_x64\zulu17.48.15-ca-jdk17.0.10-win_x64\!/modules/jdk.dynalink/;C:\Users\axel_\OneDrive\Documents\NetBeansJDKs\zulu17.48.15-ca-jdk17.0.10-win_x64\zulu17.48.15-ca-jdk17.0.10-win_x64\!/modules/jdk.editpad/;C:\Users\axel_\OneDrive\Documents\NetBeansJDKs\zulu17.48.15-ca-jdk17.0.10-win_x64\zulu17.48.15-ca-jdk17.0.10-win_x64\!/modules/jdk.hotspot.agent/;C:\Users\axel_\OneDrive\Documents\NetBeansJDKs\zulu17.48.15-ca-jdk17.0.10-win_x64\zulu17.48.15-ca-jdk17.0.10-win_x64\!/modules/jdk.httpserver/;C:\Users\axel_\OneDrive\Documents\NetBeansJDKs\zulu17.48.15-ca-jdk17.0.10-win_x64\zulu17.48.15-ca-jdk17.0.10-win_x64\!/modules/jdk.incubator.foreign/;C:\Users\axel_\OneDrive\Documents\NetBeansJDKs\zulu17.48.15-ca-jdk17.0.10-win_x64\zulu17.48.15-ca-jdk17.0.10-win_x64\!/modules/jdk.incubator.vector/;C:\Users\axel_\OneDrive\Documents\NetBeansJDKs\zulu17.48.15-ca-jdk17.0.10-win_x64\zulu17.48.15-ca-jdk17.0.10-win_x64\!/modules/jdk.internal.ed/;C:\Users\axel_\OneDrive\Documents\NetBeansJDKs\zulu17.48.15-ca-jdk17.0.10-win_x64\zulu17.48.15-ca-jdk17.0.10-win_x64\!/modules/jdk.internal.jvmstat/;C:\Users\axel_\OneDrive\Documents\NetBeansJDKs\zulu17.48.15-ca-jdk17.0.10-win_x64\zulu17.48.15-ca-jdk17.0.10-win_x64\!/modules/jdk.internal.le/;C:\Users\axel_\OneDrive\Documents\NetBeansJDKs\zulu17.48.15-ca-jdk17.0.10-win_x64\zulu17.48.15-ca-jdk17.0.10-win_x64\!/modules/jdk.internal.opt/;C:\Users\axel_\OneDrive\Documents\NetBeansJDKs\zulu17.48.15-ca-jdk17.0.10-win_x64\zulu17.48.15-ca-jdk17.0.10-win_x64\!/modules/jdk.internal.vm.ci/;C:\Users\axel_\OneDrive\Documents\NetBeansJDKs\zulu17.48.15-ca-jdk17.0.10-win_x64\zulu17.48.15-ca-jdk17.0.10-win_x64\!/modules/jdk.internal.vm.compiler/;C:\Users\axel_\OneDrive\Documents\NetBeansJDKs\zulu17.48.15-ca-jdk17.0.10-win_x64\zulu17.48.15-ca-jdk17.0.10-win_x64\!/modules/jdk.internal.vm.compiler.management/;C:\Users\axel_\OneDrive\Documents\NetBeansJDKs\zulu17.48.15-ca-jdk17.0.10-win_x64\zulu17.48.15-ca-jdk17.0.10-win_x64\!/modules/jdk.jartool/;C:\Users\axel_\OneDrive\Documents\NetBeansJDKs\zulu17.48.15-ca-jdk17.0.10-win_x64\zulu17.48.15-ca-jdk17.0.10-win_x64\!/modules/jdk.javadoc/;C:\Users\axel_\OneDrive\Documents\NetBeansJDKs\zulu17.48.15-ca-jdk17.0.10-win_x64\zulu17.48.15-ca-jdk17.0.10-win_x64\!/modules/jdk.jcmd/;C:\Users\axel_\OneDrive\Documents\NetBeansJDKs\zulu17.48.15-ca-jdk17.0.10-win_x64\zulu17.48.15-ca-jdk17.0.10-win_x64\!/modules/jdk.jconsole/;C:\Users\axel_\OneDrive\Documents\NetBeansJDKs\zulu17.48.15-ca-jdk17.0.10-win_x64\zulu17.48.15-ca-jdk17.0.10-win_x64\!/modules/jdk.jdeps/;C:\Users\axel_\OneDrive\Documents\NetBeansJDKs\zulu17.48.15-ca-jdk17.0.10-win_x64\zulu17.48.15-ca-jdk17.0.10-win_x64\!/modules/jdk.jdi/;C:\Users\axel_\OneDrive\Documents\NetBeansJDKs\zulu17.48.15-ca-jdk17.0.10-win_x64\zulu17.48.15-ca-jdk17.0.10-win_x64\!/modules/jdk.jdwp.agent/;C:\Users\axel_\OneDrive\Documents\NetBeansJDKs\zulu17.48.15-ca-jdk17.0.10-win_x64\zulu17.48.15-ca-jdk17.0.10-win_x64\!/modules/jdk.jfr/;C:\Users\axel_\OneDrive\Documents\NetBeansJDKs\zulu17.48.15-ca-jdk17.0.10-win_x64\zulu17.48.15-ca-jdk17.0.10-win_x64\!/modules/jdk.jlink/;C:\Users\axel_\OneDrive\Documents\NetBeansJDKs\zulu17.48.15-ca-jdk17.0.10-win_x64\zulu17.48.15-ca-jdk17.0.10-win_x64\!/modules/jdk.jpackage/;C:\Users\axel_\OneDrive\Documents\NetBeansJDKs\zulu17.48.15-ca-jdk17.0.10-win_x64\zulu17.48.15-ca-jdk17.0.10-win_x64\!/modules/jdk.jshell/;C:\Users\axel_\OneDrive\Documents\NetBeansJDKs\zulu17.48.15-ca-jdk17.0.10-win_x64\zulu17.48.15-ca-jdk17.0.10-win_x64\!/modules/jdk.jsobject/;C:\Users\axel_\OneDrive\Documents\NetBeansJDKs\zulu17.48.15-ca-jdk17.0.10-win_x64\zulu17.48.15-ca-jdk17.0.10-win_x64\!/modules/jdk.jstatd/;C:\Users\axel_\OneDrive\Documents\NetBeansJDKs\zulu17.48.15-ca-jdk17.0.10-win_x64\zulu17.48.15-ca-jdk17.0.10-win_x64\!/modules/jdk.localedata/;C:\Users\axel_\OneDrive\Documents\NetBeansJDKs\zulu17.48.15-ca-jdk17.0.10-win_x64\zulu17.48.15-ca-jdk17.0.10-win_x64\!/modules/jdk.management/;C:\Users\axel_\OneDrive\Documents\NetBeansJDKs\zulu17.48.15-ca-jdk17.0.10-win_x64\zulu17.48.15-ca-jdk17.0.10-win_x64\!/modules/jdk.management.agent/;C:\Users\axel_\OneDrive\Documents\NetBeansJDKs\zulu17.48.15-ca-jdk17.0.10-win_x64\zulu17.48.15-ca-jdk17.0.10-win_x64\!/modules/jdk.management.jfr/;C:\Users\axel_\OneDrive\Documents\NetBeansJDKs\zulu17.48.15-ca-jdk17.0.10-win_x64\zulu17.48.15-ca-jdk17.0.10-win_x64\!/modules/jdk.naming.dns/;C:\Users\axel_\OneDrive\Documents\NetBeansJDKs\zulu17.48.15-ca-jdk17.0.10-win_x64\zulu17.48.15-ca-jdk17.0.10-win_x64\!/modules/jdk.naming.rmi/;C:\Users\axel_\OneDrive\Documents\NetBeansJDKs\zulu17.48.15-ca-jdk17.0.10-win_x64\zulu17.48.15-ca-jdk17.0.10-win_x64\!/modules/jdk.net/;C:\Users\axel_\OneDrive\Documents\NetBeansJDKs\zulu17.48.15-ca-jdk17.0.10-win_x64\zulu17.48.15-ca-jdk17.0.10-win_x64\!/modules/jdk.nio.mapmode/;C:\Users\axel_\OneDrive\Documents\NetBeansJDKs\zulu17.48.15-ca-jdk17.0.10-win_x64\zulu17.48.15-ca-jdk17.0.10-win_x64\!/modules/jdk.random/;C:\Users\axel_\OneDrive\Documents\NetBeansJDKs\zulu17.48.15-ca-jdk17.0.10-win_x64\zulu17.48.15-ca-jdk17.0.10-win_x64\!/modules/jdk.sctp/;C:\Users\axel_\OneDrive\Documents\NetBeansJDKs\zulu17.48.15-ca-jdk17.0.10-win_x64\zulu17.48.15-ca-jdk17.0.10-win_x64\!/modules/jdk.security.auth/;C:\Users\axel_\OneDrive\Documents\NetBeansJDKs\zulu17.48.15-ca-jdk17.0.10-win_x64\zulu17.48.15-ca-jdk17.0.10-win_x64\!/modules/jdk.security.jgss/;C:\Users\axel_\OneDrive\Documents\NetBeansJDKs\zulu17.48.15-ca-jdk17.0.10-win_x64\zulu17.48.15-ca-jdk17.0.10-win_x64\!/modules/jdk.unsupported/;C:\Users\axel_\OneDrive\Documents\NetBeansJDKs\zulu17.48.15-ca-jdk17.0.10-win_x64\zulu17.48.15-ca-jdk17.0.10-win_x64\!/modules/jdk.unsupported.desktop/;C:\Users\axel_\OneDrive\Documents\NetBeansJDKs\zulu17.48.15-ca-jdk17.0.10-win_x64\zulu17.48.15-ca-jdk17.0.10-win_x64\!/modules/jdk.xml.dom/;C:\Users\axel_\OneDrive\Documents\NetBeansJDKs\zulu17.48.15-ca-jdk17.0.10-win_x64\zulu17.48.15-ca-jdk17.0.10-win_x64\!/modules/jdk.zipfs/" />
    <property name="annotation.processing.enabled" value="true" />
    <property name="libs.junit_5.src" value="C:\Program Files\NetBeans-19\netbeans\platform\docs\junit-jupiter-api-5.6.0-sources.jar;C:\Program Files\NetBeans-19\netbeans\platform\docs\junit-jupiter-params-5.6.0-sources.jar;C:\Program Files\NetBeans-19\netbeans\platform\docs\junit-jupiter-engine-5.6.0-sources.jar" />
    <property name="libs.jaxb.classpath" value="C:\Program Files\NetBeans-19\netbeans\ide\modules\ext\jaxb\jaxb-impl.jar;C:\Program Files\NetBeans-19\netbeans\ide\modules\ext\jaxb\jaxb-xjc.jar;C:\Program Files\NetBeans-19\netbeans\ide\modules\ext\jaxb\activation.jar;C:\Program Files\NetBeans-19\netbeans\ide\modules\ext\jaxb\api\jaxb-api.jar" />
    <property name="libs.javaee-api-8.0.classpath" value="C:\Program Files\NetBeans-19\netbeans\enterprise\modules\ext\javaee-api-8.0.jar" />
    <property name="libs.apache-poi.classpath" value="C:\Libraries\poi-bin-5.2.3\poi-5.2.3.jar;C:\Libraries\poi-bin-5.2.3\poi-examples-5.2.3.jar;C:\Libraries\poi-bin-5.2.3\poi-excelant-5.2.3.jar;C:\Libraries\poi-bin-5.2.3\poi-javadoc-5.2.3.jar;C:\Libraries\poi-bin-5.2.3\poi-ooxml-5.2.3.jar;C:\Libraries\poi-bin-5.2.3\poi-ooxml-full-5.2.3.jar;C:\Libraries\poi-bin-5.2.3\poi-ooxml-lite-5.2.3.jar;C:\Libraries\poi-bin-5.2.3\poi-scratchpad-5.2.3.jar;C:\Libraries\poi-bin-5.2.3\ooxml-lib\commons-compress-1.21.jar;C:\Libraries\poi-bin-5.2.3\ooxml-lib\commons-logging-1.2.jar;C:\Libraries\poi-bin-5.2.3\ooxml-lib\curvesapi-1.07.jar;C:\Libraries\poi-bin-5.2.3\ooxml-lib\jakarta.activation-2.0.1.jar;C:\Libraries\poi-bin-5.2.3\ooxml-lib\jakarta.xml.bind-api-3.0.1.jar;C:\Libraries\poi-bin-5.2.3\ooxml-lib\slf4j-api-1.7.36.jar;C:\Libraries\poi-bin-5.2.3\ooxml-lib\xmlbeans-5.1.1.jar;C:\Libraries\poi-bin-5.2.3\lib\SparseBitSet-1.2.jar;C:\Libraries\poi-bin-5.2.3\lib\commons-codec-1.15.jar;C:\Libraries\poi-bin-5.2.3\lib\commons-collections4-4.4.jar;C:\Libraries\poi-bin-5.2.3\lib\commons-io-2.11.0.jar;C:\Libraries\poi-bin-5.2.3\lib\commons-math3-3.6.1.jar;C:\Libraries\poi-bin-5.2.3\lib\log4j-api-2.18.0.jar" />
    <property name="libs.CopyLibs.src" value="" />
    <property name="java.specification.vendor" value="Oracle Corporation" />
    <property name="javac.source" value="17" />
    <property name="jdk.module.path" value="C:\Libraries\openjfx-17.0.11_windows-x64_bin-sdk\javafx-sdk-17.0.11\lib" />
    <property name="java.version.date" value="2023-10-17" />
    <property name="java.home" value="C:\Users\axel_\AppData\Local\Programs\Eclipse Adoptium\jdk-17.0.9.9-hotspot" />
    <property name="work.dir" value="C:\Users\axel_\OneDrive\Escritorio\coilvic\coilvic2.0\javaapplication2" />
    <property name="jna.boot.library.name" value="jnidispatch-nb" />
    <property name="javac.test.compilerargs" value="" />
    <property name="libs.PostgreSQLDriver.classpath" value="C:\Program Files\NetBeans-19\netbeans\ide\modules\ext\postgresql-42.5.4.jar" />
    <property name="libs.graaljs.javadoc" value="" />
    <property name="libs.spring-webmvc3.0.javadoc" value="" />
    <property name="libs.JAXB-ENDORSED.src" value="" />
    <property name="libs.Inject.maven-pom" value="" />
    <property name="manifest.encoding" value="UTF-8" />
    <property name="user.script" value="" />
    <property name="manifest.custom.permissions" value="" />
    <property name="sun.management.compiler" value="HotSpot 64-Bit Tiered Compilers" />
    <property name="libs.spring-framework400.src" value="" />
    <property name="run.test.modulepath" value="" />
    <property name="libs.graaljs.classpath" value="C:\Program Files\NetBeans-19\netbeans\webcommon\modules\ext\js-20.3.0.jar;C:\Program Files\NetBeans-19\netbeans\webcommon\modules\ext\js-launcher-20.3.0.jar;C:\Program Files\NetBeans-19\netbeans\webcommon\modules\ext\regex-20.3.0.jar;C:\Program Files\NetBeans-19\netbeans\webcommon\modules\ext\icu4j-67.1.jar;C:\Program Files\NetBeans-19\netbeans\ide\modules\ext\graal-sdk-20.3.0.jar;C:\Program Files\NetBeans-19\netbeans\ide\modules\ext\launcher-common-20.3.0.jar;C:\Program Files\NetBeans-19\netbeans\ide\modules\ext\truffle-api-20.3.0.jar" />
    <property name="libs.javaee-web-api-6.0.classpath" value="C:\Program Files\NetBeans-19\netbeans\enterprise\modules\ext\javaee-web-api-6.0.jar" />
    <property name="libs.jsp-compiler.javadoc" value="" />
    <property name="debug.test.modulepath" value="" />
    <property name="libs.javaee-web-api-7.0.classpath" value="C:\Program Files\NetBeans-19\netbeans\enterprise\modules\ext\javaee-web-api-7.0.jar" />
    <property name="file.encoding" value="Cp1252" />
    <property name="ant.file.CoilVic" value="C:\Users\axel_\OneDrive\Escritorio\coilvic\coilvic2.0\javaapplication2\build.xml" />
    <property name="java.util.logging.config.class" value="org.netbeans.core.startup.TopLogging" />
    <property name="libs.restlib.javadoc" value="" />
    <property name="libs.absolutelayout.classpath" value="C:\Program Files\NetBeans-19\netbeans\java\modules\ext\AbsoluteLayout.jar" />
    <property name="do.archive" value="true" />
    <property name="libs.struts.maven-pom" value="" />
    <property name="built-jar.properties" value="C:\Users\axel_\OneDrive\Escritorio\coilvic\coilvic2.0\javaapplication2\build\built-jar.properties" />
    <property name="nb.native.filechooser" value="false" />
    <property name="platforms.Zulu_17.0.10_7.home" value="C:\Users\axel_\OneDrive\Documents\NetBeansJDKs\zulu17.48.15-ca-jdk17.0.10-win_x64\zulu17.48.15-ca-jdk17.0.10-win_x64" />
    <property name="libs.testng.src" value="" />
    <property name="libs.javaee-web-api-8.0.classpath" value="C:\Program Files\NetBeans-19\netbeans\enterprise\modules\ext\javaee-web-api-8.0.jar" />
    <property name="platform.active" value="default_platform" />
    <property name="manifest.file" value="manifest.mf" />
    <property name="sun.io.unicode.encoding" value="UnicodeLittle" />
    <property name="libs.jar_mail.src" value="" />
    <property name="libs.struts.javadoc" value="C:\Program Files\NetBeans-19\netbeans\enterprise\docs\struts-1.3.10-javadoc.zip" />
    <property name="&lt;&lt;&lt;&lt;&lt;&lt;&lt;" value="HEAD" />
    <property name="default.javac.source" value="17" />
    <property name="netbeans.dynamic.classpath" value="C:\Program Files\NetBeans-19\netbeans\platform\core\asm-9.5.jar;C:\Program Files\NetBeans-19\netbeans\platform\core\asm-commons-9.5.jar;C:\Program Files\NetBeans-19\netbeans\platform\core\asm-tree-9.5.jar;C:\Program Files\NetBeans-19\netbeans\platform\core\core-base.jar;C:\Program Files\NetBeans-19\netbeans\platform\core\core.jar;C:\Program Files\NetBeans-19\netbeans\platform\core\org-netbeans-libs-asm.jar;C:\Program Files\NetBeans-19\netbeans\platform\core\org-openide-filesystems-compat8.jar;C:\Program Files\NetBeans-19\netbeans\platform\core\org-openide-filesystems.jar;C:\Program Files\NetBeans-19\netbeans\nb\core\org-netbeans-upgrader.jar;C:\Program Files\NetBeans-19\netbeans\nb\core\locale\core_nb.jar" />
    <property name="libs.javaee-web-api-8.0.javadoc" value="C:\Program Files\NetBeans-19\netbeans\enterprise\docs\javaee-doc-api.jar" />
    <property name="flatlaf.nativeLibraryPath" value="system" />
    <property name="libs.eclipselinkmodelgen.classpath" value="C:\Program Files\NetBeans-19\netbeans\java\modules\ext\eclipselink\org.eclipse.persistence.jpa.modelgen.processor-2.7.12.jar" />
    <property name="javac.systemmodulepath.cmd.line.arg" value="" />
    <property name="libs.Faces_api.maven-pom" value="" />
    <property name="libs.slf4j.javadoc" value="" />
    <property name="netbeans.buildnumber" value="19-ba85468772292fd64f188f4022f9d49f77f00b89" />
    <property name="php.global.include.path" value="" />
    <property name="endorsed.classpath.cmd.line.arg" value="" />
    <property name="libs.jpa20-persistence.maven-pom" value="" />
    <property name="libs.CopyLibs.maven-pom" value="" />
    <property name="build.sysclasspath" value="ignore" />
    <property name="os.name" value="Windows 11" />
    <property name="libs.jakartaee-api-8.0.maven-pom" value="" />
    <property name="jdkBug6558476" value="false" />
    <property name="javadoc.author" value="false" />
    <property name="main.class" value="main.MainApp" />
    <property name="libs.Mail.javadoc" value="" />
    <property name="libs.jsp-compilation-syscp.javadoc" value="" />
    <property name="source.encoding" value="UTF-8" />
    <property name="libs.Mail.classpath" value="C:\Libraries\jar_mail\javax-inject.jar;C:\Libraries\jar_mail\javax.activation-1.1.0.v201105071233.jar;C:\Libraries\jar_mail\javax.ejb.jar;C:\Libraries\jar_mail\javax.faces-api-2.0.jar;C:\Libraries\jar_mail\mail.jar" />
    <property name="jar.compress" value="false" />
    <property name="libs.javaee-api-7.0.javadoc" value="C:\Program Files\NetBeans-19\netbeans\enterprise\docs\javaee-doc-api.jar" />
    <property name="flatlaf.updateUIOnSystemFontChange" value="false" />
    <property name="libs.spring-webmvc5.0.src" value="" />
    <property name="jnlp.mixed.code" value="default" />
    <property name="libs.jsf20.maven-pom" value="" />
    <property name="libs.restlib.classpath" value="C:\Program Files\NetBeans-19\netbeans\enterprise\modules\ext\jersey2\jakarta.annotation-api-2.1.1.jar;C:\Program Files\NetBeans-19\netbeans\enterprise\modules\ext\jersey2\jakarta.persistence-api-2.2.3.jar;C:\Program Files\NetBeans-19\netbeans\enterprise\modules\ext\jersey2\jakarta.servlet-api-4.0.4.jar;C:\Program Files\NetBeans-19\netbeans\enterprise\modules\ext\jersey2\jakarta.validation-api-2.0.2.jar;C:\Program Files\NetBeans-19\netbeans\enterprise\modules\ext\jersey2\jakarta.xml.bind-api-2.3.3.jar;C:\Program Files\NetBeans-19\netbeans\enterprise\modules\ext\jersey2\jersey-client-2.35.jar;C:\Program Files\NetBeans-19\netbeans\enterprise\modules\ext\jersey2\jersey-common-2.35.jar;C:\Program Files\NetBeans-19\netbeans\enterprise\modules\ext\jersey2\jersey-server-2.35.jar;C:\Program Files\NetBeans-19\netbeans\enterprise\modules\ext\jersey2\jersey-entity-filtering-2.35.jar;C:\Program Files\NetBeans-19\netbeans\enterprise\modules\ext\jersey2\jersey-hk2-2.35.jar;C:\Program Files\NetBeans-19\netbeans\enterprise\modules\ext\jersey2\jersey-media-moxy-2.35.jar;C:\Program Files\NetBeans-19\netbeans\enterprise\modules\ext\jersey2\jersey-container-servlet-2.35.jar;C:\Program Files\NetBeans-19\netbeans\enterprise\modules\ext\jersey2\jersey-container-servlet-core-2.35.jar;C:\Program Files\NetBeans-19\netbeans\enterprise\modules\ext\jersey2\hk2-api-2.6.1.jar;C:\Program Files\NetBeans-19\netbeans\enterprise\modules\ext\jersey2\hk2-locator-2.6.1.jar;C:\Program Files\NetBeans-19\netbeans\enterprise\modules\ext\jersey2\hk2-utils-2.6.1.jar;C:\Program Files\NetBeans-19\netbeans\enterprise\modules\ext\jersey2\jakarta.inject-2.6.1.jar;C:\Program Files\NetBeans-19\netbeans\enterprise\modules\ext\jersey2\aopalliance-repackaged-2.6.1.jar;C:\Program Files\NetBeans-19\netbeans\enterprise\modules\ext\jersey2\osgi.core-8.0.0.jar;C:\Program Files\NetBeans-19\netbeans\enterprise\modules\ext\jersey2\osgi-resource-locator-1.0.3.jar;C:\Program Files\NetBeans-19\netbeans\java\modules\ext\eclipselink\org.eclipse.persistence.core-2.7.12.jar;C:\Program Files\NetBeans-19\netbeans\java\modules\ext\eclipselink\org.eclipse.persistence.asm-9.4.0.jar;C:\Program Files\NetBeans-19\netbeans\java\modules\ext\eclipselink\org.eclipse.persistence.antlr-2.7.12.jar;C:\Program Files\NetBeans-19\netbeans\java\modules\ext\eclipselink\org.eclipse.persistence.jpa-2.7.12.jar;C:\Program Files\NetBeans-19\netbeans\java\modules\ext\eclipselink\org.eclipse.persistence.jpa.jpql-2.7.12.jar;C:\Program Files\NetBeans-19\netbeans\java\modules\ext\eclipselink\org.eclipse.persistence.moxy-2.7.12.jar" />
    <property name="libs.jakartaee-web-api-8.0.javadoc" value="C:\Program Files\NetBeans-19\netbeans\enterprise\docs\jakartaee8-doc-api.jar" />
    <property name="libs.Mail.maven-pom" value="" />
    <property name="apple.awt.graphics.UseQuartz" value="true" />
    <property name="libs.graaljs.src" value="" />
    <property name="run.jvmargs" value="--module-path C:\Libraries\openjfx-17.0.11_windows-x64_bin-sdk\javafx-sdk-17.0.11\lib --add-modules javafx.controls,javafx.fxml" />
    <property name="libs.primefaces.src" value="" />
    <property name="libs.jar_mail.classpath" value="C:\Libraries\jar_mail" />
    <property name="ant.file" value="C:\Users\axel_\OneDrive\Escritorio\coilvic\coilvic2.0\javaapplication2\build.xml" />
    <property name="libs.struts.src" value="" />
    <property name="path.separator" value=";" />
    <property name="libs.JAXB-ENDORSED.classpath" value="C:\Program Files\NetBeans-19\netbeans\ide\modules\ext\jaxb\api\jaxb-api.jar" />
    <property name="libs.restlib.src" value="" />
    <property name="build.test.results.dir" value="build/test/results" />
    <property name="libs.jaxws21.javadoc" value="C:\Program Files\NetBeans-19\netbeans\java\docs\jaxws-api-doc.zip" />
    <property name="libs.spring-framework400.maven-pom" value="" />
    <property name="libs.javaee-endorsed-api-6.0.javadoc" value="C:\Program Files\NetBeans-19\netbeans\enterprise\docs\javaee-doc-api.jar" />
    <property name="ap.processors.internal" value="" />
    <property name="module.name" value="" />
    <property name="libs.jsf12.classpath" value="C:\Program Files\NetBeans-19\netbeans\enterprise\modules\ext\jsf-1_2\jsf-api.jar;C:\Program Files\NetBeans-19\netbeans\enterprise\modules\ext\jsf-1_2\jsf-impl.jar" />
    <property name="libs.spring-webmvc5.0.javadoc" value="" />
    <property name="libs.spring-framework400.javadoc" value="" />
    <property name="libs.hamcrest.javadoc" value="" />
    <property name="do.jar" value="true" />
    <property name="libs.text7-core.maven-pom" value="" />
    <property name="java.vm.info" value="mixed mode, sharing" />
    <property name="libs.primefaces.classpath" value="C:\Program Files\NetBeans-19\netbeans\enterprise\modules\ext\primefaces\primefaces-5.0.jar" />
    <property name="libs.jaxws21.maven-pom" value="" />
    <property name="run.test.classpath" value="C:\Program Files\NetBeans-19\netbeans\platform\modules\ext\junit-4.13.2.jar:C:\Program Files\NetBeans-19\netbeans\platform\modules\ext\hamcrest-core-1.3.jar:C:\Program Files\NetBeans-19\netbeans\platform\modules\ext\junit-jupiter-api-5.6.0.jar;C:\Program Files\NetBeans-19\netbeans\platform\modules\ext\junit-jupiter-params-5.6.0.jar;C:\Program Files\NetBeans-19\netbeans\platform\modules\ext\junit-jupiter-engine-5.6.0.jar:C:\Libraries\jar_mysql_8.0.33\mysql-connector-j-8.0.33.jar:C:\Libraries\log4j_1.2.17\log4j-1.2.17.jar:C:\Libraries\jar_mail:C:\Libraries\log4j_1.2.17\log4j-1.2.17.jar:C:\Libraries\iText7-Core-7.1.4;C:\Libraries\iText7-Core-7.1.4\barcodes-7.1.4-javadoc.jar;C:\Libraries\iText7-Core-7.1.4\barcodes-7.1.4-sources.jar;C:\Libraries\iText7-Core-7.1.4\barcodes-7.1.4.jar;C:\Libraries\iText7-Core-7.1.4\font-asian-7.1.4.jar;C:\Libraries\iText7-Core-7.1.4\forms-7.1.4-javadoc.jar;C:\Libraries\iText7-Core-7.1.4\forms-7.1.4-sources.jar;C:\Libraries\iText7-Core-7.1.4\forms-7.1.4.jar;C:\Libraries\iText7-Core-7.1.4\hyph-7.1.4.jar;C:\Libraries\iText7-Core-7.1.4\io-7.1.4-javadoc.jar;C:\Libraries\iText7-Core-7.1.4\io-7.1.4-sources.jar;C:\Libraries\iText7-Core-7.1.4\io-7.1.4.jar;C:\Libraries\iText7-Core-7.1.4\kernel-7.1.4-javadoc.jar;C:\Libraries\iText7-Core-7.1.4\kernel-7.1.4-sources.jar;C:\Libraries\iText7-Core-7.1.4\kernel-7.1.4.jar;C:\Libraries\iText7-Core-7.1.4\layout-7.1.4-javadoc.jar;C:\Libraries\iText7-Core-7.1.4\layout-7.1.4-sources.jar;C:\Libraries\iText7-Core-7.1.4\layout-7.1.4.jar;C:\Libraries\iText7-Core-7.1.4\pdfa-7.1.4-javadoc.jar;C:\Libraries\iText7-Core-7.1.4\pdfa-7.1.4-sources.jar;C:\Libraries\iText7-Core-7.1.4\pdfa-7.1.4.jar;C:\Libraries\iText7-Core-7.1.4\pdftest-7.1.4-javadoc.jar;C:\Libraries\iText7-Core-7.1.4\pdftest-7.1.4-sources.jar;C:\Libraries\iText7-Core-7.1.4\pdftest-7.1.4.jar;C:\Libraries\iText7-Core-7.1.4\sign-7.1.4-javadoc.jar;C:\Libraries\iText7-Core-7.1.4\sign-7.1.4-sources.jar;C:\Libraries\iText7-Core-7.1.4\sign-7.1.4.jar;C:\Libraries\iText7-Core-7.1.4\styled-xml-parser-7.1.4-javadoc.jar;C:\Libraries\iText7-Core-7.1.4\styled-xml-parser-7.1.4-sources.jar;C:\Libraries\iText7-Core-7.1.4\styled-xml-parser-7.1.4.jar;C:\Libraries\iText7-Core-7.1.4\svg-7.1.4-javadoc.jar;C:\Libraries\iText7-Core-7.1.4\svg-7.1.4-sources.jar;C:\Libraries\iText7-Core-7.1.4\svg-7.1.4.jar:C:\Libraries\jar_mail\javax-inject.jar;C:\Libraries\jar_mail\javax.activation-1.1.0.v201105071233.jar;C:\Libraries\jar_mail\javax.ejb.jar;C:\Libraries\jar_mail\javax.faces-api-2.0.jar;C:\Libraries\jar_mail\mail.jar:C:\Libraries\lib\javax.faces-api-2.0.jar::C:\Libraries\poi-bin-5.2.3\poi-5.2.3.jar;C:\Libraries\poi-bin-5.2.3\poi-examples-5.2.3.jar;C:\Libraries\poi-bin-5.2.3\poi-excelant-5.2.3.jar;C:\Libraries\poi-bin-5.2.3\poi-javadoc-5.2.3.jar;C:\Libraries\poi-bin-5.2.3\poi-ooxml-5.2.3.jar;C:\Libraries\poi-bin-5.2.3\poi-ooxml-full-5.2.3.jar;C:\Libraries\poi-bin-5.2.3\poi-ooxml-lite-5.2.3.jar;C:\Libraries\poi-bin-5.2.3\poi-scratchpad-5.2.3.jar;C:\Libraries\poi-bin-5.2.3\ooxml-lib\commons-compress-1.21.jar;C:\Libraries\poi-bin-5.2.3\ooxml-lib\commons-logging-1.2.jar;C:\Libraries\poi-bin-5.2.3\ooxml-lib\curvesapi-1.07.jar;C:\Libraries\poi-bin-5.2.3\ooxml-lib\jakarta.activation-2.0.1.jar;C:\Libraries\poi-bin-5.2.3\ooxml-lib\jakarta.xml.bind-api-3.0.1.jar;C:\Libraries\poi-bin-5.2.3\ooxml-lib\slf4j-api-1.7.36.jar;C:\Libraries\poi-bin-5.2.3\ooxml-lib\xmlbeans-5.1.1.jar;C:\Libraries\poi-bin-5.2.3\lib\SparseBitSet-1.2.jar;C:\Libraries\poi-bin-5.2.3\lib\commons-codec-1.15.jar;C:\Libraries\poi-bin-5.2.3\lib\commons-collections4-4.4.jar;C:\Libraries\poi-bin-5.2.3\lib\commons-io-2.11.0.jar;C:\Libraries\poi-bin-5.2.3\lib\commons-math3-3.6.1.jar;C:\Libraries\poi-bin-5.2.3\lib\log4j-api-2.18.0.jar:C:\Libraries\openjfx-17.0.11_windows-x64_bin-sdk\javafx-sdk-17.0.11\lib\javafx-swt.jar;C:\Libraries\openjfx-17.0.11_windows-x64_bin-sdk\javafx-sdk-17.0.11\lib\javafx.base.jar;C:\Libraries\openjfx-17.0.11_windows-x64_bin-sdk\javafx-sdk-17.0.11\lib\javafx.controls.jar;C:\Libraries\openjfx-17.0.11_windows-x64_bin-sdk\javafx-sdk-17.0.11\lib\javafx.fxml.jar;C:\Libraries\openjfx-17.0.11_windows-x64_bin-sdk\javafx-sdk-17.0.11\lib\javafx.graphics.jar;C:\Libraries\openjfx-17.0.11_windows-x64_bin-sdk\javafx-sdk-17.0.11\lib\javafx.media.jar;C:\Libraries\openjfx-17.0.11_windows-x64_bin-sdk\javafx-sdk-17.0.11\lib\javafx.swing.jar;C:\Libraries\openjfx-17.0.11_windows-x64_bin-sdk\javafx-sdk-17.0.11\lib\javafx.web.jar:C:\Libraries\jar_slf4j_2.1.0:build/classes:build/test/classes" />
    <property name="dist.jlink.output" value="dist/jlink/CoilVic" />
    <property name="java.class.version" value="61.0" />
    <property name="javadoc.encoding.used" value="UTF-8" />
    <property name="src.dir" value="src" />
    <property name="debug.classpath" value="C:\Program Files\NetBeans-19\netbeans\platform\modules\ext\junit-4.13.2.jar:C:\Program Files\NetBeans-19\netbeans\platform\modules\ext\hamcrest-core-1.3.jar:C:\Program Files\NetBeans-19\netbeans\platform\modules\ext\junit-jupiter-api-5.6.0.jar;C:\Program Files\NetBeans-19\netbeans\platform\modules\ext\junit-jupiter-params-5.6.0.jar;C:\Program Files\NetBeans-19\netbeans\platform\modules\ext\junit-jupiter-engine-5.6.0.jar:C:\Libraries\jar_mysql_8.0.33\mysql-connector-j-8.0.33.jar:C:\Libraries\log4j_1.2.17\log4j-1.2.17.jar:C:\Libraries\jar_mail:C:\Libraries\log4j_1.2.17\log4j-1.2.17.jar:C:\Libraries\iText7-Core-7.1.4;C:\Libraries\iText7-Core-7.1.4\barcodes-7.1.4-javadoc.jar;C:\Libraries\iText7-Core-7.1.4\barcodes-7.1.4-sources.jar;C:\Libraries\iText7-Core-7.1.4\barcodes-7.1.4.jar;C:\Libraries\iText7-Core-7.1.4\font-asian-7.1.4.jar;C:\Libraries\iText7-Core-7.1.4\forms-7.1.4-javadoc.jar;C:\Libraries\iText7-Core-7.1.4\forms-7.1.4-sources.jar;C:\Libraries\iText7-Core-7.1.4\forms-7.1.4.jar;C:\Libraries\iText7-Core-7.1.4\hyph-7.1.4.jar;C:\Libraries\iText7-Core-7.1.4\io-7.1.4-javadoc.jar;C:\Libraries\iText7-Core-7.1.4\io-7.1.4-sources.jar;C:\Libraries\iText7-Core-7.1.4\io-7.1.4.jar;C:\Libraries\iText7-Core-7.1.4\kernel-7.1.4-javadoc.jar;C:\Libraries\iText7-Core-7.1.4\kernel-7.1.4-sources.jar;C:\Libraries\iText7-Core-7.1.4\kernel-7.1.4.jar;C:\Libraries\iText7-Core-7.1.4\layout-7.1.4-javadoc.jar;C:\Libraries\iText7-Core-7.1.4\layout-7.1.4-sources.jar;C:\Libraries\iText7-Core-7.1.4\layout-7.1.4.jar;C:\Libraries\iText7-Core-7.1.4\pdfa-7.1.4-javadoc.jar;C:\Libraries\iText7-Core-7.1.4\pdfa-7.1.4-sources.jar;C:\Libraries\iText7-Core-7.1.4\pdfa-7.1.4.jar;C:\Libraries\iText7-Core-7.1.4\pdftest-7.1.4-javadoc.jar;C:\Libraries\iText7-Core-7.1.4\pdftest-7.1.4-sources.jar;C:\Libraries\iText7-Core-7.1.4\pdftest-7.1.4.jar;C:\Libraries\iText7-Core-7.1.4\sign-7.1.4-javadoc.jar;C:\Libraries\iText7-Core-7.1.4\sign-7.1.4-sources.jar;C:\Libraries\iText7-Core-7.1.4\sign-7.1.4.jar;C:\Libraries\iText7-Core-7.1.4\styled-xml-parser-7.1.4-javadoc.jar;C:\Libraries\iText7-Core-7.1.4\styled-xml-parser-7.1.4-sources.jar;C:\Libraries\iText7-Core-7.1.4\styled-xml-parser-7.1.4.jar;C:\Libraries\iText7-Core-7.1.4\svg-7.1.4-javadoc.jar;C:\Libraries\iText7-Core-7.1.4\svg-7.1.4-sources.jar;C:\Libraries\iText7-Core-7.1.4\svg-7.1.4.jar:C:\Libraries\jar_mail\javax-inject.jar;C:\Libraries\jar_mail\javax.activation-1.1.0.v201105071233.jar;C:\Libraries\jar_mail\javax.ejb.jar;C:\Libraries\jar_mail\javax.faces-api-2.0.jar;C:\Libraries\jar_mail\mail.jar:C:\Libraries\lib\javax.faces-api-2.0.jar::C:\Libraries\poi-bin-5.2.3\poi-5.2.3.jar;C:\Libraries\poi-bin-5.2.3\poi-examples-5.2.3.jar;C:\Libraries\poi-bin-5.2.3\poi-excelant-5.2.3.jar;C:\Libraries\poi-bin-5.2.3\poi-javadoc-5.2.3.jar;C:\Libraries\poi-bin-5.2.3\poi-ooxml-5.2.3.jar;C:\Libraries\poi-bin-5.2.3\poi-ooxml-full-5.2.3.jar;C:\Libraries\poi-bin-5.2.3\poi-ooxml-lite-5.2.3.jar;C:\Libraries\poi-bin-5.2.3\poi-scratchpad-5.2.3.jar;C:\Libraries\poi-bin-5.2.3\ooxml-lib\commons-compress-1.21.jar;C:\Libraries\poi-bin-5.2.3\ooxml-lib\commons-logging-1.2.jar;C:\Libraries\poi-bin-5.2.3\ooxml-lib\curvesapi-1.07.jar;C:\Libraries\poi-bin-5.2.3\ooxml-lib\jakarta.activation-2.0.1.jar;C:\Libraries\poi-bin-5.2.3\ooxml-lib\jakarta.xml.bind-api-3.0.1.jar;C:\Libraries\poi-bin-5.2.3\ooxml-lib\slf4j-api-1.7.36.jar;C:\Libraries\poi-bin-5.2.3\ooxml-lib\xmlbeans-5.1.1.jar;C:\Libraries\poi-bin-5.2.3\lib\SparseBitSet-1.2.jar;C:\Libraries\poi-bin-5.2.3\lib\commons-codec-1.15.jar;C:\Libraries\poi-bin-5.2.3\lib\commons-collections4-4.4.jar;C:\Libraries\poi-bin-5.2.3\lib\commons-io-2.11.0.jar;C:\Libraries\poi-bin-5.2.3\lib\commons-math3-3.6.1.jar;C:\Libraries\poi-bin-5.2.3\lib\log4j-api-2.18.0.jar:C:\Libraries\openjfx-17.0.11_windows-x64_bin-sdk\javafx-sdk-17.0.11\lib\javafx-swt.jar;C:\Libraries\openjfx-17.0.11_windows-x64_bin-sdk\javafx-sdk-17.0.11\lib\javafx.base.jar;C:\Libraries\openjfx-17.0.11_windows-x64_bin-sdk\javafx-sdk-17.0.11\lib\javafx.controls.jar;C:\Libraries\openjfx-17.0.11_windows-x64_bin-sdk\javafx-sdk-17.0.11\lib\javafx.fxml.jar;C:\Libraries\openjfx-17.0.11_windows-x64_bin-sdk\javafx-sdk-17.0.11\lib\javafx.graphics.jar;C:\Libraries\openjfx-17.0.11_windows-x64_bin-sdk\javafx-sdk-17.0.11\lib\javafx.media.jar;C:\Libraries\openjfx-17.0.11_windows-x64_bin-sdk\javafx-sdk-17.0.11\lib\javafx.swing.jar;C:\Libraries\openjfx-17.0.11_windows-x64_bin-sdk\javafx-sdk-17.0.11\lib\javafx.web.jar:C:\Libraries\jar_slf4j_2.1.0:build/classes" />
    <property name="ant.project.default-target" value="default" />
    <property name="excludes" value="" />
    <property name="libs.javaee-api-7.0.src" value="" />
    <property name="run.test.jvmargs" value="" />
    <property name="libs.junit_4.javadoc" value="C:\Program Files\NetBeans-19\netbeans\platform\docs\junit-4.13.2-javadoc.jar" />
    <property name="sun.jnu.encoding" value="Cp1252" />
    <property name="jnlp.offline-allowed" value="false" />
    <property name="libs.spring-webmvc4.0.src" value="" />
    <property name="sun.java2d.dpiaware" value="true" />
    <property name="ant.file.type.CoilVic-impl" value="file" />
    <property name="main.class.available" value="true" />
    <property name="libs.jsf20.javadoc" value="C:\Program Files\NetBeans-19\netbeans\enterprise\docs\javaee-doc-api.jar" />
    <property name="netbeans.importclass" value="org.netbeans.upgrade.AutoUpgrade" />
    <property name="jar.archive.disabled" value="false" />
    <property name="libs.log4j.classpath" value="C:\Libraries\log4j_1.2.17\log4j-1.2.17.jar" />
    <property name="netbeans.autoupdate.version" value="1.23" />
    <property name="empty.dir" value="C:\Users\axel_\OneDrive\Escritorio\coilvic\coilvic2.0\javaapplication2\build\empty" />
    <property name="libs.jakartaee-api-10.0.classpath" value="C:\Program Files\NetBeans-19\netbeans\enterprise\modules\ext\jakarta.jakartaee-api-10.0.0.jar" />
    <property name="ant.file.CoilVic-impl" value="C:\Users\axel_\OneDrive\Escritorio\coilvic\coilvic2.0\javaapplication2\nbproject\build-impl.xml" />
    <property name="netbeans.user" value="C:\Users\axel_\AppData\Roaming\NetBeans\19" />
    <property name="javac.includes.binary" value="C:\Users\axel_\OneDrive\Escritorio\coilvic\coilvic2.0\javaapplication2\build\test\classes\unit\test\ProfessorDAO\ProfessorUserAssignmentTest.class" />
    <property name="file.separator" value="\" />
    <property name="line.separator" value="&#xd;&#xa;" />
    <property name="javadoc.additionalparam" value="" />
    <property name="jnlp.signed" value="false" />
    <property name="libs.spring-webmvc5.0.classpath" value="C:\Program Files\NetBeans-19\netbeans\java\modules\ext\spring-5\spring-webmvc-5.2.9.RELEASE.jar" />
    <property name="test.method" value="testUserRegistration" />
    <property name="libs.restlib.maven-pom" value="" />
    <property name="javac.debug" value="true" />
    <property name="libs.testng.classpath" value="C:\Program Files\NetBeans-19\netbeans\platform\modules\ext\testng-6.14.3.jar;C:\Program Files\NetBeans-19\netbeans\platform\modules\ext\jcommander-1.78.jar" />
    <property name="libs.jsp-compiler.src" value="" />
    <property name="user.name" value="axel_" />
    <property name="build.classes.dir" value="build/classes" />
    <property name="nb.junit.single" value="true" />
    <property name="javadoc.windowtitle" value="" />
    <property name="nb.internal.action.name" value="run.single.method" />
    <property name="libs.javaee-api-8.0.maven-pom" value="" />
    <property name="libs.jaxws21.src" value="" />
    <property name="libs.jakartaee-web-api-9.0.javadoc" value="C:\Program Files\NetBeans-19\netbeans\enterprise\docs\jakartaee9-doc-api.jar" />
    <property name="apple.awt.application.appearance" value="system" />
    <property name="jna.loaded" value="true" />
    <property name="libs.JAVAFX17.src" value="" />
    <property name="libs.junit_5.maven-pom" value="" />
    <property name="libs.jpa20-persistence.javadoc" value="C:\Program Files\NetBeans-19\netbeans\java\modules\ext\docs\jakarta.persistence-2.2.3-doc.zip" />
    <property name="ant.junit.enabletestlistenerevents" value="true" />
    <property name="libs.JWSAntTasks.src" value="" />
    <property name="libs.spring-webmvc3.0.src" value="" />
    <property name="ant.home" value="C:\Program Files\NetBeans-19\netbeans\extide\ant" />
    <property name="have.tests" value="true" />
    <property name="javac.external.vm" value="false" />
    <property name="debug.test.classpath" value="C:\Program Files\NetBeans-19\netbeans\platform\modules\ext\junit-4.13.2.jar:C:\Program Files\NetBeans-19\netbeans\platform\modules\ext\hamcrest-core-1.3.jar:C:\Program Files\NetBeans-19\netbeans\platform\modules\ext\junit-jupiter-api-5.6.0.jar;C:\Program Files\NetBeans-19\netbeans\platform\modules\ext\junit-jupiter-params-5.6.0.jar;C:\Program Files\NetBeans-19\netbeans\platform\modules\ext\junit-jupiter-engine-5.6.0.jar:C:\Libraries\jar_mysql_8.0.33\mysql-connector-j-8.0.33.jar:C:\Libraries\log4j_1.2.17\log4j-1.2.17.jar:C:\Libraries\jar_mail:C:\Libraries\log4j_1.2.17\log4j-1.2.17.jar:C:\Libraries\iText7-Core-7.1.4;C:\Libraries\iText7-Core-7.1.4\barcodes-7.1.4-javadoc.jar;C:\Libraries\iText7-Core-7.1.4\barcodes-7.1.4-sources.jar;C:\Libraries\iText7-Core-7.1.4\barcodes-7.1.4.jar;C:\Libraries\iText7-Core-7.1.4\font-asian-7.1.4.jar;C:\Libraries\iText7-Core-7.1.4\forms-7.1.4-javadoc.jar;C:\Libraries\iText7-Core-7.1.4\forms-7.1.4-sources.jar;C:\Libraries\iText7-Core-7.1.4\forms-7.1.4.jar;C:\Libraries\iText7-Core-7.1.4\hyph-7.1.4.jar;C:\Libraries\iText7-Core-7.1.4\io-7.1.4-javadoc.jar;C:\Libraries\iText7-Core-7.1.4\io-7.1.4-sources.jar;C:\Libraries\iText7-Core-7.1.4\io-7.1.4.jar;C:\Libraries\iText7-Core-7.1.4\kernel-7.1.4-javadoc.jar;C:\Libraries\iText7-Core-7.1.4\kernel-7.1.4-sources.jar;C:\Libraries\iText7-Core-7.1.4\kernel-7.1.4.jar;C:\Libraries\iText7-Core-7.1.4\layout-7.1.4-javadoc.jar;C:\Libraries\iText7-Core-7.1.4\layout-7.1.4-sources.jar;C:\Libraries\iText7-Core-7.1.4\layout-7.1.4.jar;C:\Libraries\iText7-Core-7.1.4\pdfa-7.1.4-javadoc.jar;C:\Libraries\iText7-Core-7.1.4\pdfa-7.1.4-sources.jar;C:\Libraries\iText7-Core-7.1.4\pdfa-7.1.4.jar;C:\Libraries\iText7-Core-7.1.4\pdftest-7.1.4-javadoc.jar;C:\Libraries\iText7-Core-7.1.4\pdftest-7.1.4-sources.jar;C:\Libraries\iText7-Core-7.1.4\pdftest-7.1.4.jar;C:\Libraries\iText7-Core-7.1.4\sign-7.1.4-javadoc.jar;C:\Libraries\iText7-Core-7.1.4\sign-7.1.4-sources.jar;C:\Libraries\iText7-Core-7.1.4\sign-7.1.4.jar;C:\Libraries\iText7-Core-7.1.4\styled-xml-parser-7.1.4-javadoc.jar;C:\Libraries\iText7-Core-7.1.4\styled-xml-parser-7.1.4-sources.jar;C:\Libraries\iText7-Core-7.1.4\styled-xml-parser-7.1.4.jar;C:\Libraries\iText7-Core-7.1.4\svg-7.1.4-javadoc.jar;C:\Libraries\iText7-Core-7.1.4\svg-7.1.4-sources.jar;C:\Libraries\iText7-Core-7.1.4\svg-7.1.4.jar:C:\Libraries\jar_mail\javax-inject.jar;C:\Libraries\jar_mail\javax.activation-1.1.0.v201105071233.jar;C:\Libraries\jar_mail\javax.ejb.jar;C:\Libraries\jar_mail\javax.faces-api-2.0.jar;C:\Libraries\jar_mail\mail.jar:C:\Libraries\lib\javax.faces-api-2.0.jar::C:\Libraries\poi-bin-5.2.3\poi-5.2.3.jar;C:\Libraries\poi-bin-5.2.3\poi-examples-5.2.3.jar;C:\Libraries\poi-bin-5.2.3\poi-excelant-5.2.3.jar;C:\Libraries\poi-bin-5.2.3\poi-javadoc-5.2.3.jar;C:\Libraries\poi-bin-5.2.3\poi-ooxml-5.2.3.jar;C:\Libraries\poi-bin-5.2.3\poi-ooxml-full-5.2.3.jar;C:\Libraries\poi-bin-5.2.3\poi-ooxml-lite-5.2.3.jar;C:\Libraries\poi-bin-5.2.3\poi-scratchpad-5.2.3.jar;C:\Libraries\poi-bin-5.2.3\ooxml-lib\commons-compress-1.21.jar;C:\Libraries\poi-bin-5.2.3\ooxml-lib\commons-logging-1.2.jar;C:\Libraries\poi-bin-5.2.3\ooxml-lib\curvesapi-1.07.jar;C:\Libraries\poi-bin-5.2.3\ooxml-lib\jakarta.activation-2.0.1.jar;C:\Libraries\poi-bin-5.2.3\ooxml-lib\jakarta.xml.bind-api-3.0.1.jar;C:\Libraries\poi-bin-5.2.3\ooxml-lib\slf4j-api-1.7.36.jar;C:\Libraries\poi-bin-5.2.3\ooxml-lib\xmlbeans-5.1.1.jar;C:\Libraries\poi-bin-5.2.3\lib\SparseBitSet-1.2.jar;C:\Libraries\poi-bin-5.2.3\lib\commons-codec-1.15.jar;C:\Libraries\poi-bin-5.2.3\lib\commons-collections4-4.4.jar;C:\Libraries\poi-bin-5.2.3\lib\commons-io-2.11.0.jar;C:\Libraries\poi-bin-5.2.3\lib\commons-math3-3.6.1.jar;C:\Libraries\poi-bin-5.2.3\lib\log4j-api-2.18.0.jar:C:\Libraries\openjfx-17.0.11_windows-x64_bin-sdk\javafx-sdk-17.0.11\lib\javafx-swt.jar;C:\Libraries\openjfx-17.0.11_windows-x64_bin-sdk\javafx-sdk-17.0.11\lib\javafx.base.jar;C:\Libraries\openjfx-17.0.11_windows-x64_bin-sdk\javafx-sdk-17.0.11\lib\javafx.controls.jar;C:\Libraries\openjfx-17.0.11_windows-x64_bin-sdk\javafx-sdk-17.0.11\lib\javafx.fxml.jar;C:\Libraries\openjfx-17.0.11_windows-x64_bin-sdk\javafx-sdk-17.0.11\lib\javafx.graphics.jar;C:\Libraries\openjfx-17.0.11_windows-x64_bin-sdk\javafx-sdk-17.0.11\lib\javafx.media.jar;C:\Libraries\openjfx-17.0.11_windows-x64_bin-sdk\javafx-sdk-17.0.11\lib\javafx.swing.jar;C:\Libraries\openjfx-17.0.11_windows-x64_bin-sdk\javafx-sdk-17.0.11\lib\javafx.web.jar:C:\Libraries\jar_slf4j_2.1.0:build/classes:build/test/classes" />
    <property name="testng.debug.mode" value="" />
    <property name="jnlp.signing" value="" />
    <property name="javac.target" value="17" />
    <property name="ant.version" value="Apache Ant(TM) version 1.10.8 compiled on May 10 2020" />
    <property name="libs.absolutelayout.maven-pom" value="" />
    <property name="java.failonerror" value="true" />
    <property name="libs.spring-framework500.src" value="" />
    <property name="javac.modulepath" value="" />
    <property name="libs.javaee-api-6.0.src" value="" />
    <property name="user.properties.file" value="C:\Users\axel_\AppData\Roaming\NetBeans\19\build.properties" />
    <property name="javac.includes" value="unit/test/ProfessorDAO/ProfessorUserAssignmentTest.java" />
    <property name="netbeans.autoupdate.country" value="US" />
    <property name="java.class.path" value="C:\Program Files\NetBeans-19\netbeans\platform\modules\ext\junit-4.13.2.jar;C:\Program Files\NetBeans-19\netbeans\platform\modules\ext\hamcrest-core-1.3.jar;C:\Program Files\NetBeans-19\netbeans\platform\modules\ext\junit-jupiter-api-5.6.0.jar;C:\Program Files\NetBeans-19\netbeans\platform\modules\ext\junit-jupiter-params-5.6.0.jar;C:\Program Files\NetBeans-19\netbeans\platform\modules\ext\junit-jupiter-engine-5.6.0.jar;C:\Libraries\jar_mysql_8.0.33\mysql-connector-j-8.0.33.jar;C:\Libraries\log4j_1.2.17\log4j-1.2.17.jar;C:\Libraries\jar_mail;C:\Libraries\iText7-Core-7.1.4;C:\Libraries\iText7-Core-7.1.4\barcodes-7.1.4-javadoc.jar;C:\Libraries\iText7-Core-7.1.4\barcodes-7.1.4-sources.jar;C:\Libraries\iText7-Core-7.1.4\barcodes-7.1.4.jar;C:\Libraries\iText7-Core-7.1.4\font-asian-7.1.4.jar;C:\Libraries\iText7-Core-7.1.4\forms-7.1.4-javadoc.jar;C:\Libraries\iText7-Core-7.1.4\forms-7.1.4-sources.jar;C:\Libraries\iText7-Core-7.1.4\forms-7.1.4.jar;C:\Libraries\iText7-Core-7.1.4\hyph-7.1.4.jar;C:\Libraries\iText7-Core-7.1.4\io-7.1.4-javadoc.jar;C:\Libraries\iText7-Core-7.1.4\io-7.1.4-sources.jar;C:\Libraries\iText7-Core-7.1.4\io-7.1.4.jar;C:\Libraries\iText7-Core-7.1.4\kernel-7.1.4-javadoc.jar;C:\Libraries\iText7-Core-7.1.4\kernel-7.1.4-sources.jar;C:\Libraries\iText7-Core-7.1.4\kernel-7.1.4.jar;C:\Libraries\iText7-Core-7.1.4\layout-7.1.4-javadoc.jar;C:\Libraries\iText7-Core-7.1.4\layout-7.1.4-sources.jar;C:\Libraries\iText7-Core-7.1.4\layout-7.1.4.jar;C:\Libraries\iText7-Core-7.1.4\pdfa-7.1.4-javadoc.jar;C:\Libraries\iText7-Core-7.1.4\pdfa-7.1.4-sources.jar;C:\Libraries\iText7-Core-7.1.4\pdfa-7.1.4.jar;C:\Libraries\iText7-Core-7.1.4\pdftest-7.1.4-javadoc.jar;C:\Libraries\iText7-Core-7.1.4\pdftest-7.1.4-sources.jar;C:\Libraries\iText7-Core-7.1.4\pdftest-7.1.4.jar;C:\Libraries\iText7-Core-7.1.4\sign-7.1.4-javadoc.jar;C:\Libraries\iText7-Core-7.1.4\sign-7.1.4-sources.jar;C:\Libraries\iText7-Core-7.1.4\sign-7.1.4.jar;C:\Libraries\iText7-Core-7.1.4\styled-xml-parser-7.1.4-javadoc.jar;C:\Libraries\iText7-Core-7.1.4\styled-xml-parser-7.1.4-sources.jar;C:\Libraries\iText7-Core-7.1.4\styled-xml-parser-7.1.4.jar;C:\Libraries\iText7-Core-7.1.4\svg-7.1.4-javadoc.jar;C:\Libraries\iText7-Core-7.1.4\svg-7.1.4-sources.jar;C:\Libraries\iText7-Core-7.1.4\svg-7.1.4.jar;C:\Libraries\jar_mail\javax-inject.jar;C:\Libraries\jar_mail\javax.activation-1.1.0.v201105071233.jar;C:\Libraries\jar_mail\javax.ejb.jar;C:\Libraries\jar_mail\javax.faces-api-2.0.jar;C:\Libraries\jar_mail\mail.jar;C:\Libraries\poi-bin-5.2.3\poi-5.2.3.jar;C:\Libraries\poi-bin-5.2.3\poi-examples-5.2.3.jar;C:\Libraries\poi-bin-5.2.3\poi-excelant-5.2.3.jar;C:\Libraries\poi-bin-5.2.3\poi-javadoc-5.2.3.jar;C:\Libraries\poi-bin-5.2.3\poi-ooxml-5.2.3.jar;C:\Libraries\poi-bin-5.2.3\poi-ooxml-full-5.2.3.jar;C:\Libraries\poi-bin-5.2.3\poi-ooxml-lite-5.2.3.jar;C:\Libraries\poi-bin-5.2.3\poi-scratchpad-5.2.3.jar;C:\Libraries\poi-bin-5.2.3\ooxml-lib\commons-compress-1.21.jar;C:\Libraries\poi-bin-5.2.3\ooxml-lib\commons-logging-1.2.jar;C:\Libraries\poi-bin-5.2.3\ooxml-lib\curvesapi-1.07.jar;C:\Libraries\poi-bin-5.2.3\ooxml-lib\jakarta.activation-2.0.1.jar;C:\Libraries\poi-bin-5.2.3\ooxml-lib\jakarta.xml.bind-api-3.0.1.jar;C:\Libraries\poi-bin-5.2.3\ooxml-lib\slf4j-api-1.7.36.jar;C:\Libraries\poi-bin-5.2.3\ooxml-lib\xmlbeans-5.1.1.jar;C:\Libraries\poi-bin-5.2.3\lib\SparseBitSet-1.2.jar;C:\Libraries\poi-bin-5.2.3\lib\commons-codec-1.15.jar;C:\Libraries\poi-bin-5.2.3\lib\commons-collections4-4.4.jar;C:\Libraries\poi-bin-5.2.3\lib\commons-io-2.11.0.jar;C:\Libraries\poi-bin-5.2.3\lib\commons-math3-3.6.1.jar;C:\Libraries\poi-bin-5.2.3\lib\log4j-api-2.18.0.jar;C:\Libraries\openjfx-17.0.11_windows-x64_bin-sdk\javafx-sdk-17.0.11\lib\javafx-swt.jar;C:\Libraries\openjfx-17.0.11_windows-x64_bin-sdk\javafx-sdk-17.0.11\lib\javafx.base.jar;C:\Libraries\openjfx-17.0.11_windows-x64_bin-sdk\javafx-sdk-17.0.11\lib\javafx.controls.jar;C:\Libraries\openjfx-17.0.11_windows-x64_bin-sdk\javafx-sdk-17.0.11\lib\javafx.fxml.jar;C:\Libraries\openjfx-17.0.11_windows-x64_bin-sdk\javafx-sdk-17.0.11\lib\javafx.graphics.jar;C:\Libraries\openjfx-17.0.11_windows-x64_bin-sdk\javafx-sdk-17.0.11\lib\javafx.media.jar;C:\Libraries\openjfx-17.0.11_windows-x64_bin-sdk\javafx-sdk-17.0.11\lib\javafx.swing.jar;C:\Libraries\openjfx-17.0.11_windows-x64_bin-sdk\javafx-sdk-17.0.11\lib\javafx.web.jar;C:\Libraries\jar_slf4j_2.1.0;C:\Users\axel_\OneDrive\Escritorio\coilvic\coilvic2.0\javaapplication2\build\classes;C:\Users\axel_\OneDrive\Escritorio\coilvic\coilvic2.0\javaapplication2\build\test\classes;C:\Program Files\NetBeans-19\netbeans\extide\ant\lib\ant-launcher.jar;C:\Program Files\NetBeans-19\netbeans\extide\ant\lib\ant.jar;C:\Program Files\NetBeans-19\netbeans\extide\ant\lib\ant-junit.jar;C:\Program Files\NetBeans-19\netbeans\extide\ant\lib\ant-junit4.jar" />
    <property name="libs.javaee-web-api-6.0.maven-pom" value="" />
    <property name="libs.Mail.src" value="" />
    <property name="java.vm.vendor" value="Eclipse Adoptium" />
    <property name="ap.supported.internal" value="true" />
    <property name="user.variant" value="" />
    <property name="netbeans.home+have.tests" value="true" />
    <property name="libs.text7-core.src" value="" />
    <property name="test.binaryexcludes" value="" />
    <property name="javac.compilerargs" value="" />
    <property name="libs.jstl.maven-pom" value="" />
    <property name="libs.jakartaee-web-api-8.0.src" value="" />
    <property name="sun.cpu.endian" value="little" />
    <property name="libs.jakartaee-api-9.0.src" value="" />
    <property name="libs.junit_4.src" value="C:\Program Files\NetBeans-19\netbeans\platform\docs\junit-4.13.2-sources.jar" />
    <property name="user.language" value="es" />
    <property name="copylibs.rebase" value="true" />
    <property name="libs.javaee-web-api-6.0.src" value="" />
    <property name="maven.defaultProjectBuilder.disableGlobalModelCache" value="true" />
    <property name="javadoc.nonavbar" value="false" />
    <property name="libs.javaee-api-8.0.src" value="" />
    <property name="ant.java.version" value="17" />
    <property name="libs.junit_4.classpath" value="C:\Program Files\NetBeans-19\netbeans\platform\modules\ext\junit-4.13.2.jar" />
    <property name="libs.jakartaee-api-9.0.javadoc" value="C:\Program Files\NetBeans-19\netbeans\enterprise\docs\jakartaee9-doc-api.jar" />
    <property name="jlink.launcher.name" value="CoilVic" />
    <property name="test.binarytestincludes" value="" />
    <property name="libs.log4j.maven-pom" value="" />
    <property name="sun.awt.keepWorkingSetOnMinimize" value="true" />
    <property name="libs.junit_4.maven-pom" value="" />
    <property name="libs.spring-webmvc5.0.maven-pom" value="" />
    <property name="runtime.encoding" value="UTF-8" />
    <property name="libs.jsp-compiler.maven-pom" value="" />
    <property name="jlink.additionalmodules" value="" />
    <property name="libs.jakartaee-web-api-10.0.javadoc" value="C:\Program Files\NetBeans-19\netbeans\enterprise\docs\jakartaee10-doc-api.jar" />
    <property name="libs.jakartaee-web-api-8.0.classpath" value="C:\Program Files\NetBeans-19\netbeans\enterprise\modules\ext\jakarta.jakartaee-web-api-8.0.0.jar" />
    <property name="javac.classpath" value="C:\Program Files\NetBeans-19\netbeans\platform\modules\ext\junit-4.13.2.jar:C:\Program Files\NetBeans-19\netbeans\platform\modules\ext\hamcrest-core-1.3.jar:C:\Program Files\NetBeans-19\netbeans\platform\modules\ext\junit-jupiter-api-5.6.0.jar;C:\Program Files\NetBeans-19\netbeans\platform\modules\ext\junit-jupiter-params-5.6.0.jar;C:\Program Files\NetBeans-19\netbeans\platform\modules\ext\junit-jupiter-engine-5.6.0.jar:C:\Libraries\jar_mysql_8.0.33\mysql-connector-j-8.0.33.jar:C:\Libraries\log4j_1.2.17\log4j-1.2.17.jar:C:\Libraries\jar_mail:C:\Libraries\log4j_1.2.17\log4j-1.2.17.jar:C:\Libraries\iText7-Core-7.1.4;C:\Libraries\iText7-Core-7.1.4\barcodes-7.1.4-javadoc.jar;C:\Libraries\iText7-Core-7.1.4\barcodes-7.1.4-sources.jar;C:\Libraries\iText7-Core-7.1.4\barcodes-7.1.4.jar;C:\Libraries\iText7-Core-7.1.4\font-asian-7.1.4.jar;C:\Libraries\iText7-Core-7.1.4\forms-7.1.4-javadoc.jar;C:\Libraries\iText7-Core-7.1.4\forms-7.1.4-sources.jar;C:\Libraries\iText7-Core-7.1.4\forms-7.1.4.jar;C:\Libraries\iText7-Core-7.1.4\hyph-7.1.4.jar;C:\Libraries\iText7-Core-7.1.4\io-7.1.4-javadoc.jar;C:\Libraries\iText7-Core-7.1.4\io-7.1.4-sources.jar;C:\Libraries\iText7-Core-7.1.4\io-7.1.4.jar;C:\Libraries\iText7-Core-7.1.4\kernel-7.1.4-javadoc.jar;C:\Libraries\iText7-Core-7.1.4\kernel-7.1.4-sources.jar;C:\Libraries\iText7-Core-7.1.4\kernel-7.1.4.jar;C:\Libraries\iText7-Core-7.1.4\layout-7.1.4-javadoc.jar;C:\Libraries\iText7-Core-7.1.4\layout-7.1.4-sources.jar;C:\Libraries\iText7-Core-7.1.4\layout-7.1.4.jar;C:\Libraries\iText7-Core-7.1.4\pdfa-7.1.4-javadoc.jar;C:\Libraries\iText7-Core-7.1.4\pdfa-7.1.4-sources.jar;C:\Libraries\iText7-Core-7.1.4\pdfa-7.1.4.jar;C:\Libraries\iText7-Core-7.1.4\pdftest-7.1.4-javadoc.jar;C:\Libraries\iText7-Core-7.1.4\pdftest-7.1.4-sources.jar;C:\Libraries\iText7-Core-7.1.4\pdftest-7.1.4.jar;C:\Libraries\iText7-Core-7.1.4\sign-7.1.4-javadoc.jar;C:\Libraries\iText7-Core-7.1.4\sign-7.1.4-sources.jar;C:\Libraries\iText7-Core-7.1.4\sign-7.1.4.jar;C:\Libraries\iText7-Core-7.1.4\styled-xml-parser-7.1.4-javadoc.jar;C:\Libraries\iText7-Core-7.1.4\styled-xml-parser-7.1.4-sources.jar;C:\Libraries\iText7-Core-7.1.4\styled-xml-parser-7.1.4.jar;C:\Libraries\iText7-Core-7.1.4\svg-7.1.4-javadoc.jar;C:\Libraries\iText7-Core-7.1.4\svg-7.1.4-sources.jar;C:\Libraries\iText7-Core-7.1.4\svg-7.1.4.jar:C:\Libraries\jar_mail\javax-inject.jar;C:\Libraries\jar_mail\javax.activation-1.1.0.v201105071233.jar;C:\Libraries\jar_mail\javax.ejb.jar;C:\Libraries\jar_mail\javax.faces-api-2.0.jar;C:\Libraries\jar_mail\mail.jar:C:\Libraries\lib\javax.faces-api-2.0.jar::C:\Libraries\poi-bin-5.2.3\poi-5.2.3.jar;C:\Libraries\poi-bin-5.2.3\poi-examples-5.2.3.jar;C:\Libraries\poi-bin-5.2.3\poi-excelant-5.2.3.jar;C:\Libraries\poi-bin-5.2.3\poi-javadoc-5.2.3.jar;C:\Libraries\poi-bin-5.2.3\poi-ooxml-5.2.3.jar;C:\Libraries\poi-bin-5.2.3\poi-ooxml-full-5.2.3.jar;C:\Libraries\poi-bin-5.2.3\poi-ooxml-lite-5.2.3.jar;C:\Libraries\poi-bin-5.2.3\poi-scratchpad-5.2.3.jar;C:\Libraries\poi-bin-5.2.3\ooxml-lib\commons-compress-1.21.jar;C:\Libraries\poi-bin-5.2.3\ooxml-lib\commons-logging-1.2.jar;C:\Libraries\poi-bin-5.2.3\ooxml-lib\curvesapi-1.07.jar;C:\Libraries\poi-bin-5.2.3\ooxml-lib\jakarta.activation-2.0.1.jar;C:\Libraries\poi-bin-5.2.3\ooxml-lib\jakarta.xml.bind-api-3.0.1.jar;C:\Libraries\poi-bin-5.2.3\ooxml-lib\slf4j-api-1.7.36.jar;C:\Libraries\poi-bin-5.2.3\ooxml-lib\xmlbeans-5.1.1.jar;C:\Libraries\poi-bin-5.2.3\lib\SparseBitSet-1.2.jar;C:\Libraries\poi-bin-5.2.3\lib\commons-codec-1.15.jar;C:\Libraries\poi-bin-5.2.3\lib\commons-collections4-4.4.jar;C:\Libraries\poi-bin-5.2.3\lib\commons-io-2.11.0.jar;C:\Libraries\poi-bin-5.2.3\lib\commons-math3-3.6.1.jar;C:\Libraries\poi-bin-5.2.3\lib\log4j-api-2.18.0.jar:C:\Libraries\openjfx-17.0.11_windows-x64_bin-sdk\javafx-sdk-17.0.11\lib\javafx-swt.jar;C:\Libraries\openjfx-17.0.11_windows-x64_bin-sdk\javafx-sdk-17.0.11\lib\javafx.base.jar;C:\Libraries\openjfx-17.0.11_windows-x64_bin-sdk\javafx-sdk-17.0.11\lib\javafx.controls.jar;C:\Libraries\openjfx-17.0.11_windows-x64_bin-sdk\javafx-sdk-17.0.11\lib\javafx.fxml.jar;C:\Libraries\openjfx-17.0.11_windows-x64_bin-sdk\javafx-sdk-17.0.11\lib\javafx.graphics.jar;C:\Libraries\openjfx-17.0.11_windows-x64_bin-sdk\javafx-sdk-17.0.11\lib\javafx.media.jar;C:\Libraries\openjfx-17.0.11_windows-x64_bin-sdk\javafx-sdk-17.0.11\lib\javafx.swing.jar;C:\Libraries\openjfx-17.0.11_windows-x64_bin-sdk\javafx-sdk-17.0.11\lib\javafx.web.jar:C:\Libraries\jar_slf4j_2.1.0" />
    <property name="dist.jlink.dir" value="dist/jlink" />
    <property name="nb.junit.batch" value="false" />
    <property name="libs.jakartaee-web-api-10.0.maven-pom" value="" />
    <property name="build.test.classes.dir" value="build/test/classes" />
    <property name="libs.spring-framework300.maven-pom" value="" />
    <property name="ant.project.invoked-targets" value="test-single-method" />
    <property name="libs.jstl.classpath" value="C:\Program Files\NetBeans-19\netbeans\enterprise\modules\ext\jstl-impl.jar;C:\Program Files\NetBeans-19\netbeans\enterprise\modules\ext\jstl-api.jar" />
    <property name="ap.cmd.line.internal" value="" />
    <property name="libs.PostgreSQLDriver.src" value="" />
    <property name="java.vendor.url.bug" value="https://github.com/adoptium/adoptium-support/issues" />
    <property name="annotation.processing.source.output" value="build/generated-sources/ap-source-output" />
    <property name="libs.javaee-endorsed-api-6.0.maven-pom" value="" />
    <property name="user.dir" value="C:\Users\axel_\OneDrive\Escritorio\coilvic\coilvic2.0\javaapplication2" />
    <property name="platform.java" value="C:\Users\axel_\AppData\Local\Programs\Eclipse Adoptium\jdk-17.0.9.9-hotspot/bin/java" />
    <property name="application.args" value="" />
    <property name="org.xml.sax.driver" value="com.sun.org.apache.xerces.internal.jaxp.SAXParserImpl$JAXPSAXParser" />
    <property name="libs.Inject.src" value="" />
    <property name="libs.jakartaee-web-api-8.0.maven-pom" value="" />
    <property name="libs.eclipselink.src" value="" />
    <property name="java.vm.version" value="17.0.9+9" />
    <property name="manifest.custom.codebase" value="" />
    <property name="libs.metro.javadoc" value="C:\Program Files\NetBeans-19\netbeans\enterprise\docs\webservices-api-javadoc.jar;C:\Program Files\NetBeans-19\netbeans\enterprise\docs\webservices-extra-javadoc.jar;C:\Program Files\NetBeans-19\netbeans\enterprise\docs\webservices-extra-api-javadoc.jar;C:\Program Files\NetBeans-19\netbeans\enterprise\docs\webservices-rt-javadoc.jar;C:\Program Files\NetBeans-19\netbeans\enterprise\docs\webservices-tools-javadoc.jar" />
    <property name="libs.jakartaee-web-api-9.0.src" value="" />
    <property name="libs.Faces_api.javadoc" value="" />
    <property name="libs.jakartaee-web-api-10.0.classpath" value="C:\Program Files\NetBeans-19\netbeans\enterprise\modules\ext\jakarta.jakartaee-web-api-10.0.0.jar" />
    <property name="test.class" value="unit.test.ProfessorDAO.ProfessorUserAssignmentTest" />
    <property name="sun.awt.datatransfer.timeout" value="1000" />
    <property name="libs.javaee-web-api-7.0.src" value="" />
    <property name="annotation.processing.run.all.processors" value="true" />
    <property name="junit.forkmode" value="perTest" />
    <property name="libs.jsp-compiler.classpath" value="C:\Program Files\NetBeans-19\netbeans\enterprise\ant\extra\jspcompile.jar" />
    <property name="libs.jakartaee-api-8.0.src" value="" />
    <property name="libs.javaee-endorsed-api-6.0.classpath" value="C:\Program Files\NetBeans-19\netbeans\enterprise\modules\ext\javaee6-endorsed\javax.annotation.jar;C:\Program Files\NetBeans-19\netbeans\enterprise\modules\ext\javaee6-endorsed\jaxb-api-osgi.jar;C:\Program Files\NetBeans-19\netbeans\enterprise\modules\ext\javaee6-endorsed\webservices-api-osgi.jar" />
  </properties>
  <testcase classname="unit.test.ProfessorDAO.ProfessorUserAssignmentTest" name="testUserRegistration" time="0.371" />
  <system-out><![CDATA[]]></system-out>
  <system-err><![CDATA[may. 25, 2024 2:13:46 P. M. unit.test.ProfessorDAO.ProfessorUserAssignmentTest setUp
GRAVE: null
mx.fei.coilvicapp.logic.implementations.DAOException: No fue posible registrar al profesor
	at mx.fei.coilvicapp.logic.professor.ProfessorDAO.insertProfessorTransaction(ProfessorDAO.java:101)
	at mx.fei.coilvicapp.logic.professor.ProfessorDAO.registerProfessor(ProfessorDAO.java:62)
	at unit.test.ProfessorDAO.ProfessorUserAssignmentTest.setUp(ProfessorUserAssignmentTest.java:28)
	at java.base/jdk.internal.reflect.NativeMethodAccessorImpl.invoke0(Native Method)
	at java.base/jdk.internal.reflect.NativeMethodAccessorImpl.invoke(NativeMethodAccessorImpl.java:77)
	at java.base/jdk.internal.reflect.DelegatingMethodAccessorImpl.invoke(DelegatingMethodAccessorImpl.java:43)
	at java.base/java.lang.reflect.Method.invoke(Method.java:568)
	at org.junit.runners.model.FrameworkMethod$1.runReflectiveCall(FrameworkMethod.java:59)
	at org.junit.internal.runners.model.ReflectiveCallable.run(ReflectiveCallable.java:12)
	at org.junit.runners.model.FrameworkMethod.invokeExplosively(FrameworkMethod.java:56)
	at org.junit.internal.runners.statements.RunBefores.invokeMethod(RunBefores.java:33)
	at org.junit.internal.runners.statements.RunBefores.evaluate(RunBefores.java:24)
	at org.junit.internal.runners.statements.RunAfters.evaluate(RunAfters.java:27)
	at org.junit.runners.ParentRunner$3.evaluate(ParentRunner.java:306)
	at org.junit.runners.BlockJUnit4ClassRunner$1.evaluate(BlockJUnit4ClassRunner.java:100)
	at org.junit.runners.ParentRunner.runLeaf(ParentRunner.java:366)
	at org.junit.runners.BlockJUnit4ClassRunner.runChild(BlockJUnit4ClassRunner.java:103)
	at org.junit.runners.BlockJUnit4ClassRunner.runChild(BlockJUnit4ClassRunner.java:63)
	at org.junit.runners.ParentRunner$4.run(ParentRunner.java:331)
	at org.junit.runners.ParentRunner$1.schedule(ParentRunner.java:79)
	at org.junit.runners.ParentRunner.runChildren(ParentRunner.java:329)
	at org.junit.runners.ParentRunner.access$100(ParentRunner.java:66)
	at org.junit.runners.ParentRunner$2.evaluate(ParentRunner.java:293)
	at org.junit.runners.ParentRunner$3.evaluate(ParentRunner.java:306)
	at org.junit.runners.ParentRunner.run(ParentRunner.java:413)
	at org.apache.tools.ant.taskdefs.optional.junit.JUnit4TestMethodAdapter.run(JUnit4TestMethodAdapter.java:109)
	at org.apache.tools.ant.taskdefs.optional.junit.JUnitTestRunner.run(JUnitTestRunner.java:534)
	at org.apache.tools.ant.taskdefs.optional.junit.JUnitTestRunner.launch(JUnitTestRunner.java:1196)
	at org.apache.tools.ant.taskdefs.optional.junit.JUnitTestRunner.main(JUnitTestRunner.java:1041)

]]></system-err>
</testsuite>
